[2024-03-26T16:09:03.429+0000] {manager.py:469} INFO - Processing files using up to 2 processes at a time 
[2024-03-26T16:09:03.431+0000] {manager.py:470} INFO - Process each file at most once every 30 seconds
[2024-03-26T16:09:03.432+0000] {manager.py:471} INFO - Checking for new files in /opt/airflow/dags every 15 seconds
[2024-03-26T16:09:03.432+0000] {manager.py:738} INFO - Searching for files in /opt/airflow/dags
[2024-03-26T16:09:03.435+0000] {manager.py:741} INFO - There are 0 files in /opt/airflow/dags
[2024-03-26T16:09:18.666+0000] {manager.py:738} INFO - Searching for files in /opt/airflow/dags
[2024-03-26T16:09:18.672+0000] {manager.py:741} INFO - There are 0 files in /opt/airflow/dags
[2024-03-26T16:09:33.847+0000] {manager.py:738} INFO - Searching for files in /opt/airflow/dags
[2024-03-26T16:09:33.853+0000] {manager.py:741} INFO - There are 0 files in /opt/airflow/dags
[2024-03-26T16:09:49.047+0000] {manager.py:738} INFO - Searching for files in /opt/airflow/dags
[2024-03-26T16:09:49.057+0000] {manager.py:741} INFO - There are 0 files in /opt/airflow/dags
[2024-03-26T16:10:04.267+0000] {manager.py:738} INFO - Searching for files in /opt/airflow/dags
[2024-03-26T16:10:04.273+0000] {manager.py:741} INFO - There are 0 files in /opt/airflow/dags
[2024-03-26T16:10:19.421+0000] {manager.py:738} INFO - Searching for files in /opt/airflow/dags
[2024-03-26T16:10:19.428+0000] {manager.py:741} INFO - There are 0 files in /opt/airflow/dags
[2024-03-26T16:10:34.602+0000] {manager.py:738} INFO - Searching for files in /opt/airflow/dags
[2024-03-26T16:10:34.605+0000] {manager.py:741} INFO - There are 0 files in /opt/airflow/dags
[2024-03-26T16:10:49.783+0000] {manager.py:738} INFO - Searching for files in /opt/airflow/dags
[2024-03-26T16:10:49.791+0000] {manager.py:741} INFO - There are 0 files in /opt/airflow/dags
[2024-03-26T16:11:05.056+0000] {manager.py:738} INFO - Searching for files in /opt/airflow/dags
[2024-03-26T16:11:05.064+0000] {manager.py:741} INFO - There are 0 files in /opt/airflow/dags
[2024-03-26T16:11:20.268+0000] {manager.py:738} INFO - Searching for files in /opt/airflow/dags
[2024-03-26T16:11:20.276+0000] {manager.py:741} INFO - There are 0 files in /opt/airflow/dags
[2024-03-26T16:11:35.503+0000] {manager.py:738} INFO - Searching for files in /opt/airflow/dags
[2024-03-26T16:11:35.509+0000] {manager.py:741} INFO - There are 0 files in /opt/airflow/dags
[2024-03-26T16:11:50.691+0000] {manager.py:738} INFO - Searching for files in /opt/airflow/dags
[2024-03-26T16:11:50.694+0000] {manager.py:741} INFO - There are 0 files in /opt/airflow/dags
[2024-03-26T16:12:05.963+0000] {manager.py:738} INFO - Searching for files in /opt/airflow/dags
[2024-03-26T16:12:05.969+0000] {manager.py:741} INFO - There are 0 files in /opt/airflow/dags
[2024-03-26T16:12:21.201+0000] {manager.py:738} INFO - Searching for files in /opt/airflow/dags
[2024-03-26T16:12:21.208+0000] {manager.py:741} INFO - There are 0 files in /opt/airflow/dags
[2024-03-26T16:12:36.421+0000] {manager.py:738} INFO - Searching for files in /opt/airflow/dags
[2024-03-26T16:12:36.432+0000] {manager.py:741} INFO - There are 0 files in /opt/airflow/dags
[2024-03-26T16:12:51.618+0000] {manager.py:738} INFO - Searching for files in /opt/airflow/dags
[2024-03-26T16:12:51.627+0000] {manager.py:741} INFO - There are 0 files in /opt/airflow/dags
[2024-03-26T16:13:06.793+0000] {manager.py:738} INFO - Searching for files in /opt/airflow/dags
[2024-03-26T16:13:06.795+0000] {manager.py:741} INFO - There are 0 files in /opt/airflow/dags
[2024-03-26T16:13:21.920+0000] {manager.py:738} INFO - Searching for files in /opt/airflow/dags
[2024-03-26T16:13:21.922+0000] {manager.py:741} INFO - There are 0 files in /opt/airflow/dags
[2024-03-26T16:13:37.083+0000] {manager.py:738} INFO - Searching for files in /opt/airflow/dags
[2024-03-26T16:13:37.096+0000] {manager.py:741} INFO - There are 0 files in /opt/airflow/dags
[2024-03-26T16:13:52.306+0000] {manager.py:738} INFO - Searching for files in /opt/airflow/dags
[2024-03-26T16:13:52.315+0000] {manager.py:741} INFO - There are 0 files in /opt/airflow/dags
[2024-03-26T16:14:07.568+0000] {manager.py:738} INFO - Searching for files in /opt/airflow/dags
[2024-03-26T16:14:07.573+0000] {manager.py:741} INFO - There are 0 files in /opt/airflow/dags
[2024-03-26T16:14:22.784+0000] {manager.py:738} INFO - Searching for files in /opt/airflow/dags
[2024-03-26T16:14:22.787+0000] {manager.py:741} INFO - There are 0 files in /opt/airflow/dags
[2024-03-26T16:14:37.966+0000] {manager.py:738} INFO - Searching for files in /opt/airflow/dags
[2024-03-26T16:14:37.970+0000] {manager.py:741} INFO - There are 0 files in /opt/airflow/dags
[2024-03-26T16:14:53.203+0000] {manager.py:738} INFO - Searching for files in /opt/airflow/dags
[2024-03-26T16:14:53.212+0000] {manager.py:741} INFO - There are 0 files in /opt/airflow/dags
[2024-03-26T16:15:08.434+0000] {manager.py:738} INFO - Searching for files in /opt/airflow/dags
[2024-03-26T16:15:08.440+0000] {manager.py:741} INFO - There are 0 files in /opt/airflow/dags
[2024-03-26T16:15:23.650+0000] {manager.py:738} INFO - Searching for files in /opt/airflow/dags
[2024-03-26T16:15:23.659+0000] {manager.py:741} INFO - There are 0 files in /opt/airflow/dags
[2024-03-26T16:15:38.937+0000] {manager.py:738} INFO - Searching for files in /opt/airflow/dags
[2024-03-26T16:15:38.940+0000] {manager.py:741} INFO - There are 0 files in /opt/airflow/dags
[2024-03-26T16:15:54.139+0000] {manager.py:738} INFO - Searching for files in /opt/airflow/dags
[2024-03-26T16:15:54.150+0000] {manager.py:741} INFO - There are 0 files in /opt/airflow/dags
[2024-03-26T16:16:09.357+0000] {manager.py:738} INFO - Searching for files in /opt/airflow/dags
[2024-03-26T16:16:09.363+0000] {manager.py:741} INFO - There are 0 files in /opt/airflow/dags
[2024-03-26T16:16:24.614+0000] {manager.py:738} INFO - Searching for files in /opt/airflow/dags
[2024-03-26T16:16:24.622+0000] {manager.py:741} INFO - There are 0 files in /opt/airflow/dags
[2024-03-26T16:16:39.893+0000] {manager.py:738} INFO - Searching for files in /opt/airflow/dags
[2024-03-26T16:16:39.903+0000] {manager.py:741} INFO - There are 0 files in /opt/airflow/dags
[2024-03-26T16:16:55.099+0000] {manager.py:738} INFO - Searching for files in /opt/airflow/dags
[2024-03-26T16:16:55.106+0000] {manager.py:741} INFO - There are 0 files in /opt/airflow/dags
[2024-03-26T16:17:10.301+0000] {manager.py:738} INFO - Searching for files in /opt/airflow/dags
[2024-03-26T16:17:10.307+0000] {manager.py:741} INFO - There are 0 files in /opt/airflow/dags
[2024-03-26T16:17:25.526+0000] {manager.py:738} INFO - Searching for files in /opt/airflow/dags
[2024-03-26T16:17:25.534+0000] {manager.py:741} INFO - There are 0 files in /opt/airflow/dags
[2024-03-26T16:17:40.859+0000] {manager.py:738} INFO - Searching for files in /opt/airflow/dags
[2024-03-26T16:17:40.867+0000] {manager.py:741} INFO - There are 0 files in /opt/airflow/dags
[2024-03-26T16:17:56.040+0000] {manager.py:738} INFO - Searching for files in /opt/airflow/dags
[2024-03-26T16:17:56.043+0000] {manager.py:741} INFO - There are 0 files in /opt/airflow/dags
[2024-03-26T16:18:11.284+0000] {manager.py:738} INFO - Searching for files in /opt/airflow/dags
[2024-03-26T16:18:11.289+0000] {manager.py:741} INFO - There are 0 files in /opt/airflow/dags
[2024-03-26T16:18:26.515+0000] {manager.py:738} INFO - Searching for files in /opt/airflow/dags
[2024-03-26T16:18:26.523+0000] {manager.py:741} INFO - There are 0 files in /opt/airflow/dags
[2024-03-26T16:18:41.834+0000] {manager.py:738} INFO - Searching for files in /opt/airflow/dags
[2024-03-26T16:18:41.840+0000] {manager.py:741} INFO - There are 0 files in /opt/airflow/dags
[2024-03-26T16:18:57.059+0000] {manager.py:738} INFO - Searching for files in /opt/airflow/dags
[2024-03-26T16:18:57.066+0000] {manager.py:741} INFO - There are 0 files in /opt/airflow/dags
[2024-03-26T16:19:06.398+0000] {manager.py:451} INFO - Exiting gracefully upon receiving signal 15
[2024-03-26T16:19:17.058+0000] {manager.py:469} INFO - Processing files using up to 2 processes at a time 
[2024-03-26T16:19:17.059+0000] {manager.py:470} INFO - Process each file at most once every 30 seconds
[2024-03-26T16:19:17.060+0000] {manager.py:471} INFO - Checking for new files in /opt/airflow/dags every 15 seconds
[2024-03-26T16:19:17.060+0000] {manager.py:738} INFO - Searching for files in /opt/airflow/dags
[2024-03-26T16:19:17.062+0000] {manager.py:741} INFO - There are 0 files in /opt/airflow/dags
[2024-03-26T16:19:32.214+0000] {manager.py:451} INFO - Exiting gracefully upon receiving signal 15
[2024-03-26T16:20:00.993+0000] {manager.py:469} INFO - Processing files using up to 2 processes at a time 
[2024-03-26T16:20:00.996+0000] {manager.py:470} INFO - Process each file at most once every 30 seconds
[2024-03-26T16:20:00.996+0000] {manager.py:471} INFO - Checking for new files in /opt/airflow/dags every 15 seconds
[2024-03-26T16:20:00.997+0000] {manager.py:738} INFO - Searching for files in /opt/airflow/dags
[2024-03-26T16:20:00.998+0000] {manager.py:741} INFO - There are 0 files in /opt/airflow/dags
[2024-03-26T16:20:16.128+0000] {manager.py:738} INFO - Searching for files in /opt/airflow/dags
[2024-03-26T16:20:16.131+0000] {manager.py:741} INFO - There are 0 files in /opt/airflow/dags
[2024-03-26T16:20:31.285+0000] {manager.py:738} INFO - Searching for files in /opt/airflow/dags
[2024-03-26T16:20:31.289+0000] {manager.py:741} INFO - There are 0 files in /opt/airflow/dags
[2024-03-26T16:20:46.546+0000] {manager.py:738} INFO - Searching for files in /opt/airflow/dags
[2024-03-26T16:20:46.554+0000] {manager.py:741} INFO - There are 0 files in /opt/airflow/dags
[2024-03-26T16:21:01.793+0000] {manager.py:738} INFO - Searching for files in /opt/airflow/dags
[2024-03-26T16:21:01.803+0000] {manager.py:741} INFO - There are 0 files in /opt/airflow/dags
[2024-03-26T16:21:16.976+0000] {manager.py:738} INFO - Searching for files in /opt/airflow/dags
[2024-03-26T16:21:16.985+0000] {manager.py:741} INFO - There are 0 files in /opt/airflow/dags
[2024-03-26T16:21:32.226+0000] {manager.py:738} INFO - Searching for files in /opt/airflow/dags
[2024-03-26T16:21:32.237+0000] {manager.py:741} INFO - There are 0 files in /opt/airflow/dags
[2024-03-26T16:21:47.421+0000] {manager.py:738} INFO - Searching for files in /opt/airflow/dags
[2024-03-26T16:21:47.425+0000] {manager.py:741} INFO - There are 0 files in /opt/airflow/dags
[2024-03-26T16:22:02.668+0000] {manager.py:738} INFO - Searching for files in /opt/airflow/dags
[2024-03-26T16:22:02.673+0000] {manager.py:741} INFO - There are 0 files in /opt/airflow/dags
[2024-03-26T16:22:17.868+0000] {manager.py:738} INFO - Searching for files in /opt/airflow/dags
[2024-03-26T16:22:17.877+0000] {manager.py:741} INFO - There are 0 files in /opt/airflow/dags
[2024-03-26T16:22:33.173+0000] {manager.py:738} INFO - Searching for files in /opt/airflow/dags
[2024-03-26T16:22:33.182+0000] {manager.py:741} INFO - There are 0 files in /opt/airflow/dags
[2024-03-26T16:22:48.407+0000] {manager.py:738} INFO - Searching for files in /opt/airflow/dags
[2024-03-26T16:22:48.411+0000] {manager.py:741} INFO - There are 0 files in /opt/airflow/dags
[2024-03-26T16:23:03.601+0000] {manager.py:738} INFO - Searching for files in /opt/airflow/dags
[2024-03-26T16:23:03.604+0000] {manager.py:741} INFO - There are 0 files in /opt/airflow/dags
[2024-03-26T16:23:18.842+0000] {manager.py:738} INFO - Searching for files in /opt/airflow/dags
[2024-03-26T16:23:18.851+0000] {manager.py:741} INFO - There are 0 files in /opt/airflow/dags
[2024-03-26T16:23:34.079+0000] {manager.py:738} INFO - Searching for files in /opt/airflow/dags
[2024-03-26T16:23:34.090+0000] {manager.py:741} INFO - There are 0 files in /opt/airflow/dags
[2024-03-26T16:23:49.341+0000] {manager.py:738} INFO - Searching for files in /opt/airflow/dags
[2024-03-26T16:23:49.351+0000] {manager.py:741} INFO - There are 0 files in /opt/airflow/dags
[2024-03-26T16:24:04.567+0000] {manager.py:738} INFO - Searching for files in /opt/airflow/dags
[2024-03-26T16:24:04.572+0000] {manager.py:741} INFO - There are 0 files in /opt/airflow/dags
[2024-03-26T16:24:19.771+0000] {manager.py:738} INFO - Searching for files in /opt/airflow/dags
[2024-03-26T16:24:19.772+0000] {manager.py:741} INFO - There are 0 files in /opt/airflow/dags
[2024-03-26T16:24:34.969+0000] {manager.py:738} INFO - Searching for files in /opt/airflow/dags
[2024-03-26T16:24:34.978+0000] {manager.py:741} INFO - There are 0 files in /opt/airflow/dags
[2024-03-26T16:24:50.201+0000] {manager.py:738} INFO - Searching for files in /opt/airflow/dags
[2024-03-26T16:24:50.211+0000] {manager.py:741} INFO - There are 0 files in /opt/airflow/dags
[2024-03-26T16:25:05.438+0000] {manager.py:738} INFO - Searching for files in /opt/airflow/dags
[2024-03-26T16:25:05.447+0000] {manager.py:741} INFO - There are 0 files in /opt/airflow/dags
[2024-03-26T16:25:20.823+0000] {manager.py:738} INFO - Searching for files in /opt/airflow/dags
[2024-03-26T16:25:20.830+0000] {manager.py:741} INFO - There are 0 files in /opt/airflow/dags
[2024-03-26T16:25:36.102+0000] {manager.py:738} INFO - Searching for files in /opt/airflow/dags
[2024-03-26T16:25:36.107+0000] {manager.py:741} INFO - There are 0 files in /opt/airflow/dags
[2024-03-26T16:25:51.311+0000] {manager.py:738} INFO - Searching for files in /opt/airflow/dags
[2024-03-26T16:25:51.322+0000] {manager.py:741} INFO - There are 0 files in /opt/airflow/dags
[2024-03-26T16:26:06.546+0000] {manager.py:738} INFO - Searching for files in /opt/airflow/dags
[2024-03-26T16:26:06.550+0000] {manager.py:741} INFO - There are 0 files in /opt/airflow/dags
[2024-03-26T16:26:21.908+0000] {manager.py:738} INFO - Searching for files in /opt/airflow/dags
[2024-03-26T16:26:21.920+0000] {manager.py:741} INFO - There are 0 files in /opt/airflow/dags
[2024-03-26T16:26:37.131+0000] {manager.py:738} INFO - Searching for files in /opt/airflow/dags
[2024-03-26T16:26:37.148+0000] {manager.py:741} INFO - There are 0 files in /opt/airflow/dags
[2024-03-26T16:26:52.432+0000] {manager.py:738} INFO - Searching for files in /opt/airflow/dags
[2024-03-26T16:26:52.439+0000] {manager.py:741} INFO - There are 0 files in /opt/airflow/dags
[2024-03-26T16:27:07.638+0000] {manager.py:738} INFO - Searching for files in /opt/airflow/dags
[2024-03-26T16:27:07.646+0000] {manager.py:741} INFO - There are 0 files in /opt/airflow/dags
[2024-03-26T16:27:22.843+0000] {manager.py:738} INFO - Searching for files in /opt/airflow/dags
[2024-03-26T16:27:22.848+0000] {manager.py:741} INFO - There are 0 files in /opt/airflow/dags
[2024-03-26T16:27:38.138+0000] {manager.py:738} INFO - Searching for files in /opt/airflow/dags
[2024-03-26T16:27:38.144+0000] {manager.py:741} INFO - There are 0 files in /opt/airflow/dags
[2024-03-26T16:27:53.347+0000] {manager.py:738} INFO - Searching for files in /opt/airflow/dags
[2024-03-26T16:27:53.353+0000] {manager.py:741} INFO - There are 0 files in /opt/airflow/dags
[2024-03-26T16:28:08.550+0000] {manager.py:738} INFO - Searching for files in /opt/airflow/dags
[2024-03-26T16:28:08.556+0000] {manager.py:741} INFO - There are 0 files in /opt/airflow/dags
[2024-03-26T16:28:23.772+0000] {manager.py:738} INFO - Searching for files in /opt/airflow/dags
[2024-03-26T16:28:23.780+0000] {manager.py:741} INFO - There are 0 files in /opt/airflow/dags
[2024-03-26T16:28:39.025+0000] {manager.py:738} INFO - Searching for files in /opt/airflow/dags
[2024-03-26T16:28:39.033+0000] {manager.py:741} INFO - There are 0 files in /opt/airflow/dags
[2024-03-26T16:28:54.308+0000] {manager.py:738} INFO - Searching for files in /opt/airflow/dags
[2024-03-26T16:28:54.320+0000] {manager.py:741} INFO - There are 0 files in /opt/airflow/dags
[2024-03-26T16:29:09.562+0000] {manager.py:738} INFO - Searching for files in /opt/airflow/dags
[2024-03-26T16:29:09.572+0000] {manager.py:741} INFO - There are 0 files in /opt/airflow/dags
[2024-03-26T16:29:24.787+0000] {manager.py:738} INFO - Searching for files in /opt/airflow/dags
[2024-03-26T16:29:24.791+0000] {manager.py:741} INFO - There are 0 files in /opt/airflow/dags
[2024-03-26T16:29:40.139+0000] {manager.py:738} INFO - Searching for files in /opt/airflow/dags
[2024-03-26T16:29:40.146+0000] {manager.py:741} INFO - There are 0 files in /opt/airflow/dags
[2024-03-26T16:29:55.417+0000] {manager.py:738} INFO - Searching for files in /opt/airflow/dags
[2024-03-26T16:29:55.426+0000] {manager.py:741} INFO - There are 0 files in /opt/airflow/dags
[2024-03-26T16:30:10.680+0000] {manager.py:738} INFO - Searching for files in /opt/airflow/dags
[2024-03-26T16:30:10.689+0000] {manager.py:741} INFO - There are 0 files in /opt/airflow/dags
[2024-03-26T16:30:25.900+0000] {manager.py:738} INFO - Searching for files in /opt/airflow/dags
[2024-03-26T16:30:25.909+0000] {manager.py:741} INFO - There are 0 files in /opt/airflow/dags
[2024-03-26T16:30:39.014+0000] {manager.py:451} INFO - Exiting gracefully upon receiving signal 15
[2024-03-26T17:03:25.416+0000] {manager.py:469} INFO - Processing files using up to 2 processes at a time 
[2024-03-26T17:03:25.422+0000] {manager.py:470} INFO - Process each file at most once every 30 seconds
[2024-03-26T17:03:25.427+0000] {manager.py:471} INFO - Checking for new files in /opt/airflow/dags every 15 seconds
[2024-03-26T17:03:25.429+0000] {manager.py:738} INFO - Searching for files in /opt/airflow/dags
[2024-03-26T17:03:25.441+0000] {manager.py:741} INFO - There are 0 files in /opt/airflow/dags
[2024-03-26T17:03:41.143+0000] {manager.py:738} INFO - Searching for files in /opt/airflow/dags
[2024-03-26T17:03:41.224+0000] {manager.py:741} INFO - There are 0 files in /opt/airflow/dags
[2024-03-26T17:03:56.235+0000] {manager.py:738} INFO - Searching for files in /opt/airflow/dags
[2024-03-26T17:03:56.271+0000] {manager.py:741} INFO - There are 0 files in /opt/airflow/dags
[2024-03-26T17:04:12.207+0000] {manager.py:738} INFO - Searching for files in /opt/airflow/dags
[2024-03-26T17:04:12.222+0000] {manager.py:741} INFO - There are 0 files in /opt/airflow/dags
[2024-03-26T17:04:27.434+0000] {manager.py:738} INFO - Searching for files in /opt/airflow/dags
[2024-03-26T17:04:27.440+0000] {manager.py:741} INFO - There are 0 files in /opt/airflow/dags
[2024-03-26T17:04:42.849+0000] {manager.py:738} INFO - Searching for files in /opt/airflow/dags
[2024-03-26T17:04:42.866+0000] {manager.py:741} INFO - There are 0 files in /opt/airflow/dags
[2024-03-26T17:04:58.121+0000] {manager.py:738} INFO - Searching for files in /opt/airflow/dags
[2024-03-26T17:04:58.139+0000] {manager.py:741} INFO - There are 0 files in /opt/airflow/dags
[2024-03-26T17:05:00.317+0000] {manager.py:451} INFO - Exiting gracefully upon receiving signal 15
[2024-03-26T17:05:21.559+0000] {manager.py:469} INFO - Processing files using up to 2 processes at a time 
[2024-03-26T17:05:21.561+0000] {manager.py:470} INFO - Process each file at most once every 30 seconds
[2024-03-26T17:05:21.562+0000] {manager.py:471} INFO - Checking for new files in /opt/airflow/dags every 15 seconds
[2024-03-26T17:05:21.564+0000] {manager.py:738} INFO - Searching for files in /opt/airflow/dags
[2024-03-26T17:05:21.567+0000] {manager.py:741} INFO - There are 0 files in /opt/airflow/dags
[2024-03-26T17:05:36.707+0000] {manager.py:738} INFO - Searching for files in /opt/airflow/dags
[2024-03-26T17:05:36.714+0000] {manager.py:741} INFO - There are 0 files in /opt/airflow/dags
[2024-03-26T17:05:51.902+0000] {manager.py:738} INFO - Searching for files in /opt/airflow/dags
[2024-03-26T17:05:51.905+0000] {manager.py:741} INFO - There are 0 files in /opt/airflow/dags
[2024-03-26T17:06:07.031+0000] {manager.py:738} INFO - Searching for files in /opt/airflow/dags
[2024-03-26T17:06:07.033+0000] {manager.py:741} INFO - There are 0 files in /opt/airflow/dags
[2024-03-26T17:06:22.189+0000] {manager.py:738} INFO - Searching for files in /opt/airflow/dags
[2024-03-26T17:06:22.191+0000] {manager.py:741} INFO - There are 0 files in /opt/airflow/dags
[2024-03-26T17:06:37.346+0000] {manager.py:738} INFO - Searching for files in /opt/airflow/dags
[2024-03-26T17:06:37.352+0000] {manager.py:741} INFO - There are 0 files in /opt/airflow/dags
[2024-03-26T17:06:52.514+0000] {manager.py:738} INFO - Searching for files in /opt/airflow/dags
[2024-03-26T17:06:52.517+0000] {manager.py:741} INFO - There are 0 files in /opt/airflow/dags
[2024-03-26T17:07:07.687+0000] {manager.py:738} INFO - Searching for files in /opt/airflow/dags
[2024-03-26T17:07:07.695+0000] {manager.py:741} INFO - There are 0 files in /opt/airflow/dags
[2024-03-26T17:07:22.893+0000] {manager.py:738} INFO - Searching for files in /opt/airflow/dags
[2024-03-26T17:07:22.894+0000] {manager.py:741} INFO - There are 0 files in /opt/airflow/dags
[2024-03-26T17:07:38.064+0000] {manager.py:738} INFO - Searching for files in /opt/airflow/dags
[2024-03-26T17:07:38.069+0000] {manager.py:741} INFO - There are 0 files in /opt/airflow/dags
[2024-03-26T17:07:53.218+0000] {manager.py:738} INFO - Searching for files in /opt/airflow/dags
[2024-03-26T17:07:53.221+0000] {manager.py:741} INFO - There are 0 files in /opt/airflow/dags
[2024-03-26T17:08:08.314+0000] {manager.py:738} INFO - Searching for files in /opt/airflow/dags
[2024-03-26T17:08:08.321+0000] {manager.py:741} INFO - There are 0 files in /opt/airflow/dags
[2024-03-26T17:08:23.485+0000] {manager.py:738} INFO - Searching for files in /opt/airflow/dags
[2024-03-26T17:08:23.488+0000] {manager.py:741} INFO - There are 0 files in /opt/airflow/dags
[2024-03-26T17:08:38.629+0000] {manager.py:738} INFO - Searching for files in /opt/airflow/dags
[2024-03-26T17:08:38.633+0000] {manager.py:741} INFO - There are 0 files in /opt/airflow/dags
[2024-03-26T17:08:53.806+0000] {manager.py:738} INFO - Searching for files in /opt/airflow/dags
[2024-03-26T17:08:53.809+0000] {manager.py:741} INFO - There are 0 files in /opt/airflow/dags
[2024-03-26T17:09:08.988+0000] {manager.py:738} INFO - Searching for files in /opt/airflow/dags
[2024-03-26T17:09:08.991+0000] {manager.py:741} INFO - There are 0 files in /opt/airflow/dags
[2024-03-26T17:09:24.140+0000] {manager.py:738} INFO - Searching for files in /opt/airflow/dags
[2024-03-26T17:09:24.143+0000] {manager.py:741} INFO - There are 0 files in /opt/airflow/dags
[2024-03-26T17:09:39.287+0000] {manager.py:738} INFO - Searching for files in /opt/airflow/dags
[2024-03-26T17:09:39.293+0000] {manager.py:741} INFO - There are 0 files in /opt/airflow/dags
[2024-03-26T17:09:54.455+0000] {manager.py:738} INFO - Searching for files in /opt/airflow/dags
[2024-03-26T17:09:54.465+0000] {manager.py:741} INFO - There are 0 files in /opt/airflow/dags
[2024-03-26T17:10:09.672+0000] {manager.py:738} INFO - Searching for files in /opt/airflow/dags
[2024-03-26T17:10:09.682+0000] {manager.py:741} INFO - There are 0 files in /opt/airflow/dags
[2024-03-26T17:10:24.822+0000] {manager.py:738} INFO - Searching for files in /opt/airflow/dags
[2024-03-26T17:10:24.824+0000] {manager.py:741} INFO - There are 0 files in /opt/airflow/dags
[2024-03-26T17:10:39.966+0000] {manager.py:738} INFO - Searching for files in /opt/airflow/dags
[2024-03-26T17:10:39.969+0000] {manager.py:741} INFO - There are 0 files in /opt/airflow/dags
[2024-03-26T17:10:55.182+0000] {manager.py:738} INFO - Searching for files in /opt/airflow/dags
[2024-03-26T17:10:55.187+0000] {manager.py:741} INFO - There are 0 files in /opt/airflow/dags
[2024-03-26T17:11:10.342+0000] {manager.py:738} INFO - Searching for files in /opt/airflow/dags
[2024-03-26T17:11:10.348+0000] {manager.py:741} INFO - There are 0 files in /opt/airflow/dags
[2024-03-26T17:11:25.476+0000] {manager.py:738} INFO - Searching for files in /opt/airflow/dags
[2024-03-26T17:11:25.480+0000] {manager.py:741} INFO - There are 0 files in /opt/airflow/dags
[2024-03-26T17:11:40.645+0000] {manager.py:738} INFO - Searching for files in /opt/airflow/dags
[2024-03-26T17:11:40.651+0000] {manager.py:741} INFO - There are 0 files in /opt/airflow/dags
[2024-03-26T17:11:55.789+0000] {manager.py:738} INFO - Searching for files in /opt/airflow/dags
[2024-03-26T17:11:55.798+0000] {manager.py:741} INFO - There are 0 files in /opt/airflow/dags
[2024-03-26T17:12:10.948+0000] {manager.py:738} INFO - Searching for files in /opt/airflow/dags
[2024-03-26T17:12:10.956+0000] {manager.py:741} INFO - There are 0 files in /opt/airflow/dags
[2024-03-26T17:12:26.115+0000] {manager.py:738} INFO - Searching for files in /opt/airflow/dags
[2024-03-26T17:12:26.122+0000] {manager.py:741} INFO - There are 0 files in /opt/airflow/dags
[2024-03-26T17:12:41.270+0000] {manager.py:738} INFO - Searching for files in /opt/airflow/dags
[2024-03-26T17:12:41.281+0000] {manager.py:741} INFO - There are 0 files in /opt/airflow/dags
[2024-03-26T17:12:56.481+0000] {manager.py:738} INFO - Searching for files in /opt/airflow/dags
[2024-03-26T17:12:56.484+0000] {manager.py:741} INFO - There are 0 files in /opt/airflow/dags
[2024-03-26T17:13:11.621+0000] {manager.py:738} INFO - Searching for files in /opt/airflow/dags
[2024-03-26T17:13:11.624+0000] {manager.py:741} INFO - There are 0 files in /opt/airflow/dags
[2024-03-26T17:13:26.776+0000] {manager.py:738} INFO - Searching for files in /opt/airflow/dags
[2024-03-26T17:13:26.779+0000] {manager.py:741} INFO - There are 0 files in /opt/airflow/dags
[2024-03-26T17:13:41.978+0000] {manager.py:738} INFO - Searching for files in /opt/airflow/dags
[2024-03-26T17:13:41.984+0000] {manager.py:741} INFO - There are 0 files in /opt/airflow/dags
[2024-03-26T17:13:57.176+0000] {manager.py:738} INFO - Searching for files in /opt/airflow/dags
[2024-03-26T17:13:57.181+0000] {manager.py:741} INFO - There are 0 files in /opt/airflow/dags
[2024-03-26T17:14:12.399+0000] {manager.py:738} INFO - Searching for files in /opt/airflow/dags
[2024-03-26T17:14:12.408+0000] {manager.py:741} INFO - There are 0 files in /opt/airflow/dags
[2024-03-26T17:14:27.572+0000] {manager.py:738} INFO - Searching for files in /opt/airflow/dags
[2024-03-26T17:14:27.574+0000] {manager.py:741} INFO - There are 0 files in /opt/airflow/dags
[2024-03-26T17:14:42.736+0000] {manager.py:738} INFO - Searching for files in /opt/airflow/dags
[2024-03-26T17:14:42.744+0000] {manager.py:741} INFO - There are 0 files in /opt/airflow/dags
[2024-03-26T17:14:57.964+0000] {manager.py:738} INFO - Searching for files in /opt/airflow/dags
[2024-03-26T17:14:57.967+0000] {manager.py:741} INFO - There are 0 files in /opt/airflow/dags
[2024-03-26T17:15:13.160+0000] {manager.py:738} INFO - Searching for files in /opt/airflow/dags
[2024-03-26T17:15:13.163+0000] {manager.py:741} INFO - There are 0 files in /opt/airflow/dags
[2024-03-26T17:15:28.354+0000] {manager.py:738} INFO - Searching for files in /opt/airflow/dags
[2024-03-26T17:15:28.360+0000] {manager.py:741} INFO - There are 0 files in /opt/airflow/dags
[2024-03-26T17:15:43.552+0000] {manager.py:738} INFO - Searching for files in /opt/airflow/dags
[2024-03-26T17:15:43.555+0000] {manager.py:741} INFO - There are 0 files in /opt/airflow/dags
[2024-03-26T17:15:58.742+0000] {manager.py:738} INFO - Searching for files in /opt/airflow/dags
[2024-03-26T17:15:58.750+0000] {manager.py:741} INFO - There are 0 files in /opt/airflow/dags
[2024-03-26T17:16:13.946+0000] {manager.py:738} INFO - Searching for files in /opt/airflow/dags
[2024-03-26T17:16:13.953+0000] {manager.py:741} INFO - There are 0 files in /opt/airflow/dags
[2024-03-26T17:16:29.121+0000] {manager.py:738} INFO - Searching for files in /opt/airflow/dags
[2024-03-26T17:16:29.129+0000] {manager.py:741} INFO - There are 0 files in /opt/airflow/dags
[2024-03-26T17:16:44.314+0000] {manager.py:738} INFO - Searching for files in /opt/airflow/dags
[2024-03-26T17:16:44.324+0000] {manager.py:741} INFO - There are 0 files in /opt/airflow/dags
[2024-03-26T17:16:59.550+0000] {manager.py:738} INFO - Searching for files in /opt/airflow/dags
[2024-03-26T17:16:59.554+0000] {manager.py:741} INFO - There are 0 files in /opt/airflow/dags
[2024-03-26T17:17:14.773+0000] {manager.py:738} INFO - Searching for files in /opt/airflow/dags
[2024-03-26T17:17:14.783+0000] {manager.py:741} INFO - There are 0 files in /opt/airflow/dags
[2024-03-26T17:17:29.979+0000] {manager.py:738} INFO - Searching for files in /opt/airflow/dags
[2024-03-26T17:17:29.988+0000] {manager.py:741} INFO - There are 0 files in /opt/airflow/dags
[2024-03-26T17:17:45.190+0000] {manager.py:738} INFO - Searching for files in /opt/airflow/dags
[2024-03-26T17:17:45.199+0000] {manager.py:741} INFO - There are 0 files in /opt/airflow/dags
[2024-03-26T17:18:00.400+0000] {manager.py:738} INFO - Searching for files in /opt/airflow/dags
[2024-03-26T17:18:00.409+0000] {manager.py:741} INFO - There are 0 files in /opt/airflow/dags
[2024-03-26T17:18:15.611+0000] {manager.py:738} INFO - Searching for files in /opt/airflow/dags
[2024-03-26T17:18:15.614+0000] {manager.py:741} INFO - There are 0 files in /opt/airflow/dags
[2024-03-26T17:18:30.801+0000] {manager.py:738} INFO - Searching for files in /opt/airflow/dags
[2024-03-26T17:18:30.805+0000] {manager.py:741} INFO - There are 0 files in /opt/airflow/dags
[2024-03-26T17:18:45.989+0000] {manager.py:738} INFO - Searching for files in /opt/airflow/dags
[2024-03-26T17:18:45.996+0000] {manager.py:741} INFO - There are 0 files in /opt/airflow/dags
[2024-03-26T17:19:01.147+0000] {manager.py:738} INFO - Searching for files in /opt/airflow/dags
[2024-03-26T17:19:01.154+0000] {manager.py:741} INFO - There are 0 files in /opt/airflow/dags
[2024-03-26T17:19:16.384+0000] {manager.py:738} INFO - Searching for files in /opt/airflow/dags
[2024-03-26T17:19:16.387+0000] {manager.py:741} INFO - There are 0 files in /opt/airflow/dags
[2024-03-26T17:19:31.596+0000] {manager.py:738} INFO - Searching for files in /opt/airflow/dags
[2024-03-26T17:19:31.599+0000] {manager.py:741} INFO - There are 0 files in /opt/airflow/dags
[2024-03-26T17:19:46.782+0000] {manager.py:738} INFO - Searching for files in /opt/airflow/dags
[2024-03-26T17:19:46.791+0000] {manager.py:741} INFO - There are 0 files in /opt/airflow/dags
[2024-03-26T17:20:01.969+0000] {manager.py:738} INFO - Searching for files in /opt/airflow/dags
[2024-03-26T17:20:01.979+0000] {manager.py:741} INFO - There are 0 files in /opt/airflow/dags
[2024-03-26T17:20:17.164+0000] {manager.py:738} INFO - Searching for files in /opt/airflow/dags
[2024-03-26T17:20:17.173+0000] {manager.py:741} INFO - There are 0 files in /opt/airflow/dags
[2024-03-26T17:20:32.337+0000] {manager.py:738} INFO - Searching for files in /opt/airflow/dags
[2024-03-26T17:20:32.339+0000] {manager.py:741} INFO - There are 0 files in /opt/airflow/dags
[2024-03-26T17:20:47.518+0000] {manager.py:738} INFO - Searching for files in /opt/airflow/dags
[2024-03-26T17:20:47.522+0000] {manager.py:741} INFO - There are 0 files in /opt/airflow/dags
[2024-03-26T17:21:02.714+0000] {manager.py:738} INFO - Searching for files in /opt/airflow/dags
[2024-03-26T17:21:02.718+0000] {manager.py:741} INFO - There are 0 files in /opt/airflow/dags
[2024-03-26T17:21:17.853+0000] {manager.py:738} INFO - Searching for files in /opt/airflow/dags
[2024-03-26T17:21:17.858+0000] {manager.py:741} INFO - There are 0 files in /opt/airflow/dags
[2024-03-26T17:21:32.994+0000] {manager.py:738} INFO - Searching for files in /opt/airflow/dags
[2024-03-26T17:21:33.001+0000] {manager.py:741} INFO - There are 0 files in /opt/airflow/dags
[2024-03-26T17:21:48.145+0000] {manager.py:738} INFO - Searching for files in /opt/airflow/dags
[2024-03-26T17:21:48.147+0000] {manager.py:741} INFO - There are 0 files in /opt/airflow/dags
[2024-03-26T17:22:03.285+0000] {manager.py:738} INFO - Searching for files in /opt/airflow/dags
[2024-03-26T17:22:03.292+0000] {manager.py:741} INFO - There are 0 files in /opt/airflow/dags
[2024-03-26T17:22:18.446+0000] {manager.py:738} INFO - Searching for files in /opt/airflow/dags
[2024-03-26T17:22:18.452+0000] {manager.py:741} INFO - There are 0 files in /opt/airflow/dags
[2024-03-26T17:22:33.602+0000] {manager.py:738} INFO - Searching for files in /opt/airflow/dags
[2024-03-26T17:22:33.610+0000] {manager.py:741} INFO - There are 0 files in /opt/airflow/dags
[2024-03-26T17:22:48.772+0000] {manager.py:738} INFO - Searching for files in /opt/airflow/dags
[2024-03-26T17:22:48.774+0000] {manager.py:741} INFO - There are 0 files in /opt/airflow/dags
[2024-03-26T17:23:03.934+0000] {manager.py:738} INFO - Searching for files in /opt/airflow/dags
[2024-03-26T17:23:03.935+0000] {manager.py:741} INFO - There are 0 files in /opt/airflow/dags
[2024-03-26T17:23:19.057+0000] {manager.py:738} INFO - Searching for files in /opt/airflow/dags
[2024-03-26T17:23:19.063+0000] {manager.py:741} INFO - There are 0 files in /opt/airflow/dags
[2024-03-26T17:23:34.223+0000] {manager.py:738} INFO - Searching for files in /opt/airflow/dags
[2024-03-26T17:23:34.226+0000] {manager.py:741} INFO - There are 0 files in /opt/airflow/dags
[2024-03-26T17:23:49.369+0000] {manager.py:738} INFO - Searching for files in /opt/airflow/dags
[2024-03-26T17:23:49.374+0000] {manager.py:741} INFO - There are 0 files in /opt/airflow/dags
[2024-03-26T17:24:04.525+0000] {manager.py:738} INFO - Searching for files in /opt/airflow/dags
[2024-03-26T17:24:04.528+0000] {manager.py:741} INFO - There are 0 files in /opt/airflow/dags
[2024-03-26T17:24:19.666+0000] {manager.py:738} INFO - Searching for files in /opt/airflow/dags
[2024-03-26T17:24:19.672+0000] {manager.py:741} INFO - There are 0 files in /opt/airflow/dags
[2024-03-26T17:24:21.066+0000] {manager.py:451} INFO - Exiting gracefully upon receiving signal 15
