[2024-03-29T08:21:53.234+0000] {taskinstance.py:1957} INFO - Dependencies all met for dep_context=non-requeueable deps ti=<TaskInstance: cryptocurrency_data_pipeline.clear_import_table scheduled__2024-01-05T00:00:00+00:00 [queued]>
[2024-03-29T08:21:53.424+0000] {taskinstance.py:1957} INFO - Dependencies all met for dep_context=requeueable deps ti=<TaskInstance: cryptocurrency_data_pipeline.clear_import_table scheduled__2024-01-05T00:00:00+00:00 [queued]>
[2024-03-29T08:21:53.432+0000] {taskinstance.py:2171} INFO - Starting attempt 1 of 1
[2024-03-29T08:21:53.832+0000] {taskinstance.py:2192} INFO - Executing <Task(PostgresOperator): clear_import_table> on 2024-01-05 00:00:00+00:00
[2024-03-29T08:21:53.996+0000] {standard_task_runner.py:60} INFO - Started process 347 to run task
[2024-03-29T08:21:54.074+0000] {standard_task_runner.py:87} INFO - Running: ['***', 'tasks', 'run', 'cryptocurrency_data_pipeline', 'clear_import_table', 'scheduled__2024-01-05T00:00:00+00:00', '--job-id', '107', '--raw', '--subdir', 'DAGS_FOLDER/cryptocurrency_data_pipeline.py', '--cfg-path', '/tmp/tmp0m60khmd']
[2024-03-29T08:21:54.120+0000] {standard_task_runner.py:88} INFO - Job 107: Subtask clear_import_table
[2024-03-29T08:21:54.790+0000] {logging_mixin.py:188} WARNING - /home/***/.local/lib/python3.8/site-packages/***/settings.py:195 DeprecationWarning: The sql_alchemy_conn option in [core] has been moved to the sql_alchemy_conn option in [database] - the old setting has been used, but please update your config.
[2024-03-29T08:21:55.958+0000] {task_command.py:423} INFO - Running <TaskInstance: cryptocurrency_data_pipeline.clear_import_table scheduled__2024-01-05T00:00:00+00:00 [running]> on host 75e340009066
[2024-03-29T08:21:58.301+0000] {taskinstance.py:2481} INFO - Exporting env vars: AIRFLOW_CTX_DAG_EMAIL='dom@dataengineercafe.io' AIRFLOW_CTX_DAG_OWNER='domwatcharin' AIRFLOW_CTX_DAG_ID='cryptocurrency_data_pipeline' AIRFLOW_CTX_TASK_ID='clear_import_table' AIRFLOW_CTX_EXECUTION_DATE='2024-01-05T00:00:00+00:00' AIRFLOW_CTX_TRY_NUMBER='1' AIRFLOW_CTX_DAG_RUN_ID='scheduled__2024-01-05T00:00:00+00:00'
[2024-03-29T08:21:58.392+0000] {sql.py:276} INFO - Executing: 
            DELETE FROM cryptocurrency_import
        
[2024-03-29T08:21:58.810+0000] {base.py:83} INFO - Using connection ID '***' for task execution.
[2024-03-29T08:21:59.326+0000] {base.py:83} INFO - Using connection ID '***' for task execution.
[2024-03-29T08:21:59.628+0000] {sql.py:432} INFO - Running statement: 
            DELETE FROM cryptocurrency_import
        , parameters: None
[2024-03-29T08:21:59.694+0000] {sql.py:441} INFO - Rows affected: 0
[2024-03-29T08:22:00.026+0000] {taskinstance.py:1138} INFO - Marking task as SUCCESS. dag_id=cryptocurrency_data_pipeline, task_id=clear_import_table, execution_date=20240105T000000, start_date=20240329T082153, end_date=20240329T082200
[2024-03-29T08:22:00.508+0000] {local_task_job_runner.py:234} INFO - Task exited with return code 0
[2024-03-29T08:22:01.988+0000] {taskinstance.py:3281} INFO - 0 downstream tasks scheduled from follow-on schedule check
