[2024-03-28T17:15:29.010+0000] {taskinstance.py:1957} INFO - Dependencies all met for dep_context=non-requeueable deps ti=<TaskInstance: cryptocurrency_data_pipeline.create_import_table scheduled__2024-01-12T00:00:00+00:00 [queued]>
[2024-03-28T17:15:31.134+0000] {taskinstance.py:1957} INFO - Dependencies all met for dep_context=requeueable deps ti=<TaskInstance: cryptocurrency_data_pipeline.create_import_table scheduled__2024-01-12T00:00:00+00:00 [queued]>
[2024-03-28T17:15:31.211+0000] {taskinstance.py:2171} INFO - Starting attempt 1 of 1
[2024-03-28T17:15:43.462+0000] {taskinstance.py:2192} INFO - Executing <Task(PostgresOperator): create_import_table> on 2024-01-12 00:00:00+00:00
[2024-03-28T17:15:43.879+0000] {standard_task_runner.py:60} INFO - Started process 399 to run task
[2024-03-28T17:15:44.446+0000] {standard_task_runner.py:87} INFO - Running: ['***', 'tasks', 'run', 'cryptocurrency_data_pipeline', 'create_import_table', 'scheduled__2024-01-12T00:00:00+00:00', '--job-id', '60', '--raw', '--subdir', 'DAGS_FOLDER/cryptocurrency_data_pipeline.py', '--cfg-path', '/tmp/tmp5g29ax09']
[2024-03-28T17:15:45.105+0000] {standard_task_runner.py:88} INFO - Job 60: Subtask create_import_table
[2024-03-28T17:15:51.638+0000] {logging_mixin.py:188} WARNING - /home/***/.local/lib/python3.8/site-packages/***/settings.py:195 DeprecationWarning: The sql_alchemy_conn option in [core] has been moved to the sql_alchemy_conn option in [database] - the old setting has been used, but please update your config.
[2024-03-28T17:15:56.382+0000] {task_command.py:423} INFO - Running <TaskInstance: cryptocurrency_data_pipeline.create_import_table scheduled__2024-01-12T00:00:00+00:00 [running]> on host de9dce8fd105
[2024-03-28T17:16:09.685+0000] {taskinstance.py:2481} INFO - Exporting env vars: AIRFLOW_CTX_DAG_EMAIL='dom@dataengineercafe.io' AIRFLOW_CTX_DAG_OWNER='domwatcharin' AIRFLOW_CTX_DAG_ID='cryptocurrency_data_pipeline' AIRFLOW_CTX_TASK_ID='create_import_table' AIRFLOW_CTX_EXECUTION_DATE='2024-01-12T00:00:00+00:00' AIRFLOW_CTX_TRY_NUMBER='1' AIRFLOW_CTX_DAG_RUN_ID='scheduled__2024-01-12T00:00:00+00:00'
[2024-03-28T17:16:09.791+0000] {sql.py:276} INFO - Executing: 
            CREATE TABLE IF NOT EXISTS cryptocurrency_import (
                timestamp BIGINT,
                open FLOAT,
                highest FLOAT,
                lowest FLOAT,
                closing FLOAT,
                volume FLOAT
            )
        
[2024-03-28T17:16:11.363+0000] {base.py:83} INFO - Using connection ID '***' for task execution.
[2024-03-28T17:16:11.708+0000] {base.py:83} INFO - Using connection ID '***' for task execution.
[2024-03-28T17:16:11.825+0000] {sql.py:432} INFO - Running statement: 
            CREATE TABLE IF NOT EXISTS cryptocurrency_import (
                timestamp BIGINT,
                open FLOAT,
                highest FLOAT,
                lowest FLOAT,
                closing FLOAT,
                volume FLOAT
            )
        , parameters: None
[2024-03-28T17:16:12.588+0000] {taskinstance.py:1138} INFO - Marking task as SUCCESS. dag_id=cryptocurrency_data_pipeline, task_id=create_import_table, execution_date=20240112T000000, start_date=20240328T171530, end_date=20240328T171612
[2024-03-28T17:16:13.240+0000] {local_task_job_runner.py:234} INFO - Task exited with return code 0
[2024-03-28T17:16:16.304+0000] {taskinstance.py:3281} INFO - 1 downstream tasks scheduled from follow-on schedule check
