[2024-03-29T08:29:39.383+0000] {taskinstance.py:1957} INFO - Dependencies all met for dep_context=non-requeueable deps ti=<TaskInstance: demo_sensors.is_file_available manual__2024-03-29T08:29:37.518737+00:00 [queued]>
[2024-03-29T08:29:39.392+0000] {taskinstance.py:1957} INFO - Dependencies all met for dep_context=requeueable deps ti=<TaskInstance: demo_sensors.is_file_available manual__2024-03-29T08:29:37.518737+00:00 [queued]>
[2024-03-29T08:29:39.393+0000] {taskinstance.py:2171} INFO - Starting attempt 1 of 1
[2024-03-29T08:29:39.408+0000] {taskinstance.py:2192} INFO - Executing <Task(FileSensor): is_file_available> on 2024-03-29 08:29:37.518737+00:00
[2024-03-29T08:29:39.413+0000] {standard_task_runner.py:60} INFO - Started process 709 to run task
[2024-03-29T08:29:39.435+0000] {standard_task_runner.py:87} INFO - Running: ['***', 'tasks', 'run', 'demo_sensors', 'is_file_available', 'manual__2024-03-29T08:29:37.518737+00:00', '--job-id', '2', '--raw', '--subdir', 'DAGS_FOLDER/demo_sensors.py', '--cfg-path', '/tmp/tmp9k2dv9__']
[2024-03-29T08:29:39.441+0000] {standard_task_runner.py:88} INFO - Job 2: Subtask is_file_available
[2024-03-29T08:29:39.468+0000] {logging_mixin.py:188} WARNING - /home/***/.local/lib/python3.8/site-packages/***/settings.py:195 DeprecationWarning: The sql_alchemy_conn option in [core] has been moved to the sql_alchemy_conn option in [database] - the old setting has been used, but please update your config.
[2024-03-29T08:29:39.534+0000] {task_command.py:423} INFO - Running <TaskInstance: demo_sensors.is_file_available manual__2024-03-29T08:29:37.518737+00:00 [running]> on host 4cab8a94f129
[2024-03-29T08:29:39.687+0000] {taskinstance.py:2481} INFO - Exporting env vars: AIRFLOW_CTX_DAG_OWNER='domwatcharin' AIRFLOW_CTX_DAG_ID='demo_sensors' AIRFLOW_CTX_TASK_ID='is_file_available' AIRFLOW_CTX_EXECUTION_DATE='2024-03-29T08:29:37.518737+00:00' AIRFLOW_CTX_TRY_NUMBER='1' AIRFLOW_CTX_DAG_RUN_ID='manual__2024-03-29T08:29:37.518737+00:00'
[2024-03-29T08:29:39.715+0000] {base.py:83} INFO - Using connection ID 'fs' for task execution.
[2024-03-29T08:29:39.718+0000] {filesystem.py:66} INFO - Poking for file /opt/***/dags/hello.txt
[2024-03-29T08:29:44.743+0000] {base.py:83} INFO - Using connection ID 'fs' for task execution.
[2024-03-29T08:29:44.746+0000] {filesystem.py:66} INFO - Poking for file /opt/***/dags/hello.txt
[2024-03-29T08:29:49.792+0000] {base.py:83} INFO - Using connection ID 'fs' for task execution.
[2024-03-29T08:29:49.799+0000] {filesystem.py:66} INFO - Poking for file /opt/***/dags/hello.txt
[2024-03-29T08:29:54.827+0000] {base.py:83} INFO - Using connection ID 'fs' for task execution.
[2024-03-29T08:29:54.830+0000] {filesystem.py:66} INFO - Poking for file /opt/***/dags/hello.txt
[2024-03-29T08:29:59.873+0000] {base.py:83} INFO - Using connection ID 'fs' for task execution.
[2024-03-29T08:29:59.877+0000] {filesystem.py:66} INFO - Poking for file /opt/***/dags/hello.txt
[2024-03-29T08:30:04.907+0000] {base.py:83} INFO - Using connection ID 'fs' for task execution.
[2024-03-29T08:30:04.909+0000] {filesystem.py:66} INFO - Poking for file /opt/***/dags/hello.txt
[2024-03-29T08:30:09.991+0000] {base.py:83} INFO - Using connection ID 'fs' for task execution.
[2024-03-29T08:30:10.014+0000] {filesystem.py:66} INFO - Poking for file /opt/***/dags/hello.txt
[2024-03-29T08:30:15.045+0000] {base.py:83} INFO - Using connection ID 'fs' for task execution.
[2024-03-29T08:30:15.048+0000] {filesystem.py:66} INFO - Poking for file /opt/***/dags/hello.txt
[2024-03-29T08:30:20.066+0000] {base.py:83} INFO - Using connection ID 'fs' for task execution.
[2024-03-29T08:30:20.072+0000] {filesystem.py:66} INFO - Poking for file /opt/***/dags/hello.txt
[2024-03-29T08:30:25.117+0000] {base.py:83} INFO - Using connection ID 'fs' for task execution.
[2024-03-29T08:30:25.120+0000] {filesystem.py:66} INFO - Poking for file /opt/***/dags/hello.txt
[2024-03-29T08:30:30.145+0000] {base.py:83} INFO - Using connection ID 'fs' for task execution.
[2024-03-29T08:30:30.147+0000] {filesystem.py:66} INFO - Poking for file /opt/***/dags/hello.txt
[2024-03-29T08:30:35.207+0000] {base.py:83} INFO - Using connection ID 'fs' for task execution.
[2024-03-29T08:30:35.213+0000] {filesystem.py:66} INFO - Poking for file /opt/***/dags/hello.txt
[2024-03-29T08:30:40.281+0000] {base.py:83} INFO - Using connection ID 'fs' for task execution.
[2024-03-29T08:30:40.285+0000] {filesystem.py:66} INFO - Poking for file /opt/***/dags/hello.txt
[2024-03-29T08:30:45.422+0000] {base.py:83} INFO - Using connection ID 'fs' for task execution.
[2024-03-29T08:30:45.434+0000] {filesystem.py:66} INFO - Poking for file /opt/***/dags/hello.txt
[2024-03-29T08:30:50.490+0000] {base.py:83} INFO - Using connection ID 'fs' for task execution.
[2024-03-29T08:30:50.495+0000] {filesystem.py:66} INFO - Poking for file /opt/***/dags/hello.txt
[2024-03-29T08:30:55.530+0000] {base.py:83} INFO - Using connection ID 'fs' for task execution.
[2024-03-29T08:30:55.537+0000] {filesystem.py:66} INFO - Poking for file /opt/***/dags/hello.txt
[2024-03-29T08:31:00.590+0000] {base.py:83} INFO - Using connection ID 'fs' for task execution.
[2024-03-29T08:31:00.593+0000] {filesystem.py:66} INFO - Poking for file /opt/***/dags/hello.txt
[2024-03-29T08:31:05.676+0000] {base.py:83} INFO - Using connection ID 'fs' for task execution.
[2024-03-29T08:31:05.680+0000] {filesystem.py:66} INFO - Poking for file /opt/***/dags/hello.txt
[2024-03-29T08:31:05.682+0000] {filesystem.py:71} INFO - Found File /opt/***/dags/hello.txt last modified: 20240329083025
[2024-03-29T08:31:05.682+0000] {base.py:293} INFO - Success criteria met. Exiting.
[2024-03-29T08:31:05.703+0000] {taskinstance.py:1138} INFO - Marking task as SUCCESS. dag_id=demo_sensors, task_id=is_file_available, execution_date=20240329T082937, start_date=20240329T082939, end_date=20240329T083105
[2024-03-29T08:31:05.792+0000] {local_task_job_runner.py:234} INFO - Task exited with return code 0
[2024-03-29T08:31:05.836+0000] {taskinstance.py:3281} INFO - 0 downstream tasks scheduled from follow-on schedule check
