[2024-03-28T17:38:54.928+0000] {taskinstance.py:1957} INFO - Dependencies all met for dep_context=non-requeueable deps ti=<TaskInstance: cryptocurrency_data_pipeline.merge_import_into_final_table scheduled__2024-01-07T00:00:00+00:00 [queued]>
[2024-03-28T17:38:57.124+0000] {taskinstance.py:1957} INFO - Dependencies all met for dep_context=requeueable deps ti=<TaskInstance: cryptocurrency_data_pipeline.merge_import_into_final_table scheduled__2024-01-07T00:00:00+00:00 [queued]>
[2024-03-28T17:38:57.157+0000] {taskinstance.py:2171} INFO - Starting attempt 2 of 1
[2024-03-28T17:38:57.306+0000] {taskinstance.py:2192} INFO - Executing <Task(PostgresOperator): merge_import_into_final_table> on 2024-01-07 00:00:00+00:00
[2024-03-28T17:38:57.429+0000] {standard_task_runner.py:60} INFO - Started process 314 to run task
[2024-03-28T17:38:57.517+0000] {standard_task_runner.py:87} INFO - Running: ['***', 'tasks', 'run', 'cryptocurrency_data_pipeline', 'merge_import_into_final_table', 'scheduled__2024-01-07T00:00:00+00:00', '--job-id', '89', '--raw', '--subdir', 'DAGS_FOLDER/cryptocurrency_data_pipeline.py', '--cfg-path', '/tmp/tmp2j__j45m']
[2024-03-28T17:38:57.586+0000] {standard_task_runner.py:88} INFO - Job 89: Subtask merge_import_into_final_table
[2024-03-28T17:38:58.126+0000] {logging_mixin.py:188} WARNING - /home/***/.local/lib/python3.8/site-packages/***/settings.py:195 DeprecationWarning: The sql_alchemy_conn option in [core] has been moved to the sql_alchemy_conn option in [database] - the old setting has been used, but please update your config.
[2024-03-28T17:39:05.424+0000] {task_command.py:423} INFO - Running <TaskInstance: cryptocurrency_data_pipeline.merge_import_into_final_table scheduled__2024-01-07T00:00:00+00:00 [running]> on host de9dce8fd105
[2024-03-28T17:39:11.468+0000] {taskinstance.py:2481} INFO - Exporting env vars: AIRFLOW_CTX_DAG_EMAIL='dom@dataengineercafe.io' AIRFLOW_CTX_DAG_OWNER='domwatcharin' AIRFLOW_CTX_DAG_ID='cryptocurrency_data_pipeline' AIRFLOW_CTX_TASK_ID='merge_import_into_final_table' AIRFLOW_CTX_EXECUTION_DATE='2024-01-07T00:00:00+00:00' AIRFLOW_CTX_TRY_NUMBER='2' AIRFLOW_CTX_DAG_RUN_ID='scheduled__2024-01-07T00:00:00+00:00'
[2024-03-28T17:39:11.515+0000] {sql.py:276} INFO - Executing: 
            INSERT INTO cryptocurrency (
                timestamp,
                open,
                highest,
                lowest,
                closing,
                volume
            )
            SELECT
                timestamp,
                open,
                highest,
                lowest,
                closing,
                volume
            FROM
                cryptocurrency_import
            ON CONFLICT (timestamp)
            DO UPDATE SET
                open = EXCLUDED.open,
                highest = EXCLUDED.highest,
                lowest = EXCLUDED.lowest,
                closing = EXCLUDED.closing,
                volume = EXCLUDED.volume
        
[2024-03-28T17:39:11.971+0000] {base.py:83} INFO - Using connection ID '***' for task execution.
[2024-03-28T17:39:12.170+0000] {base.py:83} INFO - Using connection ID '***' for task execution.
[2024-03-28T17:39:12.303+0000] {sql.py:432} INFO - Running statement: 
            INSERT INTO cryptocurrency (
                timestamp,
                open,
                highest,
                lowest,
                closing,
                volume
            )
            SELECT
                timestamp,
                open,
                highest,
                lowest,
                closing,
                volume
            FROM
                cryptocurrency_import
            ON CONFLICT (timestamp)
            DO UPDATE SET
                open = EXCLUDED.open,
                highest = EXCLUDED.highest,
                lowest = EXCLUDED.lowest,
                closing = EXCLUDED.closing,
                volume = EXCLUDED.volume
        , parameters: None
[2024-03-28T17:39:12.459+0000] {sql.py:441} INFO - Rows affected: 0
[2024-03-28T17:39:12.679+0000] {taskinstance.py:1138} INFO - Marking task as SUCCESS. dag_id=cryptocurrency_data_pipeline, task_id=merge_import_into_final_table, execution_date=20240107T000000, start_date=20240328T173855, end_date=20240328T173912
[2024-03-28T17:39:14.119+0000] {local_task_job_runner.py:234} INFO - Task exited with return code 0
[2024-03-28T17:39:20.367+0000] {taskinstance.py:3281} INFO - 1 downstream tasks scheduled from follow-on schedule check
