[2024-03-28T17:38:41.139+0000] {taskinstance.py:1957} INFO - Dependencies all met for dep_context=non-requeueable deps ti=<TaskInstance: cryptocurrency_data_pipeline.load_data_into_database scheduled__2024-01-16T00:00:00+00:00 [queued]>
[2024-03-28T17:38:41.828+0000] {taskinstance.py:1957} INFO - Dependencies all met for dep_context=requeueable deps ti=<TaskInstance: cryptocurrency_data_pipeline.load_data_into_database scheduled__2024-01-16T00:00:00+00:00 [queued]>
[2024-03-28T17:38:41.890+0000] {taskinstance.py:2171} INFO - Starting attempt 2 of 1
[2024-03-28T17:38:42.447+0000] {taskinstance.py:2192} INFO - Executing <Task(PythonOperator): load_data_into_database> on 2024-01-16 00:00:00+00:00
[2024-03-28T17:38:42.853+0000] {standard_task_runner.py:60} INFO - Started process 286 to run task
[2024-03-28T17:38:43.544+0000] {standard_task_runner.py:87} INFO - Running: ['***', 'tasks', 'run', 'cryptocurrency_data_pipeline', 'load_data_into_database', 'scheduled__2024-01-16T00:00:00+00:00', '--job-id', '81', '--raw', '--subdir', 'DAGS_FOLDER/cryptocurrency_data_pipeline.py', '--cfg-path', '/tmp/tmp3s68f7ga']
[2024-03-28T17:38:43.822+0000] {standard_task_runner.py:88} INFO - Job 81: Subtask load_data_into_database
[2024-03-28T17:38:45.038+0000] {logging_mixin.py:188} WARNING - /home/***/.local/lib/python3.8/site-packages/***/settings.py:195 DeprecationWarning: The sql_alchemy_conn option in [core] has been moved to the sql_alchemy_conn option in [database] - the old setting has been used, but please update your config.
[2024-03-28T17:38:46.151+0000] {task_command.py:423} INFO - Running <TaskInstance: cryptocurrency_data_pipeline.load_data_into_database scheduled__2024-01-16T00:00:00+00:00 [running]> on host de9dce8fd105
[2024-03-28T17:38:49.626+0000] {taskinstance.py:2481} INFO - Exporting env vars: AIRFLOW_CTX_DAG_EMAIL='dom@dataengineercafe.io' AIRFLOW_CTX_DAG_OWNER='domwatcharin' AIRFLOW_CTX_DAG_ID='cryptocurrency_data_pipeline' AIRFLOW_CTX_TASK_ID='load_data_into_database' AIRFLOW_CTX_EXECUTION_DATE='2024-01-16T00:00:00+00:00' AIRFLOW_CTX_TRY_NUMBER='2' AIRFLOW_CTX_DAG_RUN_ID='scheduled__2024-01-16T00:00:00+00:00'
[2024-03-28T17:38:50.289+0000] {base.py:83} INFO - Using connection ID '***' for task execution.
[2024-03-28T17:38:50.984+0000] {postgres.py:172} INFO - Running copy expert: 
            COPY
                cryptocurrency_import
            FROM STDIN DELIMITER ',' CSV
        , filename: /tmp/***_tmp_m1y9u_i1
[2024-03-28T17:38:51.577+0000] {base.py:83} INFO - Using connection ID '***' for task execution.
[2024-03-28T17:38:51.921+0000] {python.py:201} INFO - Done. Returned value was: None
[2024-03-28T17:41:30.666+0000] {taskinstance.py:1138} INFO - Marking task as SUCCESS. dag_id=cryptocurrency_data_pipeline, task_id=load_data_into_database, execution_date=20240116T000000, start_date=20240328T173841, end_date=20240328T174130
[2024-03-28T17:41:38.815+0000] {local_task_job_runner.py:234} INFO - Task exited with return code 0
[2024-03-28T17:41:50.831+0000] {taskinstance.py:3281} INFO - 1 downstream tasks scheduled from follow-on schedule check
