[2024-03-29T16:54:26.425+0000] {processor.py:161} INFO - Started process (PID=1455) to work on /opt/airflow/dags/demo_retry_and_alert.py
[2024-03-29T16:54:26.426+0000] {processor.py:830} INFO - Processing file /opt/airflow/dags/demo_retry_and_alert.py for tasks to queue
[2024-03-29T16:54:26.427+0000] {logging_mixin.py:188} INFO - [2024-03-29T16:54:26.426+0000] {dagbag.py:538} INFO - Filling up the DagBag from /opt/airflow/dags/demo_retry_and_alert.py
[2024-03-29T16:54:26.439+0000] {processor.py:840} INFO - DAG(s) 'demo_retry_and_alert' retrieved from /opt/airflow/dags/demo_retry_and_alert.py
[2024-03-29T16:54:26.622+0000] {logging_mixin.py:188} INFO - [2024-03-29T16:54:26.621+0000] {dag.py:3033} INFO - Sync 1 DAGs
[2024-03-29T16:54:26.633+0000] {logging_mixin.py:188} INFO - [2024-03-29T16:54:26.633+0000] {dag.py:3820} INFO - Setting next_dagrun for demo_retry_and_alert to None, run_after=None
[2024-03-29T16:54:26.651+0000] {processor.py:183} INFO - Processing /opt/airflow/dags/demo_retry_and_alert.py took 0.229 seconds
[2024-03-29T16:54:57.664+0000] {processor.py:161} INFO - Started process (PID=1579) to work on /opt/airflow/dags/demo_retry_and_alert.py
[2024-03-29T16:54:57.667+0000] {processor.py:830} INFO - Processing file /opt/airflow/dags/demo_retry_and_alert.py for tasks to queue
[2024-03-29T16:54:57.670+0000] {logging_mixin.py:188} INFO - [2024-03-29T16:54:57.668+0000] {dagbag.py:538} INFO - Filling up the DagBag from /opt/airflow/dags/demo_retry_and_alert.py
[2024-03-29T16:54:57.688+0000] {processor.py:840} INFO - DAG(s) 'demo_retry_and_alert' retrieved from /opt/airflow/dags/demo_retry_and_alert.py
[2024-03-29T16:54:57.726+0000] {logging_mixin.py:188} INFO - [2024-03-29T16:54:57.725+0000] {dag.py:3033} INFO - Sync 1 DAGs
[2024-03-29T16:54:57.743+0000] {logging_mixin.py:188} INFO - [2024-03-29T16:54:57.743+0000] {dag.py:3820} INFO - Setting next_dagrun for demo_retry_and_alert to None, run_after=None
[2024-03-29T16:54:57.769+0000] {processor.py:183} INFO - Processing /opt/airflow/dags/demo_retry_and_alert.py took 0.112 seconds
[2024-03-29T16:55:16.710+0000] {processor.py:161} INFO - Started process (PID=1649) to work on /opt/airflow/dags/demo_retry_and_alert.py
[2024-03-29T16:55:16.718+0000] {processor.py:830} INFO - Processing file /opt/airflow/dags/demo_retry_and_alert.py for tasks to queue
[2024-03-29T16:55:16.722+0000] {logging_mixin.py:188} INFO - [2024-03-29T16:55:16.721+0000] {dagbag.py:538} INFO - Filling up the DagBag from /opt/airflow/dags/demo_retry_and_alert.py
[2024-03-29T16:55:16.762+0000] {processor.py:840} INFO - DAG(s) 'demo_retry_and_alert' retrieved from /opt/airflow/dags/demo_retry_and_alert.py
[2024-03-29T16:55:16.983+0000] {logging_mixin.py:188} INFO - [2024-03-29T16:55:16.983+0000] {dag.py:3033} INFO - Sync 1 DAGs
[2024-03-29T16:55:17.018+0000] {logging_mixin.py:188} INFO - [2024-03-29T16:55:17.018+0000] {dag.py:3820} INFO - Setting next_dagrun for demo_retry_and_alert to None, run_after=None
[2024-03-29T16:55:17.063+0000] {processor.py:183} INFO - Processing /opt/airflow/dags/demo_retry_and_alert.py took 0.364 seconds
[2024-03-29T16:55:47.398+0000] {processor.py:161} INFO - Started process (PID=1765) to work on /opt/airflow/dags/demo_retry_and_alert.py
[2024-03-29T16:55:47.406+0000] {processor.py:830} INFO - Processing file /opt/airflow/dags/demo_retry_and_alert.py for tasks to queue
[2024-03-29T16:55:47.411+0000] {logging_mixin.py:188} INFO - [2024-03-29T16:55:47.409+0000] {dagbag.py:538} INFO - Filling up the DagBag from /opt/airflow/dags/demo_retry_and_alert.py
[2024-03-29T16:55:47.437+0000] {processor.py:840} INFO - DAG(s) 'demo_retry_and_alert' retrieved from /opt/airflow/dags/demo_retry_and_alert.py
[2024-03-29T16:55:47.525+0000] {logging_mixin.py:188} INFO - [2024-03-29T16:55:47.525+0000] {dag.py:3033} INFO - Sync 1 DAGs
[2024-03-29T16:55:47.539+0000] {logging_mixin.py:188} INFO - [2024-03-29T16:55:47.539+0000] {dag.py:3820} INFO - Setting next_dagrun for demo_retry_and_alert to None, run_after=None
[2024-03-29T16:55:47.554+0000] {processor.py:183} INFO - Processing /opt/airflow/dags/demo_retry_and_alert.py took 0.162 seconds
[2024-03-29T16:55:57.723+0000] {processor.py:161} INFO - Started process (PID=1778) to work on /opt/airflow/dags/demo_retry_and_alert.py
[2024-03-29T16:55:57.730+0000] {processor.py:830} INFO - Processing file /opt/airflow/dags/demo_retry_and_alert.py for tasks to queue
[2024-03-29T16:55:57.734+0000] {logging_mixin.py:188} INFO - [2024-03-29T16:55:57.733+0000] {dagbag.py:538} INFO - Filling up the DagBag from /opt/airflow/dags/demo_retry_and_alert.py
[2024-03-29T16:55:57.759+0000] {processor.py:840} INFO - DAG(s) 'demo_retry_and_alert' retrieved from /opt/airflow/dags/demo_retry_and_alert.py
[2024-03-29T16:55:57.950+0000] {logging_mixin.py:188} INFO - [2024-03-29T16:55:57.950+0000] {dag.py:3033} INFO - Sync 1 DAGs
[2024-03-29T16:55:57.960+0000] {logging_mixin.py:188} INFO - [2024-03-29T16:55:57.959+0000] {dag.py:3820} INFO - Setting next_dagrun for demo_retry_and_alert to None, run_after=None
[2024-03-29T16:55:57.977+0000] {processor.py:183} INFO - Processing /opt/airflow/dags/demo_retry_and_alert.py took 0.266 seconds
[2024-03-29T16:56:28.293+0000] {processor.py:161} INFO - Started process (PID=1901) to work on /opt/airflow/dags/demo_retry_and_alert.py
[2024-03-29T16:56:28.297+0000] {processor.py:830} INFO - Processing file /opt/airflow/dags/demo_retry_and_alert.py for tasks to queue
[2024-03-29T16:56:28.300+0000] {logging_mixin.py:188} INFO - [2024-03-29T16:56:28.299+0000] {dagbag.py:538} INFO - Filling up the DagBag from /opt/airflow/dags/demo_retry_and_alert.py
[2024-03-29T16:56:28.357+0000] {processor.py:840} INFO - DAG(s) 'demo_retry_and_alert' retrieved from /opt/airflow/dags/demo_retry_and_alert.py
[2024-03-29T16:56:28.421+0000] {logging_mixin.py:188} INFO - [2024-03-29T16:56:28.420+0000] {dag.py:3033} INFO - Sync 1 DAGs
[2024-03-29T16:56:28.439+0000] {logging_mixin.py:188} INFO - [2024-03-29T16:56:28.439+0000] {dag.py:3820} INFO - Setting next_dagrun for demo_retry_and_alert to None, run_after=None
[2024-03-29T16:56:28.461+0000] {processor.py:183} INFO - Processing /opt/airflow/dags/demo_retry_and_alert.py took 0.176 seconds
[2024-03-29T16:56:59.192+0000] {processor.py:161} INFO - Started process (PID=2018) to work on /opt/airflow/dags/demo_retry_and_alert.py
[2024-03-29T16:56:59.194+0000] {processor.py:830} INFO - Processing file /opt/airflow/dags/demo_retry_and_alert.py for tasks to queue
[2024-03-29T16:56:59.196+0000] {logging_mixin.py:188} INFO - [2024-03-29T16:56:59.195+0000] {dagbag.py:538} INFO - Filling up the DagBag from /opt/airflow/dags/demo_retry_and_alert.py
[2024-03-29T16:56:59.229+0000] {processor.py:840} INFO - DAG(s) 'demo_retry_and_alert' retrieved from /opt/airflow/dags/demo_retry_and_alert.py
[2024-03-29T16:56:59.275+0000] {logging_mixin.py:188} INFO - [2024-03-29T16:56:59.274+0000] {dag.py:3033} INFO - Sync 1 DAGs
[2024-03-29T16:56:59.309+0000] {logging_mixin.py:188} INFO - [2024-03-29T16:56:59.308+0000] {dag.py:3820} INFO - Setting next_dagrun for demo_retry_and_alert to None, run_after=None
[2024-03-29T16:56:59.326+0000] {processor.py:183} INFO - Processing /opt/airflow/dags/demo_retry_and_alert.py took 0.139 seconds
[2024-03-29T16:57:27.445+0000] {processor.py:161} INFO - Started process (PID=2134) to work on /opt/airflow/dags/demo_retry_and_alert.py
[2024-03-29T16:57:27.450+0000] {processor.py:830} INFO - Processing file /opt/airflow/dags/demo_retry_and_alert.py for tasks to queue
[2024-03-29T16:57:27.453+0000] {logging_mixin.py:188} INFO - [2024-03-29T16:57:27.452+0000] {dagbag.py:538} INFO - Filling up the DagBag from /opt/airflow/dags/demo_retry_and_alert.py
[2024-03-29T16:57:27.490+0000] {processor.py:840} INFO - DAG(s) 'demo_retry_and_alert' retrieved from /opt/airflow/dags/demo_retry_and_alert.py
[2024-03-29T16:57:27.536+0000] {logging_mixin.py:188} INFO - [2024-03-29T16:57:27.536+0000] {dag.py:3033} INFO - Sync 1 DAGs
[2024-03-29T16:57:27.550+0000] {logging_mixin.py:188} INFO - [2024-03-29T16:57:27.549+0000] {dag.py:3820} INFO - Setting next_dagrun for demo_retry_and_alert to None, run_after=None
[2024-03-29T16:57:27.567+0000] {processor.py:183} INFO - Processing /opt/airflow/dags/demo_retry_and_alert.py took 0.128 seconds
[2024-03-29T16:57:57.988+0000] {processor.py:161} INFO - Started process (PID=2250) to work on /opt/airflow/dags/demo_retry_and_alert.py
[2024-03-29T16:57:57.992+0000] {processor.py:830} INFO - Processing file /opt/airflow/dags/demo_retry_and_alert.py for tasks to queue
[2024-03-29T16:57:57.994+0000] {logging_mixin.py:188} INFO - [2024-03-29T16:57:57.993+0000] {dagbag.py:538} INFO - Filling up the DagBag from /opt/airflow/dags/demo_retry_and_alert.py
[2024-03-29T16:57:58.015+0000] {processor.py:840} INFO - DAG(s) 'demo_retry_and_alert' retrieved from /opt/airflow/dags/demo_retry_and_alert.py
[2024-03-29T16:57:58.045+0000] {logging_mixin.py:188} INFO - [2024-03-29T16:57:58.045+0000] {dag.py:3033} INFO - Sync 1 DAGs
[2024-03-29T16:57:58.058+0000] {logging_mixin.py:188} INFO - [2024-03-29T16:57:58.058+0000] {dag.py:3820} INFO - Setting next_dagrun for demo_retry_and_alert to None, run_after=None
[2024-03-29T16:57:58.073+0000] {processor.py:183} INFO - Processing /opt/airflow/dags/demo_retry_and_alert.py took 0.089 seconds
[2024-03-29T16:58:28.370+0000] {processor.py:161} INFO - Started process (PID=2372) to work on /opt/airflow/dags/demo_retry_and_alert.py
[2024-03-29T16:58:28.378+0000] {processor.py:830} INFO - Processing file /opt/airflow/dags/demo_retry_and_alert.py for tasks to queue
[2024-03-29T16:58:28.383+0000] {logging_mixin.py:188} INFO - [2024-03-29T16:58:28.382+0000] {dagbag.py:538} INFO - Filling up the DagBag from /opt/airflow/dags/demo_retry_and_alert.py
[2024-03-29T16:58:28.608+0000] {processor.py:840} INFO - DAG(s) 'demo_retry_and_alert' retrieved from /opt/airflow/dags/demo_retry_and_alert.py
[2024-03-29T16:58:28.707+0000] {logging_mixin.py:188} INFO - [2024-03-29T16:58:28.707+0000] {dag.py:3033} INFO - Sync 1 DAGs
[2024-03-29T16:58:28.744+0000] {logging_mixin.py:188} INFO - [2024-03-29T16:58:28.744+0000] {dag.py:3820} INFO - Setting next_dagrun for demo_retry_and_alert to None, run_after=None
[2024-03-29T16:58:28.777+0000] {processor.py:183} INFO - Processing /opt/airflow/dags/demo_retry_and_alert.py took 0.417 seconds
[2024-03-29T16:58:59.831+0000] {processor.py:161} INFO - Started process (PID=2490) to work on /opt/airflow/dags/demo_retry_and_alert.py
[2024-03-29T16:58:59.834+0000] {processor.py:830} INFO - Processing file /opt/airflow/dags/demo_retry_and_alert.py for tasks to queue
[2024-03-29T16:58:59.836+0000] {logging_mixin.py:188} INFO - [2024-03-29T16:58:59.836+0000] {dagbag.py:538} INFO - Filling up the DagBag from /opt/airflow/dags/demo_retry_and_alert.py
[2024-03-29T16:58:59.873+0000] {processor.py:840} INFO - DAG(s) 'demo_retry_and_alert' retrieved from /opt/airflow/dags/demo_retry_and_alert.py
[2024-03-29T16:58:59.948+0000] {logging_mixin.py:188} INFO - [2024-03-29T16:58:59.948+0000] {dag.py:3033} INFO - Sync 1 DAGs
[2024-03-29T16:58:59.974+0000] {logging_mixin.py:188} INFO - [2024-03-29T16:58:59.974+0000] {dag.py:3820} INFO - Setting next_dagrun for demo_retry_and_alert to None, run_after=None
[2024-03-29T16:59:00.001+0000] {processor.py:183} INFO - Processing /opt/airflow/dags/demo_retry_and_alert.py took 0.175 seconds
[2024-03-29T16:59:30.501+0000] {processor.py:161} INFO - Started process (PID=2606) to work on /opt/airflow/dags/demo_retry_and_alert.py
[2024-03-29T16:59:30.503+0000] {processor.py:830} INFO - Processing file /opt/airflow/dags/demo_retry_and_alert.py for tasks to queue
[2024-03-29T16:59:30.505+0000] {logging_mixin.py:188} INFO - [2024-03-29T16:59:30.504+0000] {dagbag.py:538} INFO - Filling up the DagBag from /opt/airflow/dags/demo_retry_and_alert.py
[2024-03-29T16:59:30.533+0000] {processor.py:840} INFO - DAG(s) 'demo_retry_and_alert' retrieved from /opt/airflow/dags/demo_retry_and_alert.py
[2024-03-29T16:59:30.656+0000] {logging_mixin.py:188} INFO - [2024-03-29T16:59:30.655+0000] {dag.py:3033} INFO - Sync 1 DAGs
[2024-03-29T16:59:30.691+0000] {logging_mixin.py:188} INFO - [2024-03-29T16:59:30.691+0000] {dag.py:3820} INFO - Setting next_dagrun for demo_retry_and_alert to None, run_after=None
[2024-03-29T16:59:30.713+0000] {processor.py:183} INFO - Processing /opt/airflow/dags/demo_retry_and_alert.py took 0.232 seconds
[2024-03-29T17:00:01.547+0000] {processor.py:161} INFO - Started process (PID=2730) to work on /opt/airflow/dags/demo_retry_and_alert.py
[2024-03-29T17:00:01.549+0000] {processor.py:830} INFO - Processing file /opt/airflow/dags/demo_retry_and_alert.py for tasks to queue
[2024-03-29T17:00:01.551+0000] {logging_mixin.py:188} INFO - [2024-03-29T17:00:01.551+0000] {dagbag.py:538} INFO - Filling up the DagBag from /opt/airflow/dags/demo_retry_and_alert.py
[2024-03-29T17:00:01.578+0000] {processor.py:840} INFO - DAG(s) 'demo_retry_and_alert' retrieved from /opt/airflow/dags/demo_retry_and_alert.py
[2024-03-29T17:00:01.633+0000] {logging_mixin.py:188} INFO - [2024-03-29T17:00:01.633+0000] {dag.py:3033} INFO - Sync 1 DAGs
[2024-03-29T17:00:01.650+0000] {logging_mixin.py:188} INFO - [2024-03-29T17:00:01.649+0000] {dag.py:3820} INFO - Setting next_dagrun for demo_retry_and_alert to None, run_after=None
[2024-03-29T17:00:01.667+0000] {processor.py:183} INFO - Processing /opt/airflow/dags/demo_retry_and_alert.py took 0.127 seconds
[2024-03-29T17:00:32.222+0000] {processor.py:161} INFO - Started process (PID=2846) to work on /opt/airflow/dags/demo_retry_and_alert.py
[2024-03-29T17:00:32.225+0000] {processor.py:830} INFO - Processing file /opt/airflow/dags/demo_retry_and_alert.py for tasks to queue
[2024-03-29T17:00:32.227+0000] {logging_mixin.py:188} INFO - [2024-03-29T17:00:32.226+0000] {dagbag.py:538} INFO - Filling up the DagBag from /opt/airflow/dags/demo_retry_and_alert.py
[2024-03-29T17:00:32.251+0000] {processor.py:840} INFO - DAG(s) 'demo_retry_and_alert' retrieved from /opt/airflow/dags/demo_retry_and_alert.py
[2024-03-29T17:00:32.291+0000] {logging_mixin.py:188} INFO - [2024-03-29T17:00:32.291+0000] {dag.py:3033} INFO - Sync 1 DAGs
[2024-03-29T17:00:32.305+0000] {logging_mixin.py:188} INFO - [2024-03-29T17:00:32.305+0000] {dag.py:3820} INFO - Setting next_dagrun for demo_retry_and_alert to None, run_after=None
[2024-03-29T17:00:32.329+0000] {processor.py:183} INFO - Processing /opt/airflow/dags/demo_retry_and_alert.py took 0.123 seconds
[2024-03-29T17:01:02.930+0000] {processor.py:161} INFO - Started process (PID=2980) to work on /opt/airflow/dags/demo_retry_and_alert.py
[2024-03-29T17:01:02.935+0000] {processor.py:830} INFO - Processing file /opt/airflow/dags/demo_retry_and_alert.py for tasks to queue
[2024-03-29T17:01:02.939+0000] {logging_mixin.py:188} INFO - [2024-03-29T17:01:02.937+0000] {dagbag.py:538} INFO - Filling up the DagBag from /opt/airflow/dags/demo_retry_and_alert.py
[2024-03-29T17:01:03.015+0000] {processor.py:840} INFO - DAG(s) 'demo_retry_and_alert' retrieved from /opt/airflow/dags/demo_retry_and_alert.py
[2024-03-29T17:01:03.075+0000] {logging_mixin.py:188} INFO - [2024-03-29T17:01:03.075+0000] {dag.py:3033} INFO - Sync 1 DAGs
[2024-03-29T17:01:03.099+0000] {logging_mixin.py:188} INFO - [2024-03-29T17:01:03.099+0000] {dag.py:3820} INFO - Setting next_dagrun for demo_retry_and_alert to None, run_after=None
[2024-03-29T17:01:03.124+0000] {processor.py:183} INFO - Processing /opt/airflow/dags/demo_retry_and_alert.py took 0.206 seconds
[2024-03-29T17:01:34.285+0000] {processor.py:161} INFO - Started process (PID=3119) to work on /opt/airflow/dags/demo_retry_and_alert.py
[2024-03-29T17:01:34.299+0000] {processor.py:830} INFO - Processing file /opt/airflow/dags/demo_retry_and_alert.py for tasks to queue
[2024-03-29T17:01:34.310+0000] {logging_mixin.py:188} INFO - [2024-03-29T17:01:34.308+0000] {dagbag.py:538} INFO - Filling up the DagBag from /opt/airflow/dags/demo_retry_and_alert.py
[2024-03-29T17:01:34.454+0000] {processor.py:840} INFO - DAG(s) 'demo_retry_and_alert' retrieved from /opt/airflow/dags/demo_retry_and_alert.py
[2024-03-29T17:01:34.609+0000] {logging_mixin.py:188} INFO - [2024-03-29T17:01:34.609+0000] {dag.py:3033} INFO - Sync 1 DAGs
[2024-03-29T17:01:34.653+0000] {logging_mixin.py:188} INFO - [2024-03-29T17:01:34.652+0000] {dag.py:3820} INFO - Setting next_dagrun for demo_retry_and_alert to None, run_after=None
[2024-03-29T17:01:34.707+0000] {processor.py:183} INFO - Processing /opt/airflow/dags/demo_retry_and_alert.py took 0.440 seconds
[2024-03-29T17:02:05.775+0000] {processor.py:161} INFO - Started process (PID=3254) to work on /opt/airflow/dags/demo_retry_and_alert.py
[2024-03-29T17:02:05.810+0000] {processor.py:830} INFO - Processing file /opt/airflow/dags/demo_retry_and_alert.py for tasks to queue
[2024-03-29T17:02:05.833+0000] {logging_mixin.py:188} INFO - [2024-03-29T17:02:05.826+0000] {dagbag.py:538} INFO - Filling up the DagBag from /opt/airflow/dags/demo_retry_and_alert.py
[2024-03-29T17:02:06.226+0000] {processor.py:840} INFO - DAG(s) 'demo_retry_and_alert' retrieved from /opt/airflow/dags/demo_retry_and_alert.py
[2024-03-29T17:02:06.560+0000] {logging_mixin.py:188} INFO - [2024-03-29T17:02:06.557+0000] {dag.py:3033} INFO - Sync 1 DAGs
[2024-03-29T17:02:06.603+0000] {logging_mixin.py:188} INFO - [2024-03-29T17:02:06.602+0000] {dag.py:3820} INFO - Setting next_dagrun for demo_retry_and_alert to None, run_after=None
[2024-03-29T17:02:06.674+0000] {processor.py:183} INFO - Processing /opt/airflow/dags/demo_retry_and_alert.py took 0.914 seconds
[2024-03-29T17:02:37.669+0000] {processor.py:161} INFO - Started process (PID=3370) to work on /opt/airflow/dags/demo_retry_and_alert.py
[2024-03-29T17:02:37.674+0000] {processor.py:830} INFO - Processing file /opt/airflow/dags/demo_retry_and_alert.py for tasks to queue
[2024-03-29T17:02:37.679+0000] {logging_mixin.py:188} INFO - [2024-03-29T17:02:37.677+0000] {dagbag.py:538} INFO - Filling up the DagBag from /opt/airflow/dags/demo_retry_and_alert.py
[2024-03-29T17:02:37.717+0000] {processor.py:840} INFO - DAG(s) 'demo_retry_and_alert' retrieved from /opt/airflow/dags/demo_retry_and_alert.py
[2024-03-29T17:02:37.777+0000] {logging_mixin.py:188} INFO - [2024-03-29T17:02:37.776+0000] {dag.py:3033} INFO - Sync 1 DAGs
[2024-03-29T17:02:37.804+0000] {logging_mixin.py:188} INFO - [2024-03-29T17:02:37.803+0000] {dag.py:3820} INFO - Setting next_dagrun for demo_retry_and_alert to None, run_after=None
[2024-03-29T17:02:37.858+0000] {processor.py:183} INFO - Processing /opt/airflow/dags/demo_retry_and_alert.py took 0.202 seconds
[2024-03-29T17:03:08.330+0000] {processor.py:161} INFO - Started process (PID=3489) to work on /opt/airflow/dags/demo_retry_and_alert.py
[2024-03-29T17:03:08.338+0000] {processor.py:830} INFO - Processing file /opt/airflow/dags/demo_retry_and_alert.py for tasks to queue
[2024-03-29T17:03:08.344+0000] {logging_mixin.py:188} INFO - [2024-03-29T17:03:08.343+0000] {dagbag.py:538} INFO - Filling up the DagBag from /opt/airflow/dags/demo_retry_and_alert.py
[2024-03-29T17:03:08.383+0000] {processor.py:840} INFO - DAG(s) 'demo_retry_and_alert' retrieved from /opt/airflow/dags/demo_retry_and_alert.py
[2024-03-29T17:03:08.464+0000] {logging_mixin.py:188} INFO - [2024-03-29T17:03:08.463+0000] {dag.py:3033} INFO - Sync 1 DAGs
[2024-03-29T17:03:08.486+0000] {logging_mixin.py:188} INFO - [2024-03-29T17:03:08.486+0000] {dag.py:3820} INFO - Setting next_dagrun for demo_retry_and_alert to None, run_after=None
[2024-03-29T17:03:08.524+0000] {processor.py:183} INFO - Processing /opt/airflow/dags/demo_retry_and_alert.py took 0.203 seconds
[2024-03-29T17:03:39.537+0000] {processor.py:161} INFO - Started process (PID=3609) to work on /opt/airflow/dags/demo_retry_and_alert.py
[2024-03-29T17:03:39.538+0000] {processor.py:830} INFO - Processing file /opt/airflow/dags/demo_retry_and_alert.py for tasks to queue
[2024-03-29T17:03:39.540+0000] {logging_mixin.py:188} INFO - [2024-03-29T17:03:39.539+0000] {dagbag.py:538} INFO - Filling up the DagBag from /opt/airflow/dags/demo_retry_and_alert.py
[2024-03-29T17:03:39.570+0000] {processor.py:840} INFO - DAG(s) 'demo_retry_and_alert' retrieved from /opt/airflow/dags/demo_retry_and_alert.py
[2024-03-29T17:03:39.640+0000] {logging_mixin.py:188} INFO - [2024-03-29T17:03:39.640+0000] {dag.py:3033} INFO - Sync 1 DAGs
[2024-03-29T17:03:39.661+0000] {logging_mixin.py:188} INFO - [2024-03-29T17:03:39.661+0000] {dag.py:3820} INFO - Setting next_dagrun for demo_retry_and_alert to None, run_after=None
[2024-03-29T17:03:39.719+0000] {processor.py:183} INFO - Processing /opt/airflow/dags/demo_retry_and_alert.py took 0.188 seconds
[2024-03-29T17:04:10.589+0000] {processor.py:161} INFO - Started process (PID=3729) to work on /opt/airflow/dags/demo_retry_and_alert.py
[2024-03-29T17:04:10.591+0000] {processor.py:830} INFO - Processing file /opt/airflow/dags/demo_retry_and_alert.py for tasks to queue
[2024-03-29T17:04:10.593+0000] {logging_mixin.py:188} INFO - [2024-03-29T17:04:10.592+0000] {dagbag.py:538} INFO - Filling up the DagBag from /opt/airflow/dags/demo_retry_and_alert.py
[2024-03-29T17:04:10.639+0000] {processor.py:840} INFO - DAG(s) 'demo_retry_and_alert' retrieved from /opt/airflow/dags/demo_retry_and_alert.py
[2024-03-29T17:04:10.713+0000] {logging_mixin.py:188} INFO - [2024-03-29T17:04:10.712+0000] {dag.py:3033} INFO - Sync 1 DAGs
[2024-03-29T17:04:10.735+0000] {logging_mixin.py:188} INFO - [2024-03-29T17:04:10.735+0000] {dag.py:3820} INFO - Setting next_dagrun for demo_retry_and_alert to None, run_after=None
[2024-03-29T17:04:10.770+0000] {processor.py:183} INFO - Processing /opt/airflow/dags/demo_retry_and_alert.py took 0.189 seconds
[2024-03-29T17:04:41.545+0000] {processor.py:161} INFO - Started process (PID=3857) to work on /opt/airflow/dags/demo_retry_and_alert.py
[2024-03-29T17:04:41.551+0000] {processor.py:830} INFO - Processing file /opt/airflow/dags/demo_retry_and_alert.py for tasks to queue
[2024-03-29T17:04:41.558+0000] {logging_mixin.py:188} INFO - [2024-03-29T17:04:41.555+0000] {dagbag.py:538} INFO - Filling up the DagBag from /opt/airflow/dags/demo_retry_and_alert.py
[2024-03-29T17:04:41.617+0000] {processor.py:840} INFO - DAG(s) 'demo_retry_and_alert' retrieved from /opt/airflow/dags/demo_retry_and_alert.py
[2024-03-29T17:04:41.692+0000] {logging_mixin.py:188} INFO - [2024-03-29T17:04:41.692+0000] {dag.py:3033} INFO - Sync 1 DAGs
[2024-03-29T17:04:41.734+0000] {logging_mixin.py:188} INFO - [2024-03-29T17:04:41.734+0000] {dag.py:3820} INFO - Setting next_dagrun for demo_retry_and_alert to None, run_after=None
[2024-03-29T17:04:41.779+0000] {processor.py:183} INFO - Processing /opt/airflow/dags/demo_retry_and_alert.py took 0.245 seconds
[2024-03-29T17:05:12.469+0000] {processor.py:161} INFO - Started process (PID=3974) to work on /opt/airflow/dags/demo_retry_and_alert.py
[2024-03-29T17:05:12.473+0000] {processor.py:830} INFO - Processing file /opt/airflow/dags/demo_retry_and_alert.py for tasks to queue
[2024-03-29T17:05:12.475+0000] {logging_mixin.py:188} INFO - [2024-03-29T17:05:12.474+0000] {dagbag.py:538} INFO - Filling up the DagBag from /opt/airflow/dags/demo_retry_and_alert.py
[2024-03-29T17:05:12.512+0000] {processor.py:840} INFO - DAG(s) 'demo_retry_and_alert' retrieved from /opt/airflow/dags/demo_retry_and_alert.py
[2024-03-29T17:05:12.655+0000] {logging_mixin.py:188} INFO - [2024-03-29T17:05:12.655+0000] {dag.py:3033} INFO - Sync 1 DAGs
[2024-03-29T17:05:12.680+0000] {logging_mixin.py:188} INFO - [2024-03-29T17:05:12.680+0000] {dag.py:3820} INFO - Setting next_dagrun for demo_retry_and_alert to None, run_after=None
[2024-03-29T17:05:12.708+0000] {processor.py:183} INFO - Processing /opt/airflow/dags/demo_retry_and_alert.py took 0.260 seconds
[2024-03-29T17:05:43.203+0000] {processor.py:161} INFO - Started process (PID=4095) to work on /opt/airflow/dags/demo_retry_and_alert.py
[2024-03-29T17:05:43.208+0000] {processor.py:830} INFO - Processing file /opt/airflow/dags/demo_retry_and_alert.py for tasks to queue
[2024-03-29T17:05:43.213+0000] {logging_mixin.py:188} INFO - [2024-03-29T17:05:43.211+0000] {dagbag.py:538} INFO - Filling up the DagBag from /opt/airflow/dags/demo_retry_and_alert.py
[2024-03-29T17:05:43.256+0000] {processor.py:840} INFO - DAG(s) 'demo_retry_and_alert' retrieved from /opt/airflow/dags/demo_retry_and_alert.py
[2024-03-29T17:05:43.319+0000] {logging_mixin.py:188} INFO - [2024-03-29T17:05:43.318+0000] {dag.py:3033} INFO - Sync 1 DAGs
[2024-03-29T17:05:43.341+0000] {logging_mixin.py:188} INFO - [2024-03-29T17:05:43.341+0000] {dag.py:3820} INFO - Setting next_dagrun for demo_retry_and_alert to None, run_after=None
[2024-03-29T17:05:43.382+0000] {processor.py:183} INFO - Processing /opt/airflow/dags/demo_retry_and_alert.py took 0.199 seconds
[2024-03-29T17:06:13.987+0000] {processor.py:161} INFO - Started process (PID=4216) to work on /opt/airflow/dags/demo_retry_and_alert.py
[2024-03-29T17:06:13.993+0000] {processor.py:830} INFO - Processing file /opt/airflow/dags/demo_retry_and_alert.py for tasks to queue
[2024-03-29T17:06:13.995+0000] {logging_mixin.py:188} INFO - [2024-03-29T17:06:13.994+0000] {dagbag.py:538} INFO - Filling up the DagBag from /opt/airflow/dags/demo_retry_and_alert.py
[2024-03-29T17:06:14.031+0000] {processor.py:840} INFO - DAG(s) 'demo_retry_and_alert' retrieved from /opt/airflow/dags/demo_retry_and_alert.py
[2024-03-29T17:06:14.091+0000] {logging_mixin.py:188} INFO - [2024-03-29T17:06:14.090+0000] {dag.py:3033} INFO - Sync 1 DAGs
[2024-03-29T17:06:14.110+0000] {logging_mixin.py:188} INFO - [2024-03-29T17:06:14.110+0000] {dag.py:3820} INFO - Setting next_dagrun for demo_retry_and_alert to None, run_after=None
[2024-03-29T17:06:14.138+0000] {processor.py:183} INFO - Processing /opt/airflow/dags/demo_retry_and_alert.py took 0.169 seconds
[2024-03-29T17:06:44.422+0000] {processor.py:161} INFO - Started process (PID=4336) to work on /opt/airflow/dags/demo_retry_and_alert.py
[2024-03-29T17:06:44.428+0000] {processor.py:830} INFO - Processing file /opt/airflow/dags/demo_retry_and_alert.py for tasks to queue
[2024-03-29T17:06:44.432+0000] {logging_mixin.py:188} INFO - [2024-03-29T17:06:44.431+0000] {dagbag.py:538} INFO - Filling up the DagBag from /opt/airflow/dags/demo_retry_and_alert.py
[2024-03-29T17:06:44.550+0000] {processor.py:840} INFO - DAG(s) 'demo_retry_and_alert' retrieved from /opt/airflow/dags/demo_retry_and_alert.py
[2024-03-29T17:06:44.659+0000] {logging_mixin.py:188} INFO - [2024-03-29T17:06:44.658+0000] {dag.py:3033} INFO - Sync 1 DAGs
[2024-03-29T17:06:44.698+0000] {logging_mixin.py:188} INFO - [2024-03-29T17:06:44.697+0000] {dag.py:3820} INFO - Setting next_dagrun for demo_retry_and_alert to None, run_after=None
[2024-03-29T17:06:44.757+0000] {processor.py:183} INFO - Processing /opt/airflow/dags/demo_retry_and_alert.py took 0.358 seconds
[2024-03-29T17:07:19.688+0000] {processor.py:161} INFO - Started process (PID=4465) to work on /opt/airflow/dags/demo_retry_and_alert.py
[2024-03-29T17:07:19.704+0000] {processor.py:830} INFO - Processing file /opt/airflow/dags/demo_retry_and_alert.py for tasks to queue
[2024-03-29T17:07:19.713+0000] {logging_mixin.py:188} INFO - [2024-03-29T17:07:19.708+0000] {dagbag.py:538} INFO - Filling up the DagBag from /opt/airflow/dags/demo_retry_and_alert.py
[2024-03-29T17:07:19.866+0000] {processor.py:840} INFO - DAG(s) 'demo_retry_and_alert' retrieved from /opt/airflow/dags/demo_retry_and_alert.py
[2024-03-29T17:07:20.776+0000] {logging_mixin.py:188} INFO - [2024-03-29T17:07:20.765+0000] {dag.py:3033} INFO - Sync 1 DAGs
[2024-03-29T17:07:21.013+0000] {logging_mixin.py:188} INFO - [2024-03-29T17:07:21.012+0000] {dag.py:3820} INFO - Setting next_dagrun for demo_retry_and_alert to None, run_after=None
[2024-03-29T17:07:21.885+0000] {processor.py:183} INFO - Processing /opt/airflow/dags/demo_retry_and_alert.py took 2.264 seconds
[2024-03-29T17:07:52.830+0000] {processor.py:161} INFO - Started process (PID=4592) to work on /opt/airflow/dags/demo_retry_and_alert.py
[2024-03-29T17:07:52.834+0000] {processor.py:830} INFO - Processing file /opt/airflow/dags/demo_retry_and_alert.py for tasks to queue
[2024-03-29T17:07:52.839+0000] {logging_mixin.py:188} INFO - [2024-03-29T17:07:52.837+0000] {dagbag.py:538} INFO - Filling up the DagBag from /opt/airflow/dags/demo_retry_and_alert.py
[2024-03-29T17:07:52.890+0000] {processor.py:840} INFO - DAG(s) 'demo_retry_and_alert' retrieved from /opt/airflow/dags/demo_retry_and_alert.py
[2024-03-29T17:07:53.012+0000] {logging_mixin.py:188} INFO - [2024-03-29T17:07:53.011+0000] {dag.py:3033} INFO - Sync 1 DAGs
[2024-03-29T17:07:53.041+0000] {logging_mixin.py:188} INFO - [2024-03-29T17:07:53.041+0000] {dag.py:3820} INFO - Setting next_dagrun for demo_retry_and_alert to None, run_after=None
[2024-03-29T17:07:53.160+0000] {processor.py:183} INFO - Processing /opt/airflow/dags/demo_retry_and_alert.py took 0.343 seconds
[2024-03-29T17:08:23.629+0000] {processor.py:161} INFO - Started process (PID=4706) to work on /opt/airflow/dags/demo_retry_and_alert.py
[2024-03-29T17:08:23.636+0000] {processor.py:830} INFO - Processing file /opt/airflow/dags/demo_retry_and_alert.py for tasks to queue
[2024-03-29T17:08:23.639+0000] {logging_mixin.py:188} INFO - [2024-03-29T17:08:23.638+0000] {dagbag.py:538} INFO - Filling up the DagBag from /opt/airflow/dags/demo_retry_and_alert.py
[2024-03-29T17:08:23.711+0000] {processor.py:840} INFO - DAG(s) 'demo_retry_and_alert' retrieved from /opt/airflow/dags/demo_retry_and_alert.py
[2024-03-29T17:08:23.848+0000] {logging_mixin.py:188} INFO - [2024-03-29T17:08:23.848+0000] {dag.py:3033} INFO - Sync 1 DAGs
[2024-03-29T17:08:23.884+0000] {logging_mixin.py:188} INFO - [2024-03-29T17:08:23.883+0000] {dag.py:3820} INFO - Setting next_dagrun for demo_retry_and_alert to None, run_after=None
[2024-03-29T17:08:24.044+0000] {processor.py:183} INFO - Processing /opt/airflow/dags/demo_retry_and_alert.py took 0.448 seconds
[2024-03-29T17:08:54.934+0000] {processor.py:161} INFO - Started process (PID=4827) to work on /opt/airflow/dags/demo_retry_and_alert.py
[2024-03-29T17:08:54.939+0000] {processor.py:830} INFO - Processing file /opt/airflow/dags/demo_retry_and_alert.py for tasks to queue
[2024-03-29T17:08:54.942+0000] {logging_mixin.py:188} INFO - [2024-03-29T17:08:54.941+0000] {dagbag.py:538} INFO - Filling up the DagBag from /opt/airflow/dags/demo_retry_and_alert.py
[2024-03-29T17:08:55.006+0000] {processor.py:840} INFO - DAG(s) 'demo_retry_and_alert' retrieved from /opt/airflow/dags/demo_retry_and_alert.py
[2024-03-29T17:08:55.199+0000] {logging_mixin.py:188} INFO - [2024-03-29T17:08:55.197+0000] {dag.py:3033} INFO - Sync 1 DAGs
[2024-03-29T17:08:55.282+0000] {logging_mixin.py:188} INFO - [2024-03-29T17:08:55.281+0000] {dag.py:3820} INFO - Setting next_dagrun for demo_retry_and_alert to None, run_after=None
[2024-03-29T17:08:55.334+0000] {processor.py:183} INFO - Processing /opt/airflow/dags/demo_retry_and_alert.py took 0.413 seconds
[2024-03-29T17:09:25.835+0000] {processor.py:161} INFO - Started process (PID=4944) to work on /opt/airflow/dags/demo_retry_and_alert.py
[2024-03-29T17:09:25.840+0000] {processor.py:830} INFO - Processing file /opt/airflow/dags/demo_retry_and_alert.py for tasks to queue
[2024-03-29T17:09:25.845+0000] {logging_mixin.py:188} INFO - [2024-03-29T17:09:25.843+0000] {dagbag.py:538} INFO - Filling up the DagBag from /opt/airflow/dags/demo_retry_and_alert.py
[2024-03-29T17:09:25.895+0000] {processor.py:840} INFO - DAG(s) 'demo_retry_and_alert' retrieved from /opt/airflow/dags/demo_retry_and_alert.py
[2024-03-29T17:09:26.004+0000] {logging_mixin.py:188} INFO - [2024-03-29T17:09:26.003+0000] {dag.py:3033} INFO - Sync 1 DAGs
[2024-03-29T17:09:26.038+0000] {logging_mixin.py:188} INFO - [2024-03-29T17:09:26.038+0000] {dag.py:3820} INFO - Setting next_dagrun for demo_retry_and_alert to None, run_after=None
[2024-03-29T17:09:26.081+0000] {processor.py:183} INFO - Processing /opt/airflow/dags/demo_retry_and_alert.py took 0.264 seconds
[2024-03-29T17:09:56.623+0000] {processor.py:161} INFO - Started process (PID=5065) to work on /opt/airflow/dags/demo_retry_and_alert.py
[2024-03-29T17:09:56.648+0000] {processor.py:830} INFO - Processing file /opt/airflow/dags/demo_retry_and_alert.py for tasks to queue
[2024-03-29T17:09:56.653+0000] {logging_mixin.py:188} INFO - [2024-03-29T17:09:56.651+0000] {dagbag.py:538} INFO - Filling up the DagBag from /opt/airflow/dags/demo_retry_and_alert.py
[2024-03-29T17:09:56.727+0000] {processor.py:840} INFO - DAG(s) 'demo_retry_and_alert' retrieved from /opt/airflow/dags/demo_retry_and_alert.py
[2024-03-29T17:09:56.872+0000] {logging_mixin.py:188} INFO - [2024-03-29T17:09:56.871+0000] {dag.py:3033} INFO - Sync 1 DAGs
[2024-03-29T17:09:56.918+0000] {logging_mixin.py:188} INFO - [2024-03-29T17:09:56.916+0000] {dag.py:3820} INFO - Setting next_dagrun for demo_retry_and_alert to None, run_after=None
[2024-03-29T17:09:56.986+0000] {processor.py:183} INFO - Processing /opt/airflow/dags/demo_retry_and_alert.py took 0.377 seconds
[2024-03-29T17:10:27.895+0000] {processor.py:161} INFO - Started process (PID=5184) to work on /opt/airflow/dags/demo_retry_and_alert.py
[2024-03-29T17:10:27.906+0000] {processor.py:830} INFO - Processing file /opt/airflow/dags/demo_retry_and_alert.py for tasks to queue
[2024-03-29T17:10:27.915+0000] {logging_mixin.py:188} INFO - [2024-03-29T17:10:27.913+0000] {dagbag.py:538} INFO - Filling up the DagBag from /opt/airflow/dags/demo_retry_and_alert.py
[2024-03-29T17:10:28.063+0000] {processor.py:840} INFO - DAG(s) 'demo_retry_and_alert' retrieved from /opt/airflow/dags/demo_retry_and_alert.py
[2024-03-29T17:10:28.606+0000] {logging_mixin.py:188} INFO - [2024-03-29T17:10:28.603+0000] {dag.py:3033} INFO - Sync 1 DAGs
[2024-03-29T17:10:29.566+0000] {logging_mixin.py:188} INFO - [2024-03-29T17:10:29.525+0000] {dag.py:3820} INFO - Setting next_dagrun for demo_retry_and_alert to None, run_after=None
[2024-03-29T17:10:30.150+0000] {processor.py:183} INFO - Processing /opt/airflow/dags/demo_retry_and_alert.py took 2.339 seconds
[2024-03-29T17:11:01.014+0000] {processor.py:161} INFO - Started process (PID=5298) to work on /opt/airflow/dags/demo_retry_and_alert.py
[2024-03-29T17:11:01.018+0000] {processor.py:830} INFO - Processing file /opt/airflow/dags/demo_retry_and_alert.py for tasks to queue
[2024-03-29T17:11:01.021+0000] {logging_mixin.py:188} INFO - [2024-03-29T17:11:01.020+0000] {dagbag.py:538} INFO - Filling up the DagBag from /opt/airflow/dags/demo_retry_and_alert.py
[2024-03-29T17:11:01.078+0000] {processor.py:840} INFO - DAG(s) 'demo_retry_and_alert' retrieved from /opt/airflow/dags/demo_retry_and_alert.py
[2024-03-29T17:11:01.163+0000] {logging_mixin.py:188} INFO - [2024-03-29T17:11:01.163+0000] {dag.py:3033} INFO - Sync 1 DAGs
[2024-03-29T17:11:01.194+0000] {logging_mixin.py:188} INFO - [2024-03-29T17:11:01.194+0000] {dag.py:3820} INFO - Setting next_dagrun for demo_retry_and_alert to None, run_after=None
[2024-03-29T17:11:01.226+0000] {processor.py:183} INFO - Processing /opt/airflow/dags/demo_retry_and_alert.py took 0.232 seconds
[2024-03-29T17:11:31.963+0000] {processor.py:161} INFO - Started process (PID=5419) to work on /opt/airflow/dags/demo_retry_and_alert.py
[2024-03-29T17:11:31.967+0000] {processor.py:830} INFO - Processing file /opt/airflow/dags/demo_retry_and_alert.py for tasks to queue
[2024-03-29T17:11:31.969+0000] {logging_mixin.py:188} INFO - [2024-03-29T17:11:31.968+0000] {dagbag.py:538} INFO - Filling up the DagBag from /opt/airflow/dags/demo_retry_and_alert.py
[2024-03-29T17:11:32.028+0000] {processor.py:840} INFO - DAG(s) 'demo_retry_and_alert' retrieved from /opt/airflow/dags/demo_retry_and_alert.py
[2024-03-29T17:11:32.137+0000] {logging_mixin.py:188} INFO - [2024-03-29T17:11:32.136+0000] {dag.py:3033} INFO - Sync 1 DAGs
[2024-03-29T17:11:32.168+0000] {logging_mixin.py:188} INFO - [2024-03-29T17:11:32.168+0000] {dag.py:3820} INFO - Setting next_dagrun for demo_retry_and_alert to None, run_after=None
[2024-03-29T17:11:32.222+0000] {processor.py:183} INFO - Processing /opt/airflow/dags/demo_retry_and_alert.py took 0.267 seconds
[2024-03-29T17:12:02.950+0000] {processor.py:161} INFO - Started process (PID=5540) to work on /opt/airflow/dags/demo_retry_and_alert.py
[2024-03-29T17:12:02.989+0000] {processor.py:830} INFO - Processing file /opt/airflow/dags/demo_retry_and_alert.py for tasks to queue
[2024-03-29T17:12:02.996+0000] {logging_mixin.py:188} INFO - [2024-03-29T17:12:02.994+0000] {dagbag.py:538} INFO - Filling up the DagBag from /opt/airflow/dags/demo_retry_and_alert.py
[2024-03-29T17:12:03.097+0000] {processor.py:840} INFO - DAG(s) 'demo_retry_and_alert' retrieved from /opt/airflow/dags/demo_retry_and_alert.py
[2024-03-29T17:12:03.223+0000] {logging_mixin.py:188} INFO - [2024-03-29T17:12:03.223+0000] {dag.py:3033} INFO - Sync 1 DAGs
[2024-03-29T17:12:03.289+0000] {logging_mixin.py:188} INFO - [2024-03-29T17:12:03.289+0000] {dag.py:3820} INFO - Setting next_dagrun for demo_retry_and_alert to None, run_after=None
[2024-03-29T17:12:03.336+0000] {processor.py:183} INFO - Processing /opt/airflow/dags/demo_retry_and_alert.py took 0.449 seconds
[2024-03-29T17:12:33.735+0000] {processor.py:161} INFO - Started process (PID=5653) to work on /opt/airflow/dags/demo_retry_and_alert.py
[2024-03-29T17:12:33.739+0000] {processor.py:830} INFO - Processing file /opt/airflow/dags/demo_retry_and_alert.py for tasks to queue
[2024-03-29T17:12:33.743+0000] {logging_mixin.py:188} INFO - [2024-03-29T17:12:33.742+0000] {dagbag.py:538} INFO - Filling up the DagBag from /opt/airflow/dags/demo_retry_and_alert.py
[2024-03-29T17:12:33.816+0000] {processor.py:840} INFO - DAG(s) 'demo_retry_and_alert' retrieved from /opt/airflow/dags/demo_retry_and_alert.py
[2024-03-29T17:12:33.948+0000] {logging_mixin.py:188} INFO - [2024-03-29T17:12:33.948+0000] {dag.py:3033} INFO - Sync 1 DAGs
[2024-03-29T17:12:33.990+0000] {logging_mixin.py:188} INFO - [2024-03-29T17:12:33.990+0000] {dag.py:3820} INFO - Setting next_dagrun for demo_retry_and_alert to None, run_after=None
[2024-03-29T17:12:34.024+0000] {processor.py:183} INFO - Processing /opt/airflow/dags/demo_retry_and_alert.py took 0.305 seconds
[2024-03-29T17:13:04.333+0000] {processor.py:161} INFO - Started process (PID=5779) to work on /opt/airflow/dags/demo_retry_and_alert.py
[2024-03-29T17:13:04.342+0000] {processor.py:830} INFO - Processing file /opt/airflow/dags/demo_retry_and_alert.py for tasks to queue
[2024-03-29T17:13:04.347+0000] {logging_mixin.py:188} INFO - [2024-03-29T17:13:04.345+0000] {dagbag.py:538} INFO - Filling up the DagBag from /opt/airflow/dags/demo_retry_and_alert.py
[2024-03-29T17:13:04.422+0000] {processor.py:840} INFO - DAG(s) 'demo_retry_and_alert' retrieved from /opt/airflow/dags/demo_retry_and_alert.py
[2024-03-29T17:13:04.537+0000] {logging_mixin.py:188} INFO - [2024-03-29T17:13:04.536+0000] {dag.py:3033} INFO - Sync 1 DAGs
[2024-03-29T17:13:04.584+0000] {logging_mixin.py:188} INFO - [2024-03-29T17:13:04.583+0000] {dag.py:3820} INFO - Setting next_dagrun for demo_retry_and_alert to None, run_after=None
[2024-03-29T17:13:04.662+0000] {processor.py:183} INFO - Processing /opt/airflow/dags/demo_retry_and_alert.py took 0.355 seconds
[2024-03-29T17:13:35.130+0000] {processor.py:161} INFO - Started process (PID=5905) to work on /opt/airflow/dags/demo_retry_and_alert.py
[2024-03-29T17:13:35.148+0000] {processor.py:830} INFO - Processing file /opt/airflow/dags/demo_retry_and_alert.py for tasks to queue
[2024-03-29T17:13:35.159+0000] {logging_mixin.py:188} INFO - [2024-03-29T17:13:35.155+0000] {dagbag.py:538} INFO - Filling up the DagBag from /opt/airflow/dags/demo_retry_and_alert.py
[2024-03-29T17:13:35.262+0000] {processor.py:840} INFO - DAG(s) 'demo_retry_and_alert' retrieved from /opt/airflow/dags/demo_retry_and_alert.py
[2024-03-29T17:13:35.509+0000] {logging_mixin.py:188} INFO - [2024-03-29T17:13:35.508+0000] {dag.py:3033} INFO - Sync 1 DAGs
[2024-03-29T17:13:35.564+0000] {logging_mixin.py:188} INFO - [2024-03-29T17:13:35.564+0000] {dag.py:3820} INFO - Setting next_dagrun for demo_retry_and_alert to None, run_after=None
[2024-03-29T17:13:35.638+0000] {processor.py:183} INFO - Processing /opt/airflow/dags/demo_retry_and_alert.py took 0.572 seconds
[2024-03-29T17:14:06.441+0000] {processor.py:161} INFO - Started process (PID=6030) to work on /opt/airflow/dags/demo_retry_and_alert.py
[2024-03-29T17:14:06.445+0000] {processor.py:830} INFO - Processing file /opt/airflow/dags/demo_retry_and_alert.py for tasks to queue
[2024-03-29T17:14:06.448+0000] {logging_mixin.py:188} INFO - [2024-03-29T17:14:06.447+0000] {dagbag.py:538} INFO - Filling up the DagBag from /opt/airflow/dags/demo_retry_and_alert.py
[2024-03-29T17:14:06.473+0000] {processor.py:840} INFO - DAG(s) 'demo_retry_and_alert' retrieved from /opt/airflow/dags/demo_retry_and_alert.py
[2024-03-29T17:14:06.529+0000] {logging_mixin.py:188} INFO - [2024-03-29T17:14:06.528+0000] {dag.py:3033} INFO - Sync 1 DAGs
[2024-03-29T17:14:06.548+0000] {logging_mixin.py:188} INFO - [2024-03-29T17:14:06.548+0000] {dag.py:3820} INFO - Setting next_dagrun for demo_retry_and_alert to None, run_after=None
[2024-03-29T17:14:06.573+0000] {processor.py:183} INFO - Processing /opt/airflow/dags/demo_retry_and_alert.py took 0.144 seconds
[2024-03-29T17:14:37.518+0000] {processor.py:161} INFO - Started process (PID=6161) to work on /opt/airflow/dags/demo_retry_and_alert.py
[2024-03-29T17:14:37.521+0000] {processor.py:830} INFO - Processing file /opt/airflow/dags/demo_retry_and_alert.py for tasks to queue
[2024-03-29T17:14:37.524+0000] {logging_mixin.py:188} INFO - [2024-03-29T17:14:37.523+0000] {dagbag.py:538} INFO - Filling up the DagBag from /opt/airflow/dags/demo_retry_and_alert.py
[2024-03-29T17:14:37.565+0000] {processor.py:840} INFO - DAG(s) 'demo_retry_and_alert' retrieved from /opt/airflow/dags/demo_retry_and_alert.py
[2024-03-29T17:14:37.688+0000] {logging_mixin.py:188} INFO - [2024-03-29T17:14:37.686+0000] {dag.py:3033} INFO - Sync 1 DAGs
[2024-03-29T17:14:37.763+0000] {logging_mixin.py:188} INFO - [2024-03-29T17:14:37.763+0000] {dag.py:3820} INFO - Setting next_dagrun for demo_retry_and_alert to None, run_after=None
[2024-03-29T17:14:37.837+0000] {processor.py:183} INFO - Processing /opt/airflow/dags/demo_retry_and_alert.py took 0.328 seconds
[2024-03-29T17:15:08.193+0000] {processor.py:161} INFO - Started process (PID=6271) to work on /opt/airflow/dags/demo_retry_and_alert.py
[2024-03-29T17:15:08.197+0000] {processor.py:830} INFO - Processing file /opt/airflow/dags/demo_retry_and_alert.py for tasks to queue
[2024-03-29T17:15:08.200+0000] {logging_mixin.py:188} INFO - [2024-03-29T17:15:08.199+0000] {dagbag.py:538} INFO - Filling up the DagBag from /opt/airflow/dags/demo_retry_and_alert.py
[2024-03-29T17:15:08.262+0000] {processor.py:840} INFO - DAG(s) 'demo_retry_and_alert' retrieved from /opt/airflow/dags/demo_retry_and_alert.py
[2024-03-29T17:15:08.397+0000] {logging_mixin.py:188} INFO - [2024-03-29T17:15:08.396+0000] {dag.py:3033} INFO - Sync 1 DAGs
[2024-03-29T17:15:08.443+0000] {logging_mixin.py:188} INFO - [2024-03-29T17:15:08.442+0000] {dag.py:3820} INFO - Setting next_dagrun for demo_retry_and_alert to None, run_after=None
[2024-03-29T17:15:08.493+0000] {processor.py:183} INFO - Processing /opt/airflow/dags/demo_retry_and_alert.py took 0.328 seconds
[2024-03-29T17:15:39.537+0000] {processor.py:161} INFO - Started process (PID=6397) to work on /opt/airflow/dags/demo_retry_and_alert.py
[2024-03-29T17:15:39.542+0000] {processor.py:830} INFO - Processing file /opt/airflow/dags/demo_retry_and_alert.py for tasks to queue
[2024-03-29T17:15:39.549+0000] {logging_mixin.py:188} INFO - [2024-03-29T17:15:39.546+0000] {dagbag.py:538} INFO - Filling up the DagBag from /opt/airflow/dags/demo_retry_and_alert.py
[2024-03-29T17:15:39.596+0000] {processor.py:840} INFO - DAG(s) 'demo_retry_and_alert' retrieved from /opt/airflow/dags/demo_retry_and_alert.py
[2024-03-29T17:15:39.662+0000] {logging_mixin.py:188} INFO - [2024-03-29T17:15:39.661+0000] {dag.py:3033} INFO - Sync 1 DAGs
[2024-03-29T17:15:39.698+0000] {logging_mixin.py:188} INFO - [2024-03-29T17:15:39.698+0000] {dag.py:3820} INFO - Setting next_dagrun for demo_retry_and_alert to None, run_after=None
[2024-03-29T17:15:39.723+0000] {processor.py:183} INFO - Processing /opt/airflow/dags/demo_retry_and_alert.py took 0.195 seconds
[2024-03-29T17:16:10.983+0000] {processor.py:161} INFO - Started process (PID=6525) to work on /opt/airflow/dags/demo_retry_and_alert.py
[2024-03-29T17:16:11.018+0000] {processor.py:830} INFO - Processing file /opt/airflow/dags/demo_retry_and_alert.py for tasks to queue
[2024-03-29T17:16:11.026+0000] {logging_mixin.py:188} INFO - [2024-03-29T17:16:11.022+0000] {dagbag.py:538} INFO - Filling up the DagBag from /opt/airflow/dags/demo_retry_and_alert.py
[2024-03-29T17:16:11.181+0000] {processor.py:840} INFO - DAG(s) 'demo_retry_and_alert' retrieved from /opt/airflow/dags/demo_retry_and_alert.py
[2024-03-29T17:16:12.090+0000] {logging_mixin.py:188} INFO - [2024-03-29T17:16:12.085+0000] {dag.py:3033} INFO - Sync 1 DAGs
[2024-03-29T17:16:12.338+0000] {logging_mixin.py:188} INFO - [2024-03-29T17:16:12.337+0000] {dag.py:3820} INFO - Setting next_dagrun for demo_retry_and_alert to None, run_after=None
[2024-03-29T17:16:12.563+0000] {processor.py:183} INFO - Processing /opt/airflow/dags/demo_retry_and_alert.py took 1.657 seconds
[2024-03-29T17:16:43.212+0000] {processor.py:161} INFO - Started process (PID=6652) to work on /opt/airflow/dags/demo_retry_and_alert.py
[2024-03-29T17:16:43.217+0000] {processor.py:830} INFO - Processing file /opt/airflow/dags/demo_retry_and_alert.py for tasks to queue
[2024-03-29T17:16:43.225+0000] {logging_mixin.py:188} INFO - [2024-03-29T17:16:43.223+0000] {dagbag.py:538} INFO - Filling up the DagBag from /opt/airflow/dags/demo_retry_and_alert.py
[2024-03-29T17:16:43.418+0000] {processor.py:840} INFO - DAG(s) 'demo_retry_and_alert' retrieved from /opt/airflow/dags/demo_retry_and_alert.py
[2024-03-29T17:16:43.684+0000] {logging_mixin.py:188} INFO - [2024-03-29T17:16:43.682+0000] {dag.py:3033} INFO - Sync 1 DAGs
[2024-03-29T17:16:43.839+0000] {logging_mixin.py:188} INFO - [2024-03-29T17:16:43.837+0000] {dag.py:3820} INFO - Setting next_dagrun for demo_retry_and_alert to None, run_after=None
[2024-03-29T17:16:44.296+0000] {processor.py:183} INFO - Processing /opt/airflow/dags/demo_retry_and_alert.py took 1.117 seconds
[2024-03-29T17:17:15.638+0000] {processor.py:161} INFO - Started process (PID=6778) to work on /opt/airflow/dags/demo_retry_and_alert.py
[2024-03-29T17:17:15.645+0000] {processor.py:830} INFO - Processing file /opt/airflow/dags/demo_retry_and_alert.py for tasks to queue
[2024-03-29T17:17:15.650+0000] {logging_mixin.py:188} INFO - [2024-03-29T17:17:15.648+0000] {dagbag.py:538} INFO - Filling up the DagBag from /opt/airflow/dags/demo_retry_and_alert.py
[2024-03-29T17:17:15.718+0000] {processor.py:840} INFO - DAG(s) 'demo_retry_and_alert' retrieved from /opt/airflow/dags/demo_retry_and_alert.py
[2024-03-29T17:17:15.839+0000] {logging_mixin.py:188} INFO - [2024-03-29T17:17:15.839+0000] {dag.py:3033} INFO - Sync 1 DAGs
[2024-03-29T17:17:15.890+0000] {logging_mixin.py:188} INFO - [2024-03-29T17:17:15.889+0000] {dag.py:3820} INFO - Setting next_dagrun for demo_retry_and_alert to None, run_after=None
[2024-03-29T17:17:15.944+0000] {processor.py:183} INFO - Processing /opt/airflow/dags/demo_retry_and_alert.py took 0.350 seconds
[2024-03-29T17:17:46.319+0000] {processor.py:161} INFO - Started process (PID=6904) to work on /opt/airflow/dags/demo_retry_and_alert.py
[2024-03-29T17:17:46.323+0000] {processor.py:830} INFO - Processing file /opt/airflow/dags/demo_retry_and_alert.py for tasks to queue
[2024-03-29T17:17:46.332+0000] {logging_mixin.py:188} INFO - [2024-03-29T17:17:46.329+0000] {dagbag.py:538} INFO - Filling up the DagBag from /opt/airflow/dags/demo_retry_and_alert.py
[2024-03-29T17:17:46.384+0000] {processor.py:840} INFO - DAG(s) 'demo_retry_and_alert' retrieved from /opt/airflow/dags/demo_retry_and_alert.py
[2024-03-29T17:17:46.502+0000] {logging_mixin.py:188} INFO - [2024-03-29T17:17:46.501+0000] {dag.py:3033} INFO - Sync 1 DAGs
[2024-03-29T17:17:46.545+0000] {logging_mixin.py:188} INFO - [2024-03-29T17:17:46.543+0000] {dag.py:3820} INFO - Setting next_dagrun for demo_retry_and_alert to None, run_after=None
[2024-03-29T17:17:46.580+0000] {processor.py:183} INFO - Processing /opt/airflow/dags/demo_retry_and_alert.py took 0.272 seconds
[2024-03-29T17:18:17.248+0000] {processor.py:161} INFO - Started process (PID=7022) to work on /opt/airflow/dags/demo_retry_and_alert.py
[2024-03-29T17:18:17.255+0000] {processor.py:830} INFO - Processing file /opt/airflow/dags/demo_retry_and_alert.py for tasks to queue
[2024-03-29T17:18:17.257+0000] {logging_mixin.py:188} INFO - [2024-03-29T17:18:17.256+0000] {dagbag.py:538} INFO - Filling up the DagBag from /opt/airflow/dags/demo_retry_and_alert.py
[2024-03-29T17:18:17.312+0000] {processor.py:840} INFO - DAG(s) 'demo_retry_and_alert' retrieved from /opt/airflow/dags/demo_retry_and_alert.py
[2024-03-29T17:18:17.470+0000] {logging_mixin.py:188} INFO - [2024-03-29T17:18:17.468+0000] {dag.py:3033} INFO - Sync 1 DAGs
[2024-03-29T17:18:17.646+0000] {logging_mixin.py:188} INFO - [2024-03-29T17:18:17.645+0000] {dag.py:3820} INFO - Setting next_dagrun for demo_retry_and_alert to None, run_after=None
[2024-03-29T17:18:17.783+0000] {processor.py:183} INFO - Processing /opt/airflow/dags/demo_retry_and_alert.py took 0.572 seconds
[2024-03-29T17:18:48.346+0000] {processor.py:161} INFO - Started process (PID=7148) to work on /opt/airflow/dags/demo_retry_and_alert.py
[2024-03-29T17:18:48.354+0000] {processor.py:830} INFO - Processing file /opt/airflow/dags/demo_retry_and_alert.py for tasks to queue
[2024-03-29T17:18:48.358+0000] {logging_mixin.py:188} INFO - [2024-03-29T17:18:48.356+0000] {dagbag.py:538} INFO - Filling up the DagBag from /opt/airflow/dags/demo_retry_and_alert.py
[2024-03-29T17:18:48.429+0000] {processor.py:840} INFO - DAG(s) 'demo_retry_and_alert' retrieved from /opt/airflow/dags/demo_retry_and_alert.py
[2024-03-29T17:18:48.494+0000] {logging_mixin.py:188} INFO - [2024-03-29T17:18:48.494+0000] {dag.py:3033} INFO - Sync 1 DAGs
[2024-03-29T17:18:48.540+0000] {logging_mixin.py:188} INFO - [2024-03-29T17:18:48.539+0000] {dag.py:3820} INFO - Setting next_dagrun for demo_retry_and_alert to None, run_after=None
[2024-03-29T17:18:48.573+0000] {processor.py:183} INFO - Processing /opt/airflow/dags/demo_retry_and_alert.py took 0.249 seconds
[2024-03-29T17:19:19.167+0000] {processor.py:161} INFO - Started process (PID=7274) to work on /opt/airflow/dags/demo_retry_and_alert.py
[2024-03-29T17:19:19.174+0000] {processor.py:830} INFO - Processing file /opt/airflow/dags/demo_retry_and_alert.py for tasks to queue
[2024-03-29T17:19:19.176+0000] {logging_mixin.py:188} INFO - [2024-03-29T17:19:19.176+0000] {dagbag.py:538} INFO - Filling up the DagBag from /opt/airflow/dags/demo_retry_and_alert.py
[2024-03-29T17:19:19.236+0000] {processor.py:840} INFO - DAG(s) 'demo_retry_and_alert' retrieved from /opt/airflow/dags/demo_retry_and_alert.py
[2024-03-29T17:19:19.363+0000] {logging_mixin.py:188} INFO - [2024-03-29T17:19:19.363+0000] {dag.py:3033} INFO - Sync 1 DAGs
[2024-03-29T17:19:19.399+0000] {logging_mixin.py:188} INFO - [2024-03-29T17:19:19.398+0000] {dag.py:3820} INFO - Setting next_dagrun for demo_retry_and_alert to None, run_after=None
[2024-03-29T17:19:19.435+0000] {processor.py:183} INFO - Processing /opt/airflow/dags/demo_retry_and_alert.py took 0.280 seconds
[2024-03-29T17:19:49.680+0000] {processor.py:161} INFO - Started process (PID=7411) to work on /opt/airflow/dags/demo_retry_and_alert.py
[2024-03-29T17:19:49.692+0000] {processor.py:830} INFO - Processing file /opt/airflow/dags/demo_retry_and_alert.py for tasks to queue
[2024-03-29T17:19:49.698+0000] {logging_mixin.py:188} INFO - [2024-03-29T17:19:49.697+0000] {dagbag.py:538} INFO - Filling up the DagBag from /opt/airflow/dags/demo_retry_and_alert.py
[2024-03-29T17:19:49.761+0000] {processor.py:840} INFO - DAG(s) 'demo_retry_and_alert' retrieved from /opt/airflow/dags/demo_retry_and_alert.py
[2024-03-29T17:19:49.898+0000] {logging_mixin.py:188} INFO - [2024-03-29T17:19:49.897+0000] {dag.py:3033} INFO - Sync 1 DAGs
[2024-03-29T17:19:49.953+0000] {logging_mixin.py:188} INFO - [2024-03-29T17:19:49.952+0000] {dag.py:3820} INFO - Setting next_dagrun for demo_retry_and_alert to None, run_after=None
[2024-03-29T17:19:50.029+0000] {processor.py:183} INFO - Processing /opt/airflow/dags/demo_retry_and_alert.py took 0.362 seconds
[2024-03-29T17:20:20.230+0000] {processor.py:161} INFO - Started process (PID=7537) to work on /opt/airflow/dags/demo_retry_and_alert.py
[2024-03-29T17:20:20.236+0000] {processor.py:830} INFO - Processing file /opt/airflow/dags/demo_retry_and_alert.py for tasks to queue
[2024-03-29T17:20:20.239+0000] {logging_mixin.py:188} INFO - [2024-03-29T17:20:20.238+0000] {dagbag.py:538} INFO - Filling up the DagBag from /opt/airflow/dags/demo_retry_and_alert.py
[2024-03-29T17:20:20.289+0000] {processor.py:840} INFO - DAG(s) 'demo_retry_and_alert' retrieved from /opt/airflow/dags/demo_retry_and_alert.py
[2024-03-29T17:20:20.349+0000] {logging_mixin.py:188} INFO - [2024-03-29T17:20:20.349+0000] {dag.py:3033} INFO - Sync 1 DAGs
[2024-03-29T17:20:20.370+0000] {logging_mixin.py:188} INFO - [2024-03-29T17:20:20.370+0000] {dag.py:3820} INFO - Setting next_dagrun for demo_retry_and_alert to None, run_after=None
[2024-03-29T17:20:20.398+0000] {processor.py:183} INFO - Processing /opt/airflow/dags/demo_retry_and_alert.py took 0.178 seconds
[2024-03-29T17:20:51.456+0000] {processor.py:161} INFO - Started process (PID=7663) to work on /opt/airflow/dags/demo_retry_and_alert.py
[2024-03-29T17:20:51.463+0000] {processor.py:830} INFO - Processing file /opt/airflow/dags/demo_retry_and_alert.py for tasks to queue
[2024-03-29T17:20:51.472+0000] {logging_mixin.py:188} INFO - [2024-03-29T17:20:51.467+0000] {dagbag.py:538} INFO - Filling up the DagBag from /opt/airflow/dags/demo_retry_and_alert.py
[2024-03-29T17:20:51.511+0000] {processor.py:840} INFO - DAG(s) 'demo_retry_and_alert' retrieved from /opt/airflow/dags/demo_retry_and_alert.py
[2024-03-29T17:20:51.608+0000] {logging_mixin.py:188} INFO - [2024-03-29T17:20:51.607+0000] {dag.py:3033} INFO - Sync 1 DAGs
[2024-03-29T17:20:51.638+0000] {logging_mixin.py:188} INFO - [2024-03-29T17:20:51.638+0000] {dag.py:3820} INFO - Setting next_dagrun for demo_retry_and_alert to None, run_after=None
[2024-03-29T17:20:51.688+0000] {processor.py:183} INFO - Processing /opt/airflow/dags/demo_retry_and_alert.py took 0.240 seconds
[2024-03-29T17:21:22.585+0000] {processor.py:161} INFO - Started process (PID=7781) to work on /opt/airflow/dags/demo_retry_and_alert.py
[2024-03-29T17:21:22.592+0000] {processor.py:830} INFO - Processing file /opt/airflow/dags/demo_retry_and_alert.py for tasks to queue
[2024-03-29T17:21:22.597+0000] {logging_mixin.py:188} INFO - [2024-03-29T17:21:22.595+0000] {dagbag.py:538} INFO - Filling up the DagBag from /opt/airflow/dags/demo_retry_and_alert.py
[2024-03-29T17:21:22.673+0000] {processor.py:840} INFO - DAG(s) 'demo_retry_and_alert' retrieved from /opt/airflow/dags/demo_retry_and_alert.py
[2024-03-29T17:21:22.847+0000] {logging_mixin.py:188} INFO - [2024-03-29T17:21:22.846+0000] {dag.py:3033} INFO - Sync 1 DAGs
[2024-03-29T17:21:22.895+0000] {logging_mixin.py:188} INFO - [2024-03-29T17:21:22.894+0000] {dag.py:3820} INFO - Setting next_dagrun for demo_retry_and_alert to None, run_after=None
[2024-03-29T17:21:22.945+0000] {processor.py:183} INFO - Processing /opt/airflow/dags/demo_retry_and_alert.py took 0.412 seconds
[2024-03-29T17:21:53.169+0000] {processor.py:161} INFO - Started process (PID=7909) to work on /opt/airflow/dags/demo_retry_and_alert.py
[2024-03-29T17:21:53.173+0000] {processor.py:830} INFO - Processing file /opt/airflow/dags/demo_retry_and_alert.py for tasks to queue
[2024-03-29T17:21:53.175+0000] {logging_mixin.py:188} INFO - [2024-03-29T17:21:53.175+0000] {dagbag.py:538} INFO - Filling up the DagBag from /opt/airflow/dags/demo_retry_and_alert.py
[2024-03-29T17:21:53.204+0000] {processor.py:840} INFO - DAG(s) 'demo_retry_and_alert' retrieved from /opt/airflow/dags/demo_retry_and_alert.py
[2024-03-29T17:21:53.260+0000] {logging_mixin.py:188} INFO - [2024-03-29T17:21:53.260+0000] {dag.py:3033} INFO - Sync 1 DAGs
[2024-03-29T17:21:53.279+0000] {logging_mixin.py:188} INFO - [2024-03-29T17:21:53.278+0000] {dag.py:3820} INFO - Setting next_dagrun for demo_retry_and_alert to None, run_after=None
[2024-03-29T17:21:53.299+0000] {processor.py:183} INFO - Processing /opt/airflow/dags/demo_retry_and_alert.py took 0.138 seconds
[2024-03-29T17:22:23.748+0000] {processor.py:161} INFO - Started process (PID=8037) to work on /opt/airflow/dags/demo_retry_and_alert.py
[2024-03-29T17:22:23.750+0000] {processor.py:830} INFO - Processing file /opt/airflow/dags/demo_retry_and_alert.py for tasks to queue
[2024-03-29T17:22:23.753+0000] {logging_mixin.py:188} INFO - [2024-03-29T17:22:23.752+0000] {dagbag.py:538} INFO - Filling up the DagBag from /opt/airflow/dags/demo_retry_and_alert.py
[2024-03-29T17:22:23.779+0000] {processor.py:840} INFO - DAG(s) 'demo_retry_and_alert' retrieved from /opt/airflow/dags/demo_retry_and_alert.py
[2024-03-29T17:22:23.887+0000] {logging_mixin.py:188} INFO - [2024-03-29T17:22:23.887+0000] {dag.py:3033} INFO - Sync 1 DAGs
[2024-03-29T17:22:23.912+0000] {logging_mixin.py:188} INFO - [2024-03-29T17:22:23.912+0000] {dag.py:3820} INFO - Setting next_dagrun for demo_retry_and_alert to None, run_after=None
[2024-03-29T17:22:23.954+0000] {processor.py:183} INFO - Processing /opt/airflow/dags/demo_retry_and_alert.py took 0.212 seconds
[2024-03-29T17:22:54.691+0000] {processor.py:161} INFO - Started process (PID=8157) to work on /opt/airflow/dags/demo_retry_and_alert.py
[2024-03-29T17:22:54.696+0000] {processor.py:830} INFO - Processing file /opt/airflow/dags/demo_retry_and_alert.py for tasks to queue
[2024-03-29T17:22:54.698+0000] {logging_mixin.py:188} INFO - [2024-03-29T17:22:54.697+0000] {dagbag.py:538} INFO - Filling up the DagBag from /opt/airflow/dags/demo_retry_and_alert.py
[2024-03-29T17:22:54.720+0000] {processor.py:840} INFO - DAG(s) 'demo_retry_and_alert' retrieved from /opt/airflow/dags/demo_retry_and_alert.py
[2024-03-29T17:22:54.792+0000] {logging_mixin.py:188} INFO - [2024-03-29T17:22:54.792+0000] {dag.py:3033} INFO - Sync 1 DAGs
[2024-03-29T17:22:54.809+0000] {logging_mixin.py:188} INFO - [2024-03-29T17:22:54.809+0000] {dag.py:3820} INFO - Setting next_dagrun for demo_retry_and_alert to None, run_after=None
[2024-03-29T17:22:54.833+0000] {processor.py:183} INFO - Processing /opt/airflow/dags/demo_retry_and_alert.py took 0.148 seconds
[2024-03-29T17:23:25.318+0000] {processor.py:161} INFO - Started process (PID=8278) to work on /opt/airflow/dags/demo_retry_and_alert.py
[2024-03-29T17:23:25.326+0000] {processor.py:830} INFO - Processing file /opt/airflow/dags/demo_retry_and_alert.py for tasks to queue
[2024-03-29T17:23:25.365+0000] {logging_mixin.py:188} INFO - [2024-03-29T17:23:25.362+0000] {dagbag.py:538} INFO - Filling up the DagBag from /opt/airflow/dags/demo_retry_and_alert.py
[2024-03-29T17:23:25.469+0000] {processor.py:840} INFO - DAG(s) 'demo_retry_and_alert' retrieved from /opt/airflow/dags/demo_retry_and_alert.py
[2024-03-29T17:23:25.573+0000] {logging_mixin.py:188} INFO - [2024-03-29T17:23:25.572+0000] {dag.py:3033} INFO - Sync 1 DAGs
[2024-03-29T17:23:25.621+0000] {logging_mixin.py:188} INFO - [2024-03-29T17:23:25.621+0000] {dag.py:3820} INFO - Setting next_dagrun for demo_retry_and_alert to None, run_after=None
[2024-03-29T17:23:25.656+0000] {processor.py:183} INFO - Processing /opt/airflow/dags/demo_retry_and_alert.py took 0.351 seconds
[2024-03-29T17:23:56.618+0000] {processor.py:161} INFO - Started process (PID=8403) to work on /opt/airflow/dags/demo_retry_and_alert.py
[2024-03-29T17:23:56.624+0000] {processor.py:830} INFO - Processing file /opt/airflow/dags/demo_retry_and_alert.py for tasks to queue
[2024-03-29T17:23:56.627+0000] {logging_mixin.py:188} INFO - [2024-03-29T17:23:56.626+0000] {dagbag.py:538} INFO - Filling up the DagBag from /opt/airflow/dags/demo_retry_and_alert.py
[2024-03-29T17:23:56.683+0000] {processor.py:840} INFO - DAG(s) 'demo_retry_and_alert' retrieved from /opt/airflow/dags/demo_retry_and_alert.py
[2024-03-29T17:23:56.786+0000] {logging_mixin.py:188} INFO - [2024-03-29T17:23:56.785+0000] {dag.py:3033} INFO - Sync 1 DAGs
[2024-03-29T17:23:56.821+0000] {logging_mixin.py:188} INFO - [2024-03-29T17:23:56.820+0000] {dag.py:3820} INFO - Setting next_dagrun for demo_retry_and_alert to None, run_after=None
[2024-03-29T17:23:56.868+0000] {processor.py:183} INFO - Processing /opt/airflow/dags/demo_retry_and_alert.py took 0.261 seconds
[2024-03-29T17:24:27.370+0000] {processor.py:161} INFO - Started process (PID=8522) to work on /opt/airflow/dags/demo_retry_and_alert.py
[2024-03-29T17:24:27.377+0000] {processor.py:830} INFO - Processing file /opt/airflow/dags/demo_retry_and_alert.py for tasks to queue
[2024-03-29T17:24:27.390+0000] {logging_mixin.py:188} INFO - [2024-03-29T17:24:27.386+0000] {dagbag.py:538} INFO - Filling up the DagBag from /opt/airflow/dags/demo_retry_and_alert.py
[2024-03-29T17:24:27.473+0000] {processor.py:840} INFO - DAG(s) 'demo_retry_and_alert' retrieved from /opt/airflow/dags/demo_retry_and_alert.py
[2024-03-29T17:24:27.612+0000] {logging_mixin.py:188} INFO - [2024-03-29T17:24:27.611+0000] {dag.py:3033} INFO - Sync 1 DAGs
[2024-03-29T17:24:27.653+0000] {logging_mixin.py:188} INFO - [2024-03-29T17:24:27.652+0000] {dag.py:3820} INFO - Setting next_dagrun for demo_retry_and_alert to None, run_after=None
[2024-03-29T17:24:27.689+0000] {processor.py:183} INFO - Processing /opt/airflow/dags/demo_retry_and_alert.py took 0.335 seconds
[2024-03-29T17:24:58.002+0000] {processor.py:161} INFO - Started process (PID=8648) to work on /opt/airflow/dags/demo_retry_and_alert.py
[2024-03-29T17:24:58.010+0000] {processor.py:830} INFO - Processing file /opt/airflow/dags/demo_retry_and_alert.py for tasks to queue
[2024-03-29T17:24:58.013+0000] {logging_mixin.py:188} INFO - [2024-03-29T17:24:58.012+0000] {dagbag.py:538} INFO - Filling up the DagBag from /opt/airflow/dags/demo_retry_and_alert.py
[2024-03-29T17:24:58.053+0000] {processor.py:840} INFO - DAG(s) 'demo_retry_and_alert' retrieved from /opt/airflow/dags/demo_retry_and_alert.py
[2024-03-29T17:24:58.097+0000] {logging_mixin.py:188} INFO - [2024-03-29T17:24:58.097+0000] {dag.py:3033} INFO - Sync 1 DAGs
[2024-03-29T17:24:58.124+0000] {logging_mixin.py:188} INFO - [2024-03-29T17:24:58.124+0000] {dag.py:3820} INFO - Setting next_dagrun for demo_retry_and_alert to None, run_after=None
[2024-03-29T17:24:58.155+0000] {processor.py:183} INFO - Processing /opt/airflow/dags/demo_retry_and_alert.py took 0.166 seconds
[2024-03-29T17:25:28.974+0000] {processor.py:161} INFO - Started process (PID=8776) to work on /opt/airflow/dags/demo_retry_and_alert.py
[2024-03-29T17:25:28.982+0000] {processor.py:830} INFO - Processing file /opt/airflow/dags/demo_retry_and_alert.py for tasks to queue
[2024-03-29T17:25:29.001+0000] {logging_mixin.py:188} INFO - [2024-03-29T17:25:29.000+0000] {dagbag.py:538} INFO - Filling up the DagBag from /opt/airflow/dags/demo_retry_and_alert.py
[2024-03-29T17:25:29.086+0000] {processor.py:840} INFO - DAG(s) 'demo_retry_and_alert' retrieved from /opt/airflow/dags/demo_retry_and_alert.py
[2024-03-29T17:25:29.214+0000] {logging_mixin.py:188} INFO - [2024-03-29T17:25:29.213+0000] {dag.py:3033} INFO - Sync 1 DAGs
[2024-03-29T17:25:29.252+0000] {logging_mixin.py:188} INFO - [2024-03-29T17:25:29.252+0000] {dag.py:3820} INFO - Setting next_dagrun for demo_retry_and_alert to None, run_after=None
[2024-03-29T17:25:29.304+0000] {processor.py:183} INFO - Processing /opt/airflow/dags/demo_retry_and_alert.py took 0.359 seconds
[2024-03-29T17:26:00.323+0000] {processor.py:161} INFO - Started process (PID=8894) to work on /opt/airflow/dags/demo_retry_and_alert.py
[2024-03-29T17:26:00.330+0000] {processor.py:830} INFO - Processing file /opt/airflow/dags/demo_retry_and_alert.py for tasks to queue
[2024-03-29T17:26:00.334+0000] {logging_mixin.py:188} INFO - [2024-03-29T17:26:00.332+0000] {dagbag.py:538} INFO - Filling up the DagBag from /opt/airflow/dags/demo_retry_and_alert.py
[2024-03-29T17:26:00.412+0000] {processor.py:840} INFO - DAG(s) 'demo_retry_and_alert' retrieved from /opt/airflow/dags/demo_retry_and_alert.py
[2024-03-29T17:26:00.540+0000] {logging_mixin.py:188} INFO - [2024-03-29T17:26:00.540+0000] {dag.py:3033} INFO - Sync 1 DAGs
[2024-03-29T17:26:00.569+0000] {logging_mixin.py:188} INFO - [2024-03-29T17:26:00.569+0000] {dag.py:3820} INFO - Setting next_dagrun for demo_retry_and_alert to None, run_after=None
[2024-03-29T17:26:00.601+0000] {processor.py:183} INFO - Processing /opt/airflow/dags/demo_retry_and_alert.py took 0.292 seconds
[2024-03-29T17:26:30.972+0000] {processor.py:161} INFO - Started process (PID=9023) to work on /opt/airflow/dags/demo_retry_and_alert.py
[2024-03-29T17:26:30.981+0000] {processor.py:830} INFO - Processing file /opt/airflow/dags/demo_retry_and_alert.py for tasks to queue
[2024-03-29T17:26:31.006+0000] {logging_mixin.py:188} INFO - [2024-03-29T17:26:31.000+0000] {dagbag.py:538} INFO - Filling up the DagBag from /opt/airflow/dags/demo_retry_and_alert.py
[2024-03-29T17:26:31.131+0000] {processor.py:840} INFO - DAG(s) 'demo_retry_and_alert' retrieved from /opt/airflow/dags/demo_retry_and_alert.py
[2024-03-29T17:26:31.317+0000] {logging_mixin.py:188} INFO - [2024-03-29T17:26:31.316+0000] {dag.py:3033} INFO - Sync 1 DAGs
[2024-03-29T17:26:31.352+0000] {logging_mixin.py:188} INFO - [2024-03-29T17:26:31.352+0000] {dag.py:3820} INFO - Setting next_dagrun for demo_retry_and_alert to None, run_after=None
[2024-03-29T17:26:31.407+0000] {processor.py:183} INFO - Processing /opt/airflow/dags/demo_retry_and_alert.py took 0.455 seconds
[2024-03-29T17:27:02.385+0000] {processor.py:161} INFO - Started process (PID=9149) to work on /opt/airflow/dags/demo_retry_and_alert.py
[2024-03-29T17:27:02.393+0000] {processor.py:830} INFO - Processing file /opt/airflow/dags/demo_retry_and_alert.py for tasks to queue
[2024-03-29T17:27:02.407+0000] {logging_mixin.py:188} INFO - [2024-03-29T17:27:02.402+0000] {dagbag.py:538} INFO - Filling up the DagBag from /opt/airflow/dags/demo_retry_and_alert.py
[2024-03-29T17:27:02.533+0000] {processor.py:840} INFO - DAG(s) 'demo_retry_and_alert' retrieved from /opt/airflow/dags/demo_retry_and_alert.py
[2024-03-29T17:27:02.671+0000] {logging_mixin.py:188} INFO - [2024-03-29T17:27:02.671+0000] {dag.py:3033} INFO - Sync 1 DAGs
[2024-03-29T17:27:02.710+0000] {logging_mixin.py:188} INFO - [2024-03-29T17:27:02.709+0000] {dag.py:3820} INFO - Setting next_dagrun for demo_retry_and_alert to None, run_after=None
[2024-03-29T17:27:02.778+0000] {processor.py:183} INFO - Processing /opt/airflow/dags/demo_retry_and_alert.py took 0.440 seconds
[2024-03-29T17:27:32.916+0000] {processor.py:161} INFO - Started process (PID=9267) to work on /opt/airflow/dags/demo_retry_and_alert.py
[2024-03-29T17:27:32.920+0000] {processor.py:830} INFO - Processing file /opt/airflow/dags/demo_retry_and_alert.py for tasks to queue
[2024-03-29T17:27:32.922+0000] {logging_mixin.py:188} INFO - [2024-03-29T17:27:32.921+0000] {dagbag.py:538} INFO - Filling up the DagBag from /opt/airflow/dags/demo_retry_and_alert.py
[2024-03-29T17:27:32.969+0000] {processor.py:840} INFO - DAG(s) 'demo_retry_and_alert' retrieved from /opt/airflow/dags/demo_retry_and_alert.py
[2024-03-29T17:27:33.058+0000] {logging_mixin.py:188} INFO - [2024-03-29T17:27:33.057+0000] {dag.py:3033} INFO - Sync 1 DAGs
[2024-03-29T17:27:33.086+0000] {logging_mixin.py:188} INFO - [2024-03-29T17:27:33.086+0000] {dag.py:3820} INFO - Setting next_dagrun for demo_retry_and_alert to None, run_after=None
[2024-03-29T17:27:33.113+0000] {processor.py:183} INFO - Processing /opt/airflow/dags/demo_retry_and_alert.py took 0.207 seconds
[2024-03-29T17:28:04.183+0000] {processor.py:161} INFO - Started process (PID=9392) to work on /opt/airflow/dags/demo_retry_and_alert.py
[2024-03-29T17:28:04.191+0000] {processor.py:830} INFO - Processing file /opt/airflow/dags/demo_retry_and_alert.py for tasks to queue
[2024-03-29T17:28:04.194+0000] {logging_mixin.py:188} INFO - [2024-03-29T17:28:04.193+0000] {dagbag.py:538} INFO - Filling up the DagBag from /opt/airflow/dags/demo_retry_and_alert.py
[2024-03-29T17:28:04.260+0000] {processor.py:840} INFO - DAG(s) 'demo_retry_and_alert' retrieved from /opt/airflow/dags/demo_retry_and_alert.py
[2024-03-29T17:28:04.331+0000] {logging_mixin.py:188} INFO - [2024-03-29T17:28:04.330+0000] {dag.py:3033} INFO - Sync 1 DAGs
[2024-03-29T17:28:04.367+0000] {logging_mixin.py:188} INFO - [2024-03-29T17:28:04.366+0000] {dag.py:3820} INFO - Setting next_dagrun for demo_retry_and_alert to None, run_after=None
[2024-03-29T17:28:04.401+0000] {processor.py:183} INFO - Processing /opt/airflow/dags/demo_retry_and_alert.py took 0.234 seconds
[2024-03-29T17:28:35.383+0000] {processor.py:161} INFO - Started process (PID=9518) to work on /opt/airflow/dags/demo_retry_and_alert.py
[2024-03-29T17:28:35.389+0000] {processor.py:830} INFO - Processing file /opt/airflow/dags/demo_retry_and_alert.py for tasks to queue
[2024-03-29T17:28:35.393+0000] {logging_mixin.py:188} INFO - [2024-03-29T17:28:35.392+0000] {dagbag.py:538} INFO - Filling up the DagBag from /opt/airflow/dags/demo_retry_and_alert.py
[2024-03-29T17:28:35.447+0000] {processor.py:840} INFO - DAG(s) 'demo_retry_and_alert' retrieved from /opt/airflow/dags/demo_retry_and_alert.py
[2024-03-29T17:28:35.532+0000] {logging_mixin.py:188} INFO - [2024-03-29T17:28:35.527+0000] {dag.py:3033} INFO - Sync 1 DAGs
[2024-03-29T17:28:35.603+0000] {logging_mixin.py:188} INFO - [2024-03-29T17:28:35.603+0000] {dag.py:3820} INFO - Setting next_dagrun for demo_retry_and_alert to None, run_after=None
[2024-03-29T17:28:35.657+0000] {processor.py:183} INFO - Processing /opt/airflow/dags/demo_retry_and_alert.py took 0.285 seconds
[2024-03-29T17:29:05.893+0000] {processor.py:161} INFO - Started process (PID=9644) to work on /opt/airflow/dags/demo_retry_and_alert.py
[2024-03-29T17:29:05.898+0000] {processor.py:830} INFO - Processing file /opt/airflow/dags/demo_retry_and_alert.py for tasks to queue
[2024-03-29T17:29:05.901+0000] {logging_mixin.py:188} INFO - [2024-03-29T17:29:05.900+0000] {dagbag.py:538} INFO - Filling up the DagBag from /opt/airflow/dags/demo_retry_and_alert.py
[2024-03-29T17:29:05.935+0000] {processor.py:840} INFO - DAG(s) 'demo_retry_and_alert' retrieved from /opt/airflow/dags/demo_retry_and_alert.py
[2024-03-29T17:29:06.034+0000] {logging_mixin.py:188} INFO - [2024-03-29T17:29:06.034+0000] {dag.py:3033} INFO - Sync 1 DAGs
[2024-03-29T17:29:06.062+0000] {logging_mixin.py:188} INFO - [2024-03-29T17:29:06.061+0000] {dag.py:3820} INFO - Setting next_dagrun for demo_retry_and_alert to None, run_after=None
[2024-03-29T17:29:06.093+0000] {processor.py:183} INFO - Processing /opt/airflow/dags/demo_retry_and_alert.py took 0.218 seconds
[2024-03-29T17:29:36.701+0000] {processor.py:161} INFO - Started process (PID=9762) to work on /opt/airflow/dags/demo_retry_and_alert.py
[2024-03-29T17:29:36.711+0000] {processor.py:830} INFO - Processing file /opt/airflow/dags/demo_retry_and_alert.py for tasks to queue
[2024-03-29T17:29:36.713+0000] {logging_mixin.py:188} INFO - [2024-03-29T17:29:36.712+0000] {dagbag.py:538} INFO - Filling up the DagBag from /opt/airflow/dags/demo_retry_and_alert.py
[2024-03-29T17:29:36.748+0000] {processor.py:840} INFO - DAG(s) 'demo_retry_and_alert' retrieved from /opt/airflow/dags/demo_retry_and_alert.py
[2024-03-29T17:29:36.808+0000] {logging_mixin.py:188} INFO - [2024-03-29T17:29:36.808+0000] {dag.py:3033} INFO - Sync 1 DAGs
[2024-03-29T17:29:36.845+0000] {logging_mixin.py:188} INFO - [2024-03-29T17:29:36.845+0000] {dag.py:3820} INFO - Setting next_dagrun for demo_retry_and_alert to None, run_after=None
[2024-03-29T17:29:36.870+0000] {processor.py:183} INFO - Processing /opt/airflow/dags/demo_retry_and_alert.py took 0.184 seconds
[2024-03-29T17:30:07.094+0000] {processor.py:161} INFO - Started process (PID=9888) to work on /opt/airflow/dags/demo_retry_and_alert.py
[2024-03-29T17:30:07.104+0000] {processor.py:830} INFO - Processing file /opt/airflow/dags/demo_retry_and_alert.py for tasks to queue
[2024-03-29T17:30:07.108+0000] {logging_mixin.py:188} INFO - [2024-03-29T17:30:07.108+0000] {dagbag.py:538} INFO - Filling up the DagBag from /opt/airflow/dags/demo_retry_and_alert.py
[2024-03-29T17:30:07.135+0000] {processor.py:840} INFO - DAG(s) 'demo_retry_and_alert' retrieved from /opt/airflow/dags/demo_retry_and_alert.py
[2024-03-29T17:30:07.187+0000] {logging_mixin.py:188} INFO - [2024-03-29T17:30:07.186+0000] {dag.py:3033} INFO - Sync 1 DAGs
[2024-03-29T17:30:07.222+0000] {logging_mixin.py:188} INFO - [2024-03-29T17:30:07.222+0000] {dag.py:3820} INFO - Setting next_dagrun for demo_retry_and_alert to None, run_after=None
[2024-03-29T17:30:07.246+0000] {processor.py:183} INFO - Processing /opt/airflow/dags/demo_retry_and_alert.py took 0.166 seconds
[2024-03-29T17:30:38.229+0000] {processor.py:161} INFO - Started process (PID=10011) to work on /opt/airflow/dags/demo_retry_and_alert.py
[2024-03-29T17:30:38.239+0000] {processor.py:830} INFO - Processing file /opt/airflow/dags/demo_retry_and_alert.py for tasks to queue
[2024-03-29T17:30:38.282+0000] {logging_mixin.py:188} INFO - [2024-03-29T17:30:38.270+0000] {dagbag.py:538} INFO - Filling up the DagBag from /opt/airflow/dags/demo_retry_and_alert.py
[2024-03-29T17:30:38.554+0000] {processor.py:840} INFO - DAG(s) 'demo_retry_and_alert' retrieved from /opt/airflow/dags/demo_retry_and_alert.py
[2024-03-29T17:30:38.940+0000] {logging_mixin.py:188} INFO - [2024-03-29T17:30:38.933+0000] {dag.py:3033} INFO - Sync 1 DAGs
[2024-03-29T17:30:39.057+0000] {logging_mixin.py:188} INFO - [2024-03-29T17:30:39.055+0000] {dag.py:3820} INFO - Setting next_dagrun for demo_retry_and_alert to None, run_after=None
[2024-03-29T17:30:39.201+0000] {processor.py:183} INFO - Processing /opt/airflow/dags/demo_retry_and_alert.py took 1.039 seconds
[2024-03-29T17:31:09.754+0000] {processor.py:161} INFO - Started process (PID=10130) to work on /opt/airflow/dags/demo_retry_and_alert.py
[2024-03-29T17:31:09.759+0000] {processor.py:830} INFO - Processing file /opt/airflow/dags/demo_retry_and_alert.py for tasks to queue
[2024-03-29T17:31:09.761+0000] {logging_mixin.py:188} INFO - [2024-03-29T17:31:09.760+0000] {dagbag.py:538} INFO - Filling up the DagBag from /opt/airflow/dags/demo_retry_and_alert.py
[2024-03-29T17:31:09.809+0000] {processor.py:840} INFO - DAG(s) 'demo_retry_and_alert' retrieved from /opt/airflow/dags/demo_retry_and_alert.py
[2024-03-29T17:31:09.858+0000] {logging_mixin.py:188} INFO - [2024-03-29T17:31:09.858+0000] {dag.py:3033} INFO - Sync 1 DAGs
[2024-03-29T17:31:09.880+0000] {logging_mixin.py:188} INFO - [2024-03-29T17:31:09.880+0000] {dag.py:3820} INFO - Setting next_dagrun for demo_retry_and_alert to None, run_after=None
[2024-03-29T17:31:09.915+0000] {processor.py:183} INFO - Processing /opt/airflow/dags/demo_retry_and_alert.py took 0.168 seconds
[2024-03-29T17:31:40.460+0000] {processor.py:161} INFO - Started process (PID=10251) to work on /opt/airflow/dags/demo_retry_and_alert.py
[2024-03-29T17:31:40.470+0000] {processor.py:830} INFO - Processing file /opt/airflow/dags/demo_retry_and_alert.py for tasks to queue
[2024-03-29T17:31:40.475+0000] {logging_mixin.py:188} INFO - [2024-03-29T17:31:40.473+0000] {dagbag.py:538} INFO - Filling up the DagBag from /opt/airflow/dags/demo_retry_and_alert.py
[2024-03-29T17:31:40.560+0000] {processor.py:840} INFO - DAG(s) 'demo_retry_and_alert' retrieved from /opt/airflow/dags/demo_retry_and_alert.py
[2024-03-29T17:31:40.702+0000] {logging_mixin.py:188} INFO - [2024-03-29T17:31:40.702+0000] {dag.py:3033} INFO - Sync 1 DAGs
[2024-03-29T17:31:40.763+0000] {logging_mixin.py:188} INFO - [2024-03-29T17:31:40.762+0000] {dag.py:3820} INFO - Setting next_dagrun for demo_retry_and_alert to None, run_after=None
[2024-03-29T17:31:40.813+0000] {processor.py:183} INFO - Processing /opt/airflow/dags/demo_retry_and_alert.py took 0.383 seconds
[2024-03-29T17:32:11.829+0000] {processor.py:161} INFO - Started process (PID=10371) to work on /opt/airflow/dags/demo_retry_and_alert.py
[2024-03-29T17:32:11.847+0000] {processor.py:830} INFO - Processing file /opt/airflow/dags/demo_retry_and_alert.py for tasks to queue
[2024-03-29T17:32:11.852+0000] {logging_mixin.py:188} INFO - [2024-03-29T17:32:11.850+0000] {dagbag.py:538} INFO - Filling up the DagBag from /opt/airflow/dags/demo_retry_and_alert.py
[2024-03-29T17:32:11.918+0000] {processor.py:840} INFO - DAG(s) 'demo_retry_and_alert' retrieved from /opt/airflow/dags/demo_retry_and_alert.py
[2024-03-29T17:32:12.059+0000] {logging_mixin.py:188} INFO - [2024-03-29T17:32:12.058+0000] {dag.py:3033} INFO - Sync 1 DAGs
[2024-03-29T17:32:12.112+0000] {logging_mixin.py:188} INFO - [2024-03-29T17:32:12.111+0000] {dag.py:3820} INFO - Setting next_dagrun for demo_retry_and_alert to None, run_after=None
[2024-03-29T17:32:12.185+0000] {processor.py:183} INFO - Processing /opt/airflow/dags/demo_retry_and_alert.py took 0.391 seconds
[2024-03-29T17:32:42.867+0000] {processor.py:161} INFO - Started process (PID=10498) to work on /opt/airflow/dags/demo_retry_and_alert.py
[2024-03-29T17:32:42.878+0000] {processor.py:830} INFO - Processing file /opt/airflow/dags/demo_retry_and_alert.py for tasks to queue
[2024-03-29T17:32:42.884+0000] {logging_mixin.py:188} INFO - [2024-03-29T17:32:42.882+0000] {dagbag.py:538} INFO - Filling up the DagBag from /opt/airflow/dags/demo_retry_and_alert.py
[2024-03-29T17:32:42.967+0000] {processor.py:840} INFO - DAG(s) 'demo_retry_and_alert' retrieved from /opt/airflow/dags/demo_retry_and_alert.py
[2024-03-29T17:32:43.060+0000] {logging_mixin.py:188} INFO - [2024-03-29T17:32:43.060+0000] {dag.py:3033} INFO - Sync 1 DAGs
[2024-03-29T17:32:43.121+0000] {logging_mixin.py:188} INFO - [2024-03-29T17:32:43.121+0000] {dag.py:3820} INFO - Setting next_dagrun for demo_retry_and_alert to None, run_after=None
[2024-03-29T17:32:43.172+0000] {processor.py:183} INFO - Processing /opt/airflow/dags/demo_retry_and_alert.py took 0.346 seconds
[2024-03-29T17:33:13.639+0000] {processor.py:161} INFO - Started process (PID=10623) to work on /opt/airflow/dags/demo_retry_and_alert.py
[2024-03-29T17:33:13.643+0000] {processor.py:830} INFO - Processing file /opt/airflow/dags/demo_retry_and_alert.py for tasks to queue
[2024-03-29T17:33:13.647+0000] {logging_mixin.py:188} INFO - [2024-03-29T17:33:13.645+0000] {dagbag.py:538} INFO - Filling up the DagBag from /opt/airflow/dags/demo_retry_and_alert.py
[2024-03-29T17:33:13.731+0000] {processor.py:840} INFO - DAG(s) 'demo_retry_and_alert' retrieved from /opt/airflow/dags/demo_retry_and_alert.py
[2024-03-29T17:33:13.884+0000] {logging_mixin.py:188} INFO - [2024-03-29T17:33:13.883+0000] {dag.py:3033} INFO - Sync 1 DAGs
[2024-03-29T17:33:13.942+0000] {logging_mixin.py:188} INFO - [2024-03-29T17:33:13.941+0000] {dag.py:3820} INFO - Setting next_dagrun for demo_retry_and_alert to None, run_after=None
[2024-03-29T17:33:14.041+0000] {processor.py:183} INFO - Processing /opt/airflow/dags/demo_retry_and_alert.py took 0.410 seconds
[2024-03-29T17:33:44.173+0000] {processor.py:161} INFO - Started process (PID=10748) to work on /opt/airflow/dags/demo_retry_and_alert.py
[2024-03-29T17:33:44.182+0000] {processor.py:830} INFO - Processing file /opt/airflow/dags/demo_retry_and_alert.py for tasks to queue
[2024-03-29T17:33:44.195+0000] {logging_mixin.py:188} INFO - [2024-03-29T17:33:44.191+0000] {dagbag.py:538} INFO - Filling up the DagBag from /opt/airflow/dags/demo_retry_and_alert.py
[2024-03-29T17:33:44.257+0000] {processor.py:840} INFO - DAG(s) 'demo_retry_and_alert' retrieved from /opt/airflow/dags/demo_retry_and_alert.py
[2024-03-29T17:33:44.336+0000] {logging_mixin.py:188} INFO - [2024-03-29T17:33:44.336+0000] {dag.py:3033} INFO - Sync 1 DAGs
[2024-03-29T17:33:44.369+0000] {logging_mixin.py:188} INFO - [2024-03-29T17:33:44.367+0000] {dag.py:3820} INFO - Setting next_dagrun for demo_retry_and_alert to None, run_after=None
[2024-03-29T17:33:44.408+0000] {processor.py:183} INFO - Processing /opt/airflow/dags/demo_retry_and_alert.py took 0.250 seconds
[2024-03-29T17:34:15.696+0000] {processor.py:161} INFO - Started process (PID=10867) to work on /opt/airflow/dags/demo_retry_and_alert.py
[2024-03-29T17:34:15.708+0000] {processor.py:830} INFO - Processing file /opt/airflow/dags/demo_retry_and_alert.py for tasks to queue
[2024-03-29T17:34:15.719+0000] {logging_mixin.py:188} INFO - [2024-03-29T17:34:15.716+0000] {dagbag.py:538} INFO - Filling up the DagBag from /opt/airflow/dags/demo_retry_and_alert.py
[2024-03-29T17:34:15.949+0000] {processor.py:840} INFO - DAG(s) 'demo_retry_and_alert' retrieved from /opt/airflow/dags/demo_retry_and_alert.py
[2024-03-29T17:34:16.539+0000] {logging_mixin.py:188} INFO - [2024-03-29T17:34:16.536+0000] {dag.py:3033} INFO - Sync 1 DAGs
[2024-03-29T17:34:16.641+0000] {logging_mixin.py:188} INFO - [2024-03-29T17:34:16.639+0000] {dag.py:3820} INFO - Setting next_dagrun for demo_retry_and_alert to None, run_after=None
[2024-03-29T17:34:16.882+0000] {processor.py:183} INFO - Processing /opt/airflow/dags/demo_retry_and_alert.py took 1.404 seconds
[2024-03-29T17:34:48.237+0000] {processor.py:161} INFO - Started process (PID=10990) to work on /opt/airflow/dags/demo_retry_and_alert.py
[2024-03-29T17:34:48.243+0000] {processor.py:830} INFO - Processing file /opt/airflow/dags/demo_retry_and_alert.py for tasks to queue
[2024-03-29T17:34:48.247+0000] {logging_mixin.py:188} INFO - [2024-03-29T17:34:48.246+0000] {dagbag.py:538} INFO - Filling up the DagBag from /opt/airflow/dags/demo_retry_and_alert.py
[2024-03-29T17:34:48.331+0000] {processor.py:840} INFO - DAG(s) 'demo_retry_and_alert' retrieved from /opt/airflow/dags/demo_retry_and_alert.py
[2024-03-29T17:34:48.445+0000] {logging_mixin.py:188} INFO - [2024-03-29T17:34:48.445+0000] {dag.py:3033} INFO - Sync 1 DAGs
[2024-03-29T17:34:48.476+0000] {logging_mixin.py:188} INFO - [2024-03-29T17:34:48.476+0000] {dag.py:3820} INFO - Setting next_dagrun for demo_retry_and_alert to None, run_after=None
[2024-03-29T17:34:48.598+0000] {processor.py:183} INFO - Processing /opt/airflow/dags/demo_retry_and_alert.py took 0.379 seconds
[2024-03-29T17:35:19.173+0000] {processor.py:161} INFO - Started process (PID=11105) to work on /opt/airflow/dags/demo_retry_and_alert.py
[2024-03-29T17:35:19.185+0000] {processor.py:830} INFO - Processing file /opt/airflow/dags/demo_retry_and_alert.py for tasks to queue
[2024-03-29T17:35:19.248+0000] {logging_mixin.py:188} INFO - [2024-03-29T17:35:19.242+0000] {dagbag.py:538} INFO - Filling up the DagBag from /opt/airflow/dags/demo_retry_and_alert.py
[2024-03-29T17:35:20.862+0000] {processor.py:840} INFO - DAG(s) 'demo_retry_and_alert' retrieved from /opt/airflow/dags/demo_retry_and_alert.py
[2024-03-29T17:35:21.253+0000] {logging_mixin.py:188} INFO - [2024-03-29T17:35:21.252+0000] {dag.py:3033} INFO - Sync 1 DAGs
[2024-03-29T17:35:21.695+0000] {logging_mixin.py:188} INFO - [2024-03-29T17:35:21.687+0000] {dag.py:3820} INFO - Setting next_dagrun for demo_retry_and_alert to None, run_after=None
[2024-03-29T17:35:22.660+0000] {processor.py:183} INFO - Processing /opt/airflow/dags/demo_retry_and_alert.py took 3.594 seconds
[2024-03-29T17:35:55.357+0000] {processor.py:161} INFO - Started process (PID=11231) to work on /opt/airflow/dags/demo_retry_and_alert.py
[2024-03-29T17:35:55.480+0000] {processor.py:830} INFO - Processing file /opt/airflow/dags/demo_retry_and_alert.py for tasks to queue
[2024-03-29T17:35:55.600+0000] {logging_mixin.py:188} INFO - [2024-03-29T17:35:55.552+0000] {dagbag.py:538} INFO - Filling up the DagBag from /opt/airflow/dags/demo_retry_and_alert.py
[2024-03-29T17:35:57.009+0000] {processor.py:840} INFO - DAG(s) 'demo_retry_and_alert' retrieved from /opt/airflow/dags/demo_retry_and_alert.py
[2024-03-29T17:35:57.664+0000] {logging_mixin.py:188} INFO - [2024-03-29T17:35:57.661+0000] {dag.py:3033} INFO - Sync 1 DAGs
[2024-03-29T17:35:57.783+0000] {logging_mixin.py:188} INFO - [2024-03-29T17:35:57.782+0000] {dag.py:3820} INFO - Setting next_dagrun for demo_retry_and_alert to None, run_after=None
[2024-03-29T17:35:57.931+0000] {processor.py:183} INFO - Processing /opt/airflow/dags/demo_retry_and_alert.py took 2.702 seconds
[2024-03-29T17:36:29.243+0000] {processor.py:161} INFO - Started process (PID=11358) to work on /opt/airflow/dags/demo_retry_and_alert.py
[2024-03-29T17:36:29.253+0000] {processor.py:830} INFO - Processing file /opt/airflow/dags/demo_retry_and_alert.py for tasks to queue
[2024-03-29T17:36:29.280+0000] {logging_mixin.py:188} INFO - [2024-03-29T17:36:29.265+0000] {dagbag.py:538} INFO - Filling up the DagBag from /opt/airflow/dags/demo_retry_and_alert.py
[2024-03-29T17:36:29.414+0000] {processor.py:840} INFO - DAG(s) 'demo_retry_and_alert' retrieved from /opt/airflow/dags/demo_retry_and_alert.py
[2024-03-29T17:36:29.559+0000] {logging_mixin.py:188} INFO - [2024-03-29T17:36:29.558+0000] {dag.py:3033} INFO - Sync 1 DAGs
[2024-03-29T17:36:29.613+0000] {logging_mixin.py:188} INFO - [2024-03-29T17:36:29.613+0000] {dag.py:3820} INFO - Setting next_dagrun for demo_retry_and_alert to None, run_after=None
[2024-03-29T17:36:29.724+0000] {processor.py:183} INFO - Processing /opt/airflow/dags/demo_retry_and_alert.py took 0.520 seconds
