[2024-03-29T17:03:08.329+0000] {processor.py:161} INFO - Started process (PID=3486) to work on /opt/airflow/dags/demo_sla.py
[2024-03-29T17:03:08.338+0000] {processor.py:830} INFO - Processing file /opt/airflow/dags/demo_sla.py for tasks to queue
[2024-03-29T17:03:08.344+0000] {logging_mixin.py:188} INFO - [2024-03-29T17:03:08.343+0000] {dagbag.py:538} INFO - Filling up the DagBag from /opt/airflow/dags/demo_sla.py
[2024-03-29T17:03:08.388+0000] {processor.py:840} INFO - DAG(s) 'demo_sla' retrieved from /opt/airflow/dags/demo_sla.py
[2024-03-29T17:03:08.712+0000] {logging_mixin.py:188} INFO - [2024-03-29T17:03:08.712+0000] {dag.py:3033} INFO - Sync 1 DAGs
[2024-03-29T17:03:08.781+0000] {logging_mixin.py:188} INFO - [2024-03-29T17:03:08.779+0000] {dag.py:3820} INFO - Setting next_dagrun for demo_sla to 2024-03-29T16:55:00+00:00, run_after=2024-03-29T17:00:00+00:00
[2024-03-29T17:03:08.820+0000] {processor.py:183} INFO - Processing /opt/airflow/dags/demo_sla.py took 0.502 seconds
[2024-03-29T17:03:39.535+0000] {processor.py:161} INFO - Started process (PID=3606) to work on /opt/airflow/dags/demo_sla.py
[2024-03-29T17:03:39.537+0000] {processor.py:830} INFO - Processing file /opt/airflow/dags/demo_sla.py for tasks to queue
[2024-03-29T17:03:39.539+0000] {logging_mixin.py:188} INFO - [2024-03-29T17:03:39.538+0000] {dagbag.py:538} INFO - Filling up the DagBag from /opt/airflow/dags/demo_sla.py
[2024-03-29T17:03:39.573+0000] {processor.py:840} INFO - DAG(s) 'demo_sla' retrieved from /opt/airflow/dags/demo_sla.py
[2024-03-29T17:03:39.640+0000] {logging_mixin.py:188} INFO - [2024-03-29T17:03:39.640+0000] {dag.py:3033} INFO - Sync 1 DAGs
[2024-03-29T17:03:39.703+0000] {logging_mixin.py:188} INFO - [2024-03-29T17:03:39.702+0000] {dag.py:3820} INFO - Setting next_dagrun for demo_sla to 2024-03-29T16:55:00+00:00, run_after=2024-03-29T17:00:00+00:00
[2024-03-29T17:03:39.769+0000] {processor.py:183} INFO - Processing /opt/airflow/dags/demo_sla.py took 0.248 seconds
[2024-03-29T17:04:10.589+0000] {processor.py:161} INFO - Started process (PID=3727) to work on /opt/airflow/dags/demo_sla.py
[2024-03-29T17:04:10.591+0000] {processor.py:830} INFO - Processing file /opt/airflow/dags/demo_sla.py for tasks to queue
[2024-03-29T17:04:10.593+0000] {logging_mixin.py:188} INFO - [2024-03-29T17:04:10.592+0000] {dagbag.py:538} INFO - Filling up the DagBag from /opt/airflow/dags/demo_sla.py
[2024-03-29T17:04:10.643+0000] {processor.py:840} INFO - DAG(s) 'demo_sla' retrieved from /opt/airflow/dags/demo_sla.py
[2024-03-29T17:04:10.713+0000] {logging_mixin.py:188} INFO - [2024-03-29T17:04:10.712+0000] {dag.py:3033} INFO - Sync 1 DAGs
[2024-03-29T17:04:10.767+0000] {logging_mixin.py:188} INFO - [2024-03-29T17:04:10.767+0000] {dag.py:3820} INFO - Setting next_dagrun for demo_sla to 2024-03-29T16:55:00+00:00, run_after=2024-03-29T17:00:00+00:00
[2024-03-29T17:04:10.797+0000] {processor.py:183} INFO - Processing /opt/airflow/dags/demo_sla.py took 0.217 seconds
[2024-03-29T17:04:16.412+0000] {processor.py:161} INFO - Started process (PID=3810) to work on /opt/airflow/dags/demo_sla.py
[2024-03-29T17:04:16.415+0000] {processor.py:830} INFO - Processing file /opt/airflow/dags/demo_sla.py for tasks to queue
[2024-03-29T17:04:16.417+0000] {logging_mixin.py:188} INFO - [2024-03-29T17:04:16.416+0000] {dagbag.py:538} INFO - Filling up the DagBag from /opt/airflow/dags/demo_sla.py
[2024-03-29T17:04:16.463+0000] {processor.py:840} INFO - DAG(s) 'demo_sla' retrieved from /opt/airflow/dags/demo_sla.py
[2024-03-29T17:04:16.871+0000] {logging_mixin.py:188} INFO - [2024-03-29T17:04:16.869+0000] {dag.py:3033} INFO - Sync 1 DAGs
[2024-03-29T17:04:16.932+0000] {logging_mixin.py:188} INFO - [2024-03-29T17:04:16.932+0000] {dag.py:3820} INFO - Setting next_dagrun for demo_sla to 2024-03-29T16:55:00+00:00, run_after=2024-03-29T17:00:00+00:00
[2024-03-29T17:04:17.019+0000] {processor.py:183} INFO - Processing /opt/airflow/dags/demo_sla.py took 0.618 seconds
[2024-03-29T17:04:47.386+0000] {processor.py:161} INFO - Started process (PID=3927) to work on /opt/airflow/dags/demo_sla.py
[2024-03-29T17:04:47.391+0000] {processor.py:830} INFO - Processing file /opt/airflow/dags/demo_sla.py for tasks to queue
[2024-03-29T17:04:47.398+0000] {logging_mixin.py:188} INFO - [2024-03-29T17:04:47.396+0000] {dagbag.py:538} INFO - Filling up the DagBag from /opt/airflow/dags/demo_sla.py
[2024-03-29T17:04:47.464+0000] {processor.py:840} INFO - DAG(s) 'demo_sla' retrieved from /opt/airflow/dags/demo_sla.py
[2024-03-29T17:04:47.468+0000] {logging_mixin.py:188} INFO - [2024-03-29T17:04:47.468+0000] {dagbag.py:538} INFO - Filling up the DagBag from /opt/airflow/dags/demo_sla.py
[2024-03-29T17:04:47.542+0000] {logging_mixin.py:188} INFO - [2024-03-29T17:04:47.541+0000] {processor.py:431} INFO - Running SLA Checks for demo_sla
[2024-03-29T17:04:47.637+0000] {logging_mixin.py:188} INFO - [2024-03-29T17:04:47.637+0000] {dag.py:3033} INFO - Sync 1 DAGs
[2024-03-29T17:04:47.697+0000] {logging_mixin.py:188} INFO - [2024-03-29T17:04:47.696+0000] {dag.py:3820} INFO - Setting next_dagrun for demo_sla to 2024-03-29T17:00:00+00:00, run_after=2024-03-29T17:05:00+00:00
[2024-03-29T17:04:47.724+0000] {processor.py:183} INFO - Processing /opt/airflow/dags/demo_sla.py took 0.346 seconds
[2024-03-29T17:05:17.928+0000] {processor.py:161} INFO - Started process (PID=4052) to work on /opt/airflow/dags/demo_sla.py
[2024-03-29T17:05:17.932+0000] {processor.py:830} INFO - Processing file /opt/airflow/dags/demo_sla.py for tasks to queue
[2024-03-29T17:05:17.936+0000] {logging_mixin.py:188} INFO - [2024-03-29T17:05:17.934+0000] {dagbag.py:538} INFO - Filling up the DagBag from /opt/airflow/dags/demo_sla.py
[2024-03-29T17:05:18.021+0000] {processor.py:840} INFO - DAG(s) 'demo_sla' retrieved from /opt/airflow/dags/demo_sla.py
[2024-03-29T17:05:18.025+0000] {logging_mixin.py:188} INFO - [2024-03-29T17:05:18.025+0000] {dagbag.py:538} INFO - Filling up the DagBag from /opt/airflow/dags/demo_sla.py
[2024-03-29T17:05:18.132+0000] {logging_mixin.py:188} INFO - [2024-03-29T17:05:18.131+0000] {processor.py:431} INFO - Running SLA Checks for demo_sla
[2024-03-29T17:05:18.441+0000] {logging_mixin.py:188} INFO - [2024-03-29T17:05:18.441+0000] {dag.py:3033} INFO - Sync 1 DAGs
[2024-03-29T17:05:18.495+0000] {logging_mixin.py:188} INFO - [2024-03-29T17:05:18.495+0000] {dag.py:3820} INFO - Setting next_dagrun for demo_sla to 2024-03-29T17:05:00+00:00, run_after=2024-03-29T17:10:00+00:00
[2024-03-29T17:05:18.546+0000] {processor.py:183} INFO - Processing /opt/airflow/dags/demo_sla.py took 0.633 seconds
[2024-03-29T17:05:49.452+0000] {processor.py:161} INFO - Started process (PID=4165) to work on /opt/airflow/dags/demo_sla.py
[2024-03-29T17:05:49.458+0000] {processor.py:830} INFO - Processing file /opt/airflow/dags/demo_sla.py for tasks to queue
[2024-03-29T17:05:49.464+0000] {logging_mixin.py:188} INFO - [2024-03-29T17:05:49.462+0000] {dagbag.py:538} INFO - Filling up the DagBag from /opt/airflow/dags/demo_sla.py
[2024-03-29T17:05:49.499+0000] {processor.py:840} INFO - DAG(s) 'demo_sla' retrieved from /opt/airflow/dags/demo_sla.py
[2024-03-29T17:05:49.556+0000] {logging_mixin.py:188} INFO - [2024-03-29T17:05:49.556+0000] {dag.py:3033} INFO - Sync 1 DAGs
[2024-03-29T17:05:49.609+0000] {logging_mixin.py:188} INFO - [2024-03-29T17:05:49.609+0000] {dag.py:3820} INFO - Setting next_dagrun for demo_sla to 2024-03-29T17:05:00+00:00, run_after=2024-03-29T17:10:00+00:00
[2024-03-29T17:05:49.632+0000] {processor.py:183} INFO - Processing /opt/airflow/dags/demo_sla.py took 0.189 seconds
[2024-03-29T17:06:20.556+0000] {processor.py:161} INFO - Started process (PID=4286) to work on /opt/airflow/dags/demo_sla.py
[2024-03-29T17:06:20.563+0000] {processor.py:830} INFO - Processing file /opt/airflow/dags/demo_sla.py for tasks to queue
[2024-03-29T17:06:20.571+0000] {logging_mixin.py:188} INFO - [2024-03-29T17:06:20.569+0000] {dagbag.py:538} INFO - Filling up the DagBag from /opt/airflow/dags/demo_sla.py
[2024-03-29T17:06:20.652+0000] {processor.py:840} INFO - DAG(s) 'demo_sla' retrieved from /opt/airflow/dags/demo_sla.py
[2024-03-29T17:06:20.738+0000] {logging_mixin.py:188} INFO - [2024-03-29T17:06:20.737+0000] {dag.py:3033} INFO - Sync 1 DAGs
[2024-03-29T17:06:20.794+0000] {logging_mixin.py:188} INFO - [2024-03-29T17:06:20.792+0000] {dag.py:3820} INFO - Setting next_dagrun for demo_sla to 2024-03-29T17:05:00+00:00, run_after=2024-03-29T17:10:00+00:00
[2024-03-29T17:06:20.822+0000] {processor.py:183} INFO - Processing /opt/airflow/dags/demo_sla.py took 0.300 seconds
[2024-03-29T17:06:51.152+0000] {processor.py:161} INFO - Started process (PID=4406) to work on /opt/airflow/dags/demo_sla.py
[2024-03-29T17:06:51.162+0000] {processor.py:830} INFO - Processing file /opt/airflow/dags/demo_sla.py for tasks to queue
[2024-03-29T17:06:51.170+0000] {logging_mixin.py:188} INFO - [2024-03-29T17:06:51.169+0000] {dagbag.py:538} INFO - Filling up the DagBag from /opt/airflow/dags/demo_sla.py
[2024-03-29T17:06:51.220+0000] {processor.py:840} INFO - DAG(s) 'demo_sla' retrieved from /opt/airflow/dags/demo_sla.py
[2024-03-29T17:06:51.266+0000] {logging_mixin.py:188} INFO - [2024-03-29T17:06:51.266+0000] {dag.py:3033} INFO - Sync 1 DAGs
[2024-03-29T17:06:51.303+0000] {logging_mixin.py:188} INFO - [2024-03-29T17:06:51.303+0000] {dag.py:3820} INFO - Setting next_dagrun for demo_sla to 2024-03-29T17:05:00+00:00, run_after=2024-03-29T17:10:00+00:00
[2024-03-29T17:06:51.333+0000] {processor.py:183} INFO - Processing /opt/airflow/dags/demo_sla.py took 0.189 seconds
[2024-03-29T17:07:09.245+0000] {processor.py:161} INFO - Started process (PID=4449) to work on /opt/airflow/dags/demo_sla.py
[2024-03-29T17:07:09.249+0000] {processor.py:830} INFO - Processing file /opt/airflow/dags/demo_sla.py for tasks to queue
[2024-03-29T17:07:09.251+0000] {logging_mixin.py:188} INFO - [2024-03-29T17:07:09.250+0000] {dagbag.py:538} INFO - Filling up the DagBag from /opt/airflow/dags/demo_sla.py
[2024-03-29T17:07:09.306+0000] {processor.py:840} INFO - DAG(s) 'demo_sla' retrieved from /opt/airflow/dags/demo_sla.py
[2024-03-29T17:07:09.559+0000] {logging_mixin.py:188} INFO - [2024-03-29T17:07:09.558+0000] {dag.py:3033} INFO - Sync 1 DAGs
[2024-03-29T17:07:09.603+0000] {logging_mixin.py:188} INFO - [2024-03-29T17:07:09.602+0000] {dag.py:3820} INFO - Setting next_dagrun for demo_sla to 2024-03-29T17:03:00+00:00, run_after=2024-03-29T17:06:00+00:00
[2024-03-29T17:07:09.633+0000] {processor.py:183} INFO - Processing /opt/airflow/dags/demo_sla.py took 0.399 seconds
[2024-03-29T17:07:29.311+0000] {processor.py:161} INFO - Started process (PID=4565) to work on /opt/airflow/dags/demo_sla.py
[2024-03-29T17:07:29.340+0000] {processor.py:830} INFO - Processing file /opt/airflow/dags/demo_sla.py for tasks to queue
[2024-03-29T17:07:29.363+0000] {logging_mixin.py:188} INFO - [2024-03-29T17:07:29.360+0000] {dagbag.py:538} INFO - Filling up the DagBag from /opt/airflow/dags/demo_sla.py
[2024-03-29T17:07:29.673+0000] {processor.py:840} INFO - DAG(s) 'demo_sla' retrieved from /opt/airflow/dags/demo_sla.py
[2024-03-29T17:07:29.678+0000] {logging_mixin.py:188} INFO - [2024-03-29T17:07:29.677+0000] {dagbag.py:538} INFO - Filling up the DagBag from /opt/airflow/dags/demo_sla.py
[2024-03-29T17:07:29.764+0000] {logging_mixin.py:188} INFO - [2024-03-29T17:07:29.763+0000] {processor.py:431} INFO - Running SLA Checks for demo_sla
[2024-03-29T17:07:30.017+0000] {logging_mixin.py:188} INFO - [2024-03-29T17:07:30.016+0000] {dag.py:3033} INFO - Sync 1 DAGs
[2024-03-29T17:07:30.331+0000] {logging_mixin.py:188} INFO - [2024-03-29T17:07:30.329+0000] {dag.py:3820} INFO - Setting next_dagrun for demo_sla to 2024-03-29T17:06:00+00:00, run_after=2024-03-29T17:09:00+00:00
[2024-03-29T17:07:30.556+0000] {processor.py:183} INFO - Processing /opt/airflow/dags/demo_sla.py took 1.291 seconds
[2024-03-29T17:07:42.899+0000] {processor.py:161} INFO - Started process (PID=4580) to work on /opt/airflow/dags/demo_sla.py
[2024-03-29T17:07:42.902+0000] {processor.py:830} INFO - Processing file /opt/airflow/dags/demo_sla.py for tasks to queue
[2024-03-29T17:07:42.905+0000] {logging_mixin.py:188} INFO - [2024-03-29T17:07:42.904+0000] {dagbag.py:538} INFO - Filling up the DagBag from /opt/airflow/dags/demo_sla.py
[2024-03-29T17:07:42.961+0000] {processor.py:840} INFO - DAG(s) 'demo_sla' retrieved from /opt/airflow/dags/demo_sla.py
[2024-03-29T17:07:42.963+0000] {logging_mixin.py:188} INFO - [2024-03-29T17:07:42.962+0000] {dagbag.py:538} INFO - Filling up the DagBag from /opt/airflow/dags/demo_sla.py
[2024-03-29T17:07:43.012+0000] {logging_mixin.py:188} INFO - [2024-03-29T17:07:43.011+0000] {processor.py:431} INFO - Running SLA Checks for demo_sla
[2024-03-29T17:07:43.325+0000] {logging_mixin.py:188} INFO - [2024-03-29T17:07:43.325+0000] {dag.py:3033} INFO - Sync 1 DAGs
[2024-03-29T17:07:43.356+0000] {logging_mixin.py:188} INFO - [2024-03-29T17:07:43.356+0000] {dag.py:3820} INFO - Setting next_dagrun for demo_sla to 2024-03-29T17:06:00+00:00, run_after=2024-03-29T17:09:00+00:00
[2024-03-29T17:07:43.384+0000] {processor.py:183} INFO - Processing /opt/airflow/dags/demo_sla.py took 0.493 seconds
[2024-03-29T17:08:13.766+0000] {processor.py:161} INFO - Started process (PID=4700) to work on /opt/airflow/dags/demo_sla.py
[2024-03-29T17:08:13.770+0000] {processor.py:830} INFO - Processing file /opt/airflow/dags/demo_sla.py for tasks to queue
[2024-03-29T17:08:13.774+0000] {logging_mixin.py:188} INFO - [2024-03-29T17:08:13.773+0000] {dagbag.py:538} INFO - Filling up the DagBag from /opt/airflow/dags/demo_sla.py
[2024-03-29T17:08:13.890+0000] {processor.py:840} INFO - DAG(s) 'demo_sla' retrieved from /opt/airflow/dags/demo_sla.py
[2024-03-29T17:08:14.010+0000] {logging_mixin.py:188} INFO - [2024-03-29T17:08:14.009+0000] {dag.py:3033} INFO - Sync 1 DAGs
[2024-03-29T17:08:14.101+0000] {logging_mixin.py:188} INFO - [2024-03-29T17:08:14.100+0000] {dag.py:3820} INFO - Setting next_dagrun for demo_sla to 2024-03-29T17:06:00+00:00, run_after=2024-03-29T17:09:00+00:00
[2024-03-29T17:08:14.145+0000] {processor.py:183} INFO - Processing /opt/airflow/dags/demo_sla.py took 0.393 seconds
[2024-03-29T17:08:44.277+0000] {processor.py:161} INFO - Started process (PID=4814) to work on /opt/airflow/dags/demo_sla.py
[2024-03-29T17:08:44.284+0000] {processor.py:830} INFO - Processing file /opt/airflow/dags/demo_sla.py for tasks to queue
[2024-03-29T17:08:44.289+0000] {logging_mixin.py:188} INFO - [2024-03-29T17:08:44.288+0000] {dagbag.py:538} INFO - Filling up the DagBag from /opt/airflow/dags/demo_sla.py
[2024-03-29T17:08:44.336+0000] {processor.py:840} INFO - DAG(s) 'demo_sla' retrieved from /opt/airflow/dags/demo_sla.py
[2024-03-29T17:08:44.414+0000] {logging_mixin.py:188} INFO - [2024-03-29T17:08:44.413+0000] {dag.py:3033} INFO - Sync 1 DAGs
[2024-03-29T17:08:44.480+0000] {logging_mixin.py:188} INFO - [2024-03-29T17:08:44.480+0000] {dag.py:3820} INFO - Setting next_dagrun for demo_sla to 2024-03-29T17:06:00+00:00, run_after=2024-03-29T17:09:00+00:00
[2024-03-29T17:08:44.504+0000] {processor.py:183} INFO - Processing /opt/airflow/dags/demo_sla.py took 0.249 seconds
[2024-03-29T17:09:15.239+0000] {processor.py:161} INFO - Started process (PID=4937) to work on /opt/airflow/dags/demo_sla.py
[2024-03-29T17:09:15.242+0000] {processor.py:830} INFO - Processing file /opt/airflow/dags/demo_sla.py for tasks to queue
[2024-03-29T17:09:15.246+0000] {logging_mixin.py:188} INFO - [2024-03-29T17:09:15.244+0000] {dagbag.py:538} INFO - Filling up the DagBag from /opt/airflow/dags/demo_sla.py
[2024-03-29T17:09:15.295+0000] {processor.py:840} INFO - DAG(s) 'demo_sla' retrieved from /opt/airflow/dags/demo_sla.py
[2024-03-29T17:09:15.296+0000] {logging_mixin.py:188} INFO - [2024-03-29T17:09:15.296+0000] {dagbag.py:538} INFO - Filling up the DagBag from /opt/airflow/dags/demo_sla.py
[2024-03-29T17:09:15.339+0000] {logging_mixin.py:188} INFO - [2024-03-29T17:09:15.338+0000] {processor.py:431} INFO - Running SLA Checks for demo_sla
[2024-03-29T17:09:15.456+0000] {logging_mixin.py:188} INFO - [2024-03-29T17:09:15.455+0000] {dag.py:3033} INFO - Sync 1 DAGs
[2024-03-29T17:09:15.503+0000] {logging_mixin.py:188} INFO - [2024-03-29T17:09:15.502+0000] {dag.py:3820} INFO - Setting next_dagrun for demo_sla to 2024-03-29T17:09:00+00:00, run_after=2024-03-29T17:12:00+00:00
[2024-03-29T17:09:15.555+0000] {processor.py:183} INFO - Processing /opt/airflow/dags/demo_sla.py took 0.330 seconds
[2024-03-29T17:09:46.059+0000] {processor.py:161} INFO - Started process (PID=5050) to work on /opt/airflow/dags/demo_sla.py
[2024-03-29T17:09:46.076+0000] {processor.py:830} INFO - Processing file /opt/airflow/dags/demo_sla.py for tasks to queue
[2024-03-29T17:09:46.134+0000] {logging_mixin.py:188} INFO - [2024-03-29T17:09:46.122+0000] {dagbag.py:538} INFO - Filling up the DagBag from /opt/airflow/dags/demo_sla.py
[2024-03-29T17:09:46.275+0000] {processor.py:840} INFO - DAG(s) 'demo_sla' retrieved from /opt/airflow/dags/demo_sla.py
[2024-03-29T17:09:46.455+0000] {logging_mixin.py:188} INFO - [2024-03-29T17:09:46.454+0000] {dag.py:3033} INFO - Sync 1 DAGs
[2024-03-29T17:09:47.259+0000] {logging_mixin.py:188} INFO - [2024-03-29T17:09:47.252+0000] {dag.py:3820} INFO - Setting next_dagrun for demo_sla to 2024-03-29T17:09:00+00:00, run_after=2024-03-29T17:12:00+00:00
[2024-03-29T17:09:47.422+0000] {processor.py:183} INFO - Processing /opt/airflow/dags/demo_sla.py took 1.444 seconds
[2024-03-29T17:10:17.913+0000] {processor.py:161} INFO - Started process (PID=5168) to work on /opt/airflow/dags/demo_sla.py
[2024-03-29T17:10:17.915+0000] {processor.py:830} INFO - Processing file /opt/airflow/dags/demo_sla.py for tasks to queue
[2024-03-29T17:10:17.917+0000] {logging_mixin.py:188} INFO - [2024-03-29T17:10:17.917+0000] {dagbag.py:538} INFO - Filling up the DagBag from /opt/airflow/dags/demo_sla.py
[2024-03-29T17:10:17.954+0000] {processor.py:840} INFO - DAG(s) 'demo_sla' retrieved from /opt/airflow/dags/demo_sla.py
[2024-03-29T17:10:18.005+0000] {logging_mixin.py:188} INFO - [2024-03-29T17:10:18.004+0000] {dag.py:3033} INFO - Sync 1 DAGs
[2024-03-29T17:10:18.051+0000] {logging_mixin.py:188} INFO - [2024-03-29T17:10:18.050+0000] {dag.py:3820} INFO - Setting next_dagrun for demo_sla to 2024-03-29T17:09:00+00:00, run_after=2024-03-29T17:12:00+00:00
[2024-03-29T17:10:18.074+0000] {processor.py:183} INFO - Processing /opt/airflow/dags/demo_sla.py took 0.168 seconds
[2024-03-29T17:10:48.221+0000] {processor.py:161} INFO - Started process (PID=5287) to work on /opt/airflow/dags/demo_sla.py
[2024-03-29T17:10:48.233+0000] {processor.py:830} INFO - Processing file /opt/airflow/dags/demo_sla.py for tasks to queue
[2024-03-29T17:10:48.239+0000] {logging_mixin.py:188} INFO - [2024-03-29T17:10:48.237+0000] {dagbag.py:538} INFO - Filling up the DagBag from /opt/airflow/dags/demo_sla.py
[2024-03-29T17:10:48.359+0000] {processor.py:840} INFO - DAG(s) 'demo_sla' retrieved from /opt/airflow/dags/demo_sla.py
[2024-03-29T17:10:48.482+0000] {logging_mixin.py:188} INFO - [2024-03-29T17:10:48.481+0000] {dag.py:3033} INFO - Sync 1 DAGs
[2024-03-29T17:10:48.574+0000] {logging_mixin.py:188} INFO - [2024-03-29T17:10:48.574+0000] {dag.py:3820} INFO - Setting next_dagrun for demo_sla to 2024-03-29T17:09:00+00:00, run_after=2024-03-29T17:12:00+00:00
[2024-03-29T17:10:48.603+0000] {processor.py:183} INFO - Processing /opt/airflow/dags/demo_sla.py took 0.415 seconds
[2024-03-29T17:11:19.708+0000] {processor.py:161} INFO - Started process (PID=5401) to work on /opt/airflow/dags/demo_sla.py
[2024-03-29T17:11:19.711+0000] {processor.py:830} INFO - Processing file /opt/airflow/dags/demo_sla.py for tasks to queue
[2024-03-29T17:11:19.713+0000] {logging_mixin.py:188} INFO - [2024-03-29T17:11:19.712+0000] {dagbag.py:538} INFO - Filling up the DagBag from /opt/airflow/dags/demo_sla.py
[2024-03-29T17:11:19.777+0000] {processor.py:840} INFO - DAG(s) 'demo_sla' retrieved from /opt/airflow/dags/demo_sla.py
[2024-03-29T17:11:19.859+0000] {logging_mixin.py:188} INFO - [2024-03-29T17:11:19.858+0000] {dag.py:3033} INFO - Sync 1 DAGs
[2024-03-29T17:11:19.913+0000] {logging_mixin.py:188} INFO - [2024-03-29T17:11:19.912+0000] {dag.py:3820} INFO - Setting next_dagrun for demo_sla to 2024-03-29T17:09:00+00:00, run_after=2024-03-29T17:12:00+00:00
[2024-03-29T17:11:19.940+0000] {processor.py:183} INFO - Processing /opt/airflow/dags/demo_sla.py took 0.240 seconds
[2024-03-29T17:11:50.329+0000] {processor.py:161} INFO - Started process (PID=5522) to work on /opt/airflow/dags/demo_sla.py
[2024-03-29T17:11:50.332+0000] {processor.py:830} INFO - Processing file /opt/airflow/dags/demo_sla.py for tasks to queue
[2024-03-29T17:11:50.334+0000] {logging_mixin.py:188} INFO - [2024-03-29T17:11:50.333+0000] {dagbag.py:538} INFO - Filling up the DagBag from /opt/airflow/dags/demo_sla.py
[2024-03-29T17:11:50.384+0000] {processor.py:840} INFO - DAG(s) 'demo_sla' retrieved from /opt/airflow/dags/demo_sla.py
[2024-03-29T17:11:50.442+0000] {logging_mixin.py:188} INFO - [2024-03-29T17:11:50.442+0000] {dag.py:3033} INFO - Sync 1 DAGs
[2024-03-29T17:11:50.482+0000] {logging_mixin.py:188} INFO - [2024-03-29T17:11:50.482+0000] {dag.py:3820} INFO - Setting next_dagrun for demo_sla to 2024-03-29T17:09:00+00:00, run_after=2024-03-29T17:12:00+00:00
[2024-03-29T17:11:50.504+0000] {processor.py:183} INFO - Processing /opt/airflow/dags/demo_sla.py took 0.184 seconds
[2024-03-29T17:12:21.083+0000] {processor.py:161} INFO - Started process (PID=5643) to work on /opt/airflow/dags/demo_sla.py
[2024-03-29T17:12:21.085+0000] {processor.py:830} INFO - Processing file /opt/airflow/dags/demo_sla.py for tasks to queue
[2024-03-29T17:12:21.087+0000] {logging_mixin.py:188} INFO - [2024-03-29T17:12:21.086+0000] {dagbag.py:538} INFO - Filling up the DagBag from /opt/airflow/dags/demo_sla.py
[2024-03-29T17:12:21.122+0000] {processor.py:840} INFO - DAG(s) 'demo_sla' retrieved from /opt/airflow/dags/demo_sla.py
[2024-03-29T17:12:21.192+0000] {logging_mixin.py:188} INFO - [2024-03-29T17:12:21.192+0000] {dag.py:3033} INFO - Sync 1 DAGs
[2024-03-29T17:12:21.298+0000] {logging_mixin.py:188} INFO - [2024-03-29T17:12:21.295+0000] {dag.py:3820} INFO - Setting next_dagrun for demo_sla to 2024-03-29T17:09:00+00:00, run_after=2024-03-29T17:12:00+00:00
[2024-03-29T17:12:21.359+0000] {processor.py:183} INFO - Processing /opt/airflow/dags/demo_sla.py took 0.294 seconds
[2024-03-29T17:12:52.322+0000] {processor.py:161} INFO - Started process (PID=5758) to work on /opt/airflow/dags/demo_sla.py
[2024-03-29T17:12:52.326+0000] {processor.py:830} INFO - Processing file /opt/airflow/dags/demo_sla.py for tasks to queue
[2024-03-29T17:12:52.330+0000] {logging_mixin.py:188} INFO - [2024-03-29T17:12:52.328+0000] {dagbag.py:538} INFO - Filling up the DagBag from /opt/airflow/dags/demo_sla.py
[2024-03-29T17:12:52.398+0000] {processor.py:840} INFO - DAG(s) 'demo_sla' retrieved from /opt/airflow/dags/demo_sla.py
[2024-03-29T17:12:52.512+0000] {logging_mixin.py:188} INFO - [2024-03-29T17:12:52.512+0000] {dag.py:3033} INFO - Sync 1 DAGs
[2024-03-29T17:12:52.627+0000] {logging_mixin.py:188} INFO - [2024-03-29T17:12:52.626+0000] {dag.py:3820} INFO - Setting next_dagrun for demo_sla to 2024-03-29T17:09:00+00:00, run_after=2024-03-29T17:12:00+00:00
[2024-03-29T17:12:52.664+0000] {processor.py:183} INFO - Processing /opt/airflow/dags/demo_sla.py took 0.357 seconds
[2024-03-29T17:13:23.294+0000] {processor.py:161} INFO - Started process (PID=5885) to work on /opt/airflow/dags/demo_sla.py
[2024-03-29T17:13:23.297+0000] {processor.py:830} INFO - Processing file /opt/airflow/dags/demo_sla.py for tasks to queue
[2024-03-29T17:13:23.300+0000] {logging_mixin.py:188} INFO - [2024-03-29T17:13:23.299+0000] {dagbag.py:538} INFO - Filling up the DagBag from /opt/airflow/dags/demo_sla.py
[2024-03-29T17:13:23.366+0000] {processor.py:840} INFO - DAG(s) 'demo_sla' retrieved from /opt/airflow/dags/demo_sla.py
[2024-03-29T17:13:23.433+0000] {logging_mixin.py:188} INFO - [2024-03-29T17:13:23.433+0000] {dag.py:3033} INFO - Sync 1 DAGs
[2024-03-29T17:13:23.487+0000] {logging_mixin.py:188} INFO - [2024-03-29T17:13:23.487+0000] {dag.py:3820} INFO - Setting next_dagrun for demo_sla to 2024-03-29T17:09:00+00:00, run_after=2024-03-29T17:12:00+00:00
[2024-03-29T17:13:23.527+0000] {processor.py:183} INFO - Processing /opt/airflow/dags/demo_sla.py took 0.240 seconds
[2024-03-29T17:13:54.697+0000] {processor.py:161} INFO - Started process (PID=6018) to work on /opt/airflow/dags/demo_sla.py
[2024-03-29T17:13:54.700+0000] {processor.py:830} INFO - Processing file /opt/airflow/dags/demo_sla.py for tasks to queue
[2024-03-29T17:13:54.702+0000] {logging_mixin.py:188} INFO - [2024-03-29T17:13:54.701+0000] {dagbag.py:538} INFO - Filling up the DagBag from /opt/airflow/dags/demo_sla.py
[2024-03-29T17:13:54.752+0000] {processor.py:840} INFO - DAG(s) 'demo_sla' retrieved from /opt/airflow/dags/demo_sla.py
[2024-03-29T17:13:54.840+0000] {logging_mixin.py:188} INFO - [2024-03-29T17:13:54.840+0000] {dag.py:3033} INFO - Sync 1 DAGs
[2024-03-29T17:13:54.914+0000] {logging_mixin.py:188} INFO - [2024-03-29T17:13:54.913+0000] {dag.py:3820} INFO - Setting next_dagrun for demo_sla to 2024-03-29T17:09:00+00:00, run_after=2024-03-29T17:12:00+00:00
[2024-03-29T17:13:54.970+0000] {processor.py:183} INFO - Processing /opt/airflow/dags/demo_sla.py took 0.283 seconds
[2024-03-29T17:14:25.038+0000] {processor.py:161} INFO - Started process (PID=6136) to work on /opt/airflow/dags/demo_sla.py
[2024-03-29T17:14:25.044+0000] {processor.py:830} INFO - Processing file /opt/airflow/dags/demo_sla.py for tasks to queue
[2024-03-29T17:14:25.047+0000] {logging_mixin.py:188} INFO - [2024-03-29T17:14:25.046+0000] {dagbag.py:538} INFO - Filling up the DagBag from /opt/airflow/dags/demo_sla.py
[2024-03-29T17:14:25.083+0000] {processor.py:840} INFO - DAG(s) 'demo_sla' retrieved from /opt/airflow/dags/demo_sla.py
[2024-03-29T17:14:25.145+0000] {logging_mixin.py:188} INFO - [2024-03-29T17:14:25.145+0000] {dag.py:3033} INFO - Sync 1 DAGs
[2024-03-29T17:14:25.223+0000] {logging_mixin.py:188} INFO - [2024-03-29T17:14:25.223+0000] {dag.py:3820} INFO - Setting next_dagrun for demo_sla to 2024-03-29T17:09:00+00:00, run_after=2024-03-29T17:12:00+00:00
[2024-03-29T17:14:25.252+0000] {processor.py:183} INFO - Processing /opt/airflow/dags/demo_sla.py took 0.224 seconds
[2024-03-29T17:14:55.489+0000] {processor.py:161} INFO - Started process (PID=6264) to work on /opt/airflow/dags/demo_sla.py
[2024-03-29T17:14:55.495+0000] {processor.py:830} INFO - Processing file /opt/airflow/dags/demo_sla.py for tasks to queue
[2024-03-29T17:14:55.501+0000] {logging_mixin.py:188} INFO - [2024-03-29T17:14:55.498+0000] {dagbag.py:538} INFO - Filling up the DagBag from /opt/airflow/dags/demo_sla.py
[2024-03-29T17:14:55.566+0000] {processor.py:840} INFO - DAG(s) 'demo_sla' retrieved from /opt/airflow/dags/demo_sla.py
[2024-03-29T17:14:55.626+0000] {logging_mixin.py:188} INFO - [2024-03-29T17:14:55.626+0000] {dag.py:3033} INFO - Sync 1 DAGs
[2024-03-29T17:14:55.687+0000] {logging_mixin.py:188} INFO - [2024-03-29T17:14:55.686+0000] {dag.py:3820} INFO - Setting next_dagrun for demo_sla to 2024-03-29T17:09:00+00:00, run_after=2024-03-29T17:12:00+00:00
[2024-03-29T17:14:55.756+0000] {processor.py:183} INFO - Processing /opt/airflow/dags/demo_sla.py took 0.281 seconds
[2024-03-29T17:15:25.970+0000] {processor.py:161} INFO - Started process (PID=6382) to work on /opt/airflow/dags/demo_sla.py
[2024-03-29T17:15:25.972+0000] {processor.py:830} INFO - Processing file /opt/airflow/dags/demo_sla.py for tasks to queue
[2024-03-29T17:15:25.974+0000] {logging_mixin.py:188} INFO - [2024-03-29T17:15:25.974+0000] {dagbag.py:538} INFO - Filling up the DagBag from /opt/airflow/dags/demo_sla.py
[2024-03-29T17:15:26.043+0000] {processor.py:840} INFO - DAG(s) 'demo_sla' retrieved from /opt/airflow/dags/demo_sla.py
[2024-03-29T17:15:26.117+0000] {logging_mixin.py:188} INFO - [2024-03-29T17:15:26.117+0000] {dag.py:3033} INFO - Sync 1 DAGs
[2024-03-29T17:15:26.170+0000] {logging_mixin.py:188} INFO - [2024-03-29T17:15:26.169+0000] {dag.py:3820} INFO - Setting next_dagrun for demo_sla to 2024-03-29T17:12:00+00:00, run_after=2024-03-29T17:15:00+00:00
[2024-03-29T17:15:26.211+0000] {processor.py:183} INFO - Processing /opt/airflow/dags/demo_sla.py took 0.251 seconds
[2024-03-29T17:15:56.610+0000] {processor.py:161} INFO - Started process (PID=6510) to work on /opt/airflow/dags/demo_sla.py
[2024-03-29T17:15:56.613+0000] {processor.py:830} INFO - Processing file /opt/airflow/dags/demo_sla.py for tasks to queue
[2024-03-29T17:15:56.615+0000] {logging_mixin.py:188} INFO - [2024-03-29T17:15:56.614+0000] {dagbag.py:538} INFO - Filling up the DagBag from /opt/airflow/dags/demo_sla.py
[2024-03-29T17:15:56.655+0000] {processor.py:840} INFO - DAG(s) 'demo_sla' retrieved from /opt/airflow/dags/demo_sla.py
[2024-03-29T17:15:56.753+0000] {logging_mixin.py:188} INFO - [2024-03-29T17:15:56.753+0000] {dag.py:3033} INFO - Sync 1 DAGs
[2024-03-29T17:15:56.851+0000] {logging_mixin.py:188} INFO - [2024-03-29T17:15:56.851+0000] {dag.py:3820} INFO - Setting next_dagrun for demo_sla to 2024-03-29T17:12:00+00:00, run_after=2024-03-29T17:15:00+00:00
[2024-03-29T17:15:56.901+0000] {processor.py:183} INFO - Processing /opt/airflow/dags/demo_sla.py took 0.295 seconds
[2024-03-29T17:16:27.069+0000] {processor.py:161} INFO - Started process (PID=6637) to work on /opt/airflow/dags/demo_sla.py
[2024-03-29T17:16:27.074+0000] {processor.py:830} INFO - Processing file /opt/airflow/dags/demo_sla.py for tasks to queue
[2024-03-29T17:16:27.077+0000] {logging_mixin.py:188} INFO - [2024-03-29T17:16:27.076+0000] {dagbag.py:538} INFO - Filling up the DagBag from /opt/airflow/dags/demo_sla.py
[2024-03-29T17:16:27.125+0000] {processor.py:840} INFO - DAG(s) 'demo_sla' retrieved from /opt/airflow/dags/demo_sla.py
[2024-03-29T17:16:27.225+0000] {logging_mixin.py:188} INFO - [2024-03-29T17:16:27.225+0000] {dag.py:3033} INFO - Sync 1 DAGs
[2024-03-29T17:16:27.309+0000] {logging_mixin.py:188} INFO - [2024-03-29T17:16:27.307+0000] {dag.py:3820} INFO - Setting next_dagrun for demo_sla to 2024-03-29T17:12:00+00:00, run_after=2024-03-29T17:15:00+00:00
[2024-03-29T17:16:27.374+0000] {processor.py:183} INFO - Processing /opt/airflow/dags/demo_sla.py took 0.313 seconds
[2024-03-29T17:16:58.251+0000] {processor.py:161} INFO - Started process (PID=6763) to work on /opt/airflow/dags/demo_sla.py
[2024-03-29T17:16:58.256+0000] {processor.py:830} INFO - Processing file /opt/airflow/dags/demo_sla.py for tasks to queue
[2024-03-29T17:16:58.259+0000] {logging_mixin.py:188} INFO - [2024-03-29T17:16:58.258+0000] {dagbag.py:538} INFO - Filling up the DagBag from /opt/airflow/dags/demo_sla.py
[2024-03-29T17:16:58.306+0000] {processor.py:840} INFO - DAG(s) 'demo_sla' retrieved from /opt/airflow/dags/demo_sla.py
[2024-03-29T17:16:58.371+0000] {logging_mixin.py:188} INFO - [2024-03-29T17:16:58.371+0000] {dag.py:3033} INFO - Sync 1 DAGs
[2024-03-29T17:16:58.463+0000] {logging_mixin.py:188} INFO - [2024-03-29T17:16:58.461+0000] {dag.py:3820} INFO - Setting next_dagrun for demo_sla to 2024-03-29T17:12:00+00:00, run_after=2024-03-29T17:15:00+00:00
[2024-03-29T17:16:58.502+0000] {processor.py:183} INFO - Processing /opt/airflow/dags/demo_sla.py took 0.260 seconds
[2024-03-29T17:17:30.670+0000] {processor.py:161} INFO - Started process (PID=6891) to work on /opt/airflow/dags/demo_sla.py
[2024-03-29T17:17:30.680+0000] {processor.py:830} INFO - Processing file /opt/airflow/dags/demo_sla.py for tasks to queue
[2024-03-29T17:17:30.688+0000] {logging_mixin.py:188} INFO - [2024-03-29T17:17:30.686+0000] {dagbag.py:538} INFO - Filling up the DagBag from /opt/airflow/dags/demo_sla.py
[2024-03-29T17:17:30.781+0000] {processor.py:840} INFO - DAG(s) 'demo_sla' retrieved from /opt/airflow/dags/demo_sla.py
[2024-03-29T17:17:30.920+0000] {logging_mixin.py:188} INFO - [2024-03-29T17:17:30.919+0000] {dag.py:3033} INFO - Sync 1 DAGs
[2024-03-29T17:17:31.003+0000] {logging_mixin.py:188} INFO - [2024-03-29T17:17:31.002+0000] {dag.py:3820} INFO - Setting next_dagrun for demo_sla to 2024-03-29T17:12:00+00:00, run_after=2024-03-29T17:15:00+00:00
[2024-03-29T17:17:31.053+0000] {processor.py:183} INFO - Processing /opt/airflow/dags/demo_sla.py took 0.405 seconds
[2024-03-29T17:18:01.341+0000] {processor.py:161} INFO - Started process (PID=7001) to work on /opt/airflow/dags/demo_sla.py
[2024-03-29T17:18:01.343+0000] {processor.py:830} INFO - Processing file /opt/airflow/dags/demo_sla.py for tasks to queue
[2024-03-29T17:18:01.349+0000] {logging_mixin.py:188} INFO - [2024-03-29T17:18:01.347+0000] {dagbag.py:538} INFO - Filling up the DagBag from /opt/airflow/dags/demo_sla.py
[2024-03-29T17:18:01.424+0000] {processor.py:840} INFO - DAG(s) 'demo_sla' retrieved from /opt/airflow/dags/demo_sla.py
[2024-03-29T17:18:01.510+0000] {logging_mixin.py:188} INFO - [2024-03-29T17:18:01.510+0000] {dag.py:3033} INFO - Sync 1 DAGs
[2024-03-29T17:18:01.585+0000] {logging_mixin.py:188} INFO - [2024-03-29T17:18:01.584+0000] {dag.py:3820} INFO - Setting next_dagrun for demo_sla to 2024-03-29T17:15:00+00:00, run_after=2024-03-29T17:18:00+00:00
[2024-03-29T17:18:01.628+0000] {processor.py:183} INFO - Processing /opt/airflow/dags/demo_sla.py took 0.297 seconds
[2024-03-29T17:18:31.807+0000] {processor.py:161} INFO - Started process (PID=7128) to work on /opt/airflow/dags/demo_sla.py
[2024-03-29T17:18:31.810+0000] {processor.py:830} INFO - Processing file /opt/airflow/dags/demo_sla.py for tasks to queue
[2024-03-29T17:18:31.814+0000] {logging_mixin.py:188} INFO - [2024-03-29T17:18:31.814+0000] {dagbag.py:538} INFO - Filling up the DagBag from /opt/airflow/dags/demo_sla.py
[2024-03-29T17:18:31.871+0000] {processor.py:840} INFO - DAG(s) 'demo_sla' retrieved from /opt/airflow/dags/demo_sla.py
[2024-03-29T17:18:31.922+0000] {logging_mixin.py:188} INFO - [2024-03-29T17:18:31.922+0000] {dag.py:3033} INFO - Sync 1 DAGs
[2024-03-29T17:18:31.969+0000] {logging_mixin.py:188} INFO - [2024-03-29T17:18:31.969+0000] {dag.py:3820} INFO - Setting next_dagrun for demo_sla to 2024-03-29T17:15:00+00:00, run_after=2024-03-29T17:18:00+00:00
[2024-03-29T17:18:32.007+0000] {processor.py:183} INFO - Processing /opt/airflow/dags/demo_sla.py took 0.205 seconds
[2024-03-29T17:19:02.190+0000] {processor.py:161} INFO - Started process (PID=7253) to work on /opt/airflow/dags/demo_sla.py
[2024-03-29T17:19:02.200+0000] {processor.py:830} INFO - Processing file /opt/airflow/dags/demo_sla.py for tasks to queue
[2024-03-29T17:19:02.212+0000] {logging_mixin.py:188} INFO - [2024-03-29T17:19:02.207+0000] {dagbag.py:538} INFO - Filling up the DagBag from /opt/airflow/dags/demo_sla.py
[2024-03-29T17:19:02.293+0000] {processor.py:840} INFO - DAG(s) 'demo_sla' retrieved from /opt/airflow/dags/demo_sla.py
[2024-03-29T17:19:02.391+0000] {logging_mixin.py:188} INFO - [2024-03-29T17:19:02.390+0000] {dag.py:3033} INFO - Sync 1 DAGs
[2024-03-29T17:19:02.474+0000] {logging_mixin.py:188} INFO - [2024-03-29T17:19:02.474+0000] {dag.py:3820} INFO - Setting next_dagrun for demo_sla to 2024-03-29T17:15:00+00:00, run_after=2024-03-29T17:18:00+00:00
[2024-03-29T17:19:02.533+0000] {processor.py:183} INFO - Processing /opt/airflow/dags/demo_sla.py took 0.362 seconds
[2024-03-29T17:19:33.084+0000] {processor.py:161} INFO - Started process (PID=7393) to work on /opt/airflow/dags/demo_sla.py
[2024-03-29T17:19:33.088+0000] {processor.py:830} INFO - Processing file /opt/airflow/dags/demo_sla.py for tasks to queue
[2024-03-29T17:19:33.090+0000] {logging_mixin.py:188} INFO - [2024-03-29T17:19:33.089+0000] {dagbag.py:538} INFO - Filling up the DagBag from /opt/airflow/dags/demo_sla.py
[2024-03-29T17:19:33.120+0000] {processor.py:840} INFO - DAG(s) 'demo_sla' retrieved from /opt/airflow/dags/demo_sla.py
[2024-03-29T17:19:33.163+0000] {logging_mixin.py:188} INFO - [2024-03-29T17:19:33.163+0000] {dag.py:3033} INFO - Sync 1 DAGs
[2024-03-29T17:19:33.245+0000] {logging_mixin.py:188} INFO - [2024-03-29T17:19:33.244+0000] {dag.py:3820} INFO - Setting next_dagrun for demo_sla to 2024-03-29T17:15:00+00:00, run_after=2024-03-29T17:18:00+00:00
[2024-03-29T17:19:33.285+0000] {processor.py:183} INFO - Processing /opt/airflow/dags/demo_sla.py took 0.208 seconds
[2024-03-29T17:20:04.036+0000] {processor.py:161} INFO - Started process (PID=7517) to work on /opt/airflow/dags/demo_sla.py
[2024-03-29T17:20:04.041+0000] {processor.py:830} INFO - Processing file /opt/airflow/dags/demo_sla.py for tasks to queue
[2024-03-29T17:20:04.045+0000] {logging_mixin.py:188} INFO - [2024-03-29T17:20:04.044+0000] {dagbag.py:538} INFO - Filling up the DagBag from /opt/airflow/dags/demo_sla.py
[2024-03-29T17:20:04.168+0000] {processor.py:840} INFO - DAG(s) 'demo_sla' retrieved from /opt/airflow/dags/demo_sla.py
[2024-03-29T17:20:04.411+0000] {logging_mixin.py:188} INFO - [2024-03-29T17:20:04.409+0000] {dag.py:3033} INFO - Sync 1 DAGs
[2024-03-29T17:20:04.581+0000] {logging_mixin.py:188} INFO - [2024-03-29T17:20:04.579+0000] {dag.py:3820} INFO - Setting next_dagrun for demo_sla to 2024-03-29T17:15:00+00:00, run_after=2024-03-29T17:18:00+00:00
[2024-03-29T17:20:04.703+0000] {processor.py:183} INFO - Processing /opt/airflow/dags/demo_sla.py took 0.703 seconds
[2024-03-29T17:20:34.818+0000] {processor.py:161} INFO - Started process (PID=7643) to work on /opt/airflow/dags/demo_sla.py
[2024-03-29T17:20:34.824+0000] {processor.py:830} INFO - Processing file /opt/airflow/dags/demo_sla.py for tasks to queue
[2024-03-29T17:20:34.826+0000] {logging_mixin.py:188} INFO - [2024-03-29T17:20:34.825+0000] {dagbag.py:538} INFO - Filling up the DagBag from /opt/airflow/dags/demo_sla.py
[2024-03-29T17:20:34.877+0000] {processor.py:840} INFO - DAG(s) 'demo_sla' retrieved from /opt/airflow/dags/demo_sla.py
[2024-03-29T17:20:34.951+0000] {logging_mixin.py:188} INFO - [2024-03-29T17:20:34.950+0000] {dag.py:3033} INFO - Sync 1 DAGs
[2024-03-29T17:20:35.022+0000] {logging_mixin.py:188} INFO - [2024-03-29T17:20:35.021+0000] {dag.py:3820} INFO - Setting next_dagrun for demo_sla to 2024-03-29T17:15:00+00:00, run_after=2024-03-29T17:18:00+00:00
[2024-03-29T17:20:35.079+0000] {processor.py:183} INFO - Processing /opt/airflow/dags/demo_sla.py took 0.269 seconds
[2024-03-29T17:21:06.189+0000] {processor.py:161} INFO - Started process (PID=7768) to work on /opt/airflow/dags/demo_sla.py
[2024-03-29T17:21:06.231+0000] {processor.py:830} INFO - Processing file /opt/airflow/dags/demo_sla.py for tasks to queue
[2024-03-29T17:21:06.239+0000] {logging_mixin.py:188} INFO - [2024-03-29T17:21:06.238+0000] {dagbag.py:538} INFO - Filling up the DagBag from /opt/airflow/dags/demo_sla.py
[2024-03-29T17:21:06.381+0000] {processor.py:840} INFO - DAG(s) 'demo_sla' retrieved from /opt/airflow/dags/demo_sla.py
[2024-03-29T17:21:06.622+0000] {logging_mixin.py:188} INFO - [2024-03-29T17:21:06.618+0000] {dag.py:3033} INFO - Sync 1 DAGs
[2024-03-29T17:21:06.821+0000] {logging_mixin.py:188} INFO - [2024-03-29T17:21:06.820+0000] {dag.py:3820} INFO - Setting next_dagrun for demo_sla to 2024-03-29T17:18:00+00:00, run_after=2024-03-29T17:21:00+00:00
[2024-03-29T17:21:06.930+0000] {processor.py:183} INFO - Processing /opt/airflow/dags/demo_sla.py took 0.804 seconds
[2024-03-29T17:21:37.935+0000] {processor.py:161} INFO - Started process (PID=7888) to work on /opt/airflow/dags/demo_sla.py
[2024-03-29T17:21:37.940+0000] {processor.py:830} INFO - Processing file /opt/airflow/dags/demo_sla.py for tasks to queue
[2024-03-29T17:21:37.944+0000] {logging_mixin.py:188} INFO - [2024-03-29T17:21:37.942+0000] {dagbag.py:538} INFO - Filling up the DagBag from /opt/airflow/dags/demo_sla.py
[2024-03-29T17:21:38.051+0000] {processor.py:840} INFO - DAG(s) 'demo_sla' retrieved from /opt/airflow/dags/demo_sla.py
[2024-03-29T17:21:38.240+0000] {logging_mixin.py:188} INFO - [2024-03-29T17:21:38.239+0000] {dag.py:3033} INFO - Sync 1 DAGs
[2024-03-29T17:21:38.376+0000] {logging_mixin.py:188} INFO - [2024-03-29T17:21:38.376+0000] {dag.py:3820} INFO - Setting next_dagrun for demo_sla to 2024-03-29T17:18:00+00:00, run_after=2024-03-29T17:21:00+00:00
[2024-03-29T17:21:38.426+0000] {processor.py:183} INFO - Processing /opt/airflow/dags/demo_sla.py took 0.509 seconds
[2024-03-29T17:22:09.478+0000] {processor.py:161} INFO - Started process (PID=8015) to work on /opt/airflow/dags/demo_sla.py
[2024-03-29T17:22:09.483+0000] {processor.py:830} INFO - Processing file /opt/airflow/dags/demo_sla.py for tasks to queue
[2024-03-29T17:22:09.486+0000] {logging_mixin.py:188} INFO - [2024-03-29T17:22:09.485+0000] {dagbag.py:538} INFO - Filling up the DagBag from /opt/airflow/dags/demo_sla.py
[2024-03-29T17:22:09.553+0000] {processor.py:840} INFO - DAG(s) 'demo_sla' retrieved from /opt/airflow/dags/demo_sla.py
[2024-03-29T17:22:09.661+0000] {logging_mixin.py:188} INFO - [2024-03-29T17:22:09.661+0000] {dag.py:3033} INFO - Sync 1 DAGs
[2024-03-29T17:22:09.749+0000] {logging_mixin.py:188} INFO - [2024-03-29T17:22:09.748+0000] {dag.py:3820} INFO - Setting next_dagrun for demo_sla to 2024-03-29T17:18:00+00:00, run_after=2024-03-29T17:21:00+00:00
[2024-03-29T17:22:09.786+0000] {processor.py:183} INFO - Processing /opt/airflow/dags/demo_sla.py took 0.317 seconds
[2024-03-29T17:22:39.911+0000] {processor.py:161} INFO - Started process (PID=8144) to work on /opt/airflow/dags/demo_sla.py
[2024-03-29T17:22:39.918+0000] {processor.py:830} INFO - Processing file /opt/airflow/dags/demo_sla.py for tasks to queue
[2024-03-29T17:22:39.921+0000] {logging_mixin.py:188} INFO - [2024-03-29T17:22:39.919+0000] {dagbag.py:538} INFO - Filling up the DagBag from /opt/airflow/dags/demo_sla.py
[2024-03-29T17:22:39.974+0000] {processor.py:840} INFO - DAG(s) 'demo_sla' retrieved from /opt/airflow/dags/demo_sla.py
[2024-03-29T17:22:40.055+0000] {logging_mixin.py:188} INFO - [2024-03-29T17:22:40.054+0000] {dag.py:3033} INFO - Sync 1 DAGs
[2024-03-29T17:22:40.133+0000] {logging_mixin.py:188} INFO - [2024-03-29T17:22:40.133+0000] {dag.py:3820} INFO - Setting next_dagrun for demo_sla to 2024-03-29T17:18:00+00:00, run_after=2024-03-29T17:21:00+00:00
[2024-03-29T17:22:40.175+0000] {processor.py:183} INFO - Processing /opt/airflow/dags/demo_sla.py took 0.272 seconds
[2024-03-29T17:23:10.397+0000] {processor.py:161} INFO - Started process (PID=8263) to work on /opt/airflow/dags/demo_sla.py
[2024-03-29T17:23:10.402+0000] {processor.py:830} INFO - Processing file /opt/airflow/dags/demo_sla.py for tasks to queue
[2024-03-29T17:23:10.406+0000] {logging_mixin.py:188} INFO - [2024-03-29T17:23:10.404+0000] {dagbag.py:538} INFO - Filling up the DagBag from /opt/airflow/dags/demo_sla.py
[2024-03-29T17:23:10.480+0000] {processor.py:840} INFO - DAG(s) 'demo_sla' retrieved from /opt/airflow/dags/demo_sla.py
[2024-03-29T17:23:10.572+0000] {logging_mixin.py:188} INFO - [2024-03-29T17:23:10.572+0000] {dag.py:3033} INFO - Sync 1 DAGs
[2024-03-29T17:23:10.647+0000] {logging_mixin.py:188} INFO - [2024-03-29T17:23:10.646+0000] {dag.py:3820} INFO - Setting next_dagrun for demo_sla to 2024-03-29T17:18:00+00:00, run_after=2024-03-29T17:21:00+00:00
[2024-03-29T17:23:10.683+0000] {processor.py:183} INFO - Processing /opt/airflow/dags/demo_sla.py took 0.297 seconds
[2024-03-29T17:23:41.269+0000] {processor.py:161} INFO - Started process (PID=8388) to work on /opt/airflow/dags/demo_sla.py
[2024-03-29T17:23:41.274+0000] {processor.py:830} INFO - Processing file /opt/airflow/dags/demo_sla.py for tasks to queue
[2024-03-29T17:23:41.278+0000] {logging_mixin.py:188} INFO - [2024-03-29T17:23:41.277+0000] {dagbag.py:538} INFO - Filling up the DagBag from /opt/airflow/dags/demo_sla.py
[2024-03-29T17:23:41.352+0000] {processor.py:840} INFO - DAG(s) 'demo_sla' retrieved from /opt/airflow/dags/demo_sla.py
[2024-03-29T17:23:41.448+0000] {logging_mixin.py:188} INFO - [2024-03-29T17:23:41.447+0000] {dag.py:3033} INFO - Sync 1 DAGs
[2024-03-29T17:23:41.563+0000] {logging_mixin.py:188} INFO - [2024-03-29T17:23:41.562+0000] {dag.py:3820} INFO - Setting next_dagrun for demo_sla to 2024-03-29T17:18:00+00:00, run_after=2024-03-29T17:21:00+00:00
[2024-03-29T17:23:41.674+0000] {processor.py:183} INFO - Processing /opt/airflow/dags/demo_sla.py took 0.415 seconds
[2024-03-29T17:24:12.029+0000] {processor.py:161} INFO - Started process (PID=8509) to work on /opt/airflow/dags/demo_sla.py
[2024-03-29T17:24:12.032+0000] {processor.py:830} INFO - Processing file /opt/airflow/dags/demo_sla.py for tasks to queue
[2024-03-29T17:24:12.033+0000] {logging_mixin.py:188} INFO - [2024-03-29T17:24:12.033+0000] {dagbag.py:538} INFO - Filling up the DagBag from /opt/airflow/dags/demo_sla.py
[2024-03-29T17:24:12.056+0000] {processor.py:840} INFO - DAG(s) 'demo_sla' retrieved from /opt/airflow/dags/demo_sla.py
[2024-03-29T17:24:12.101+0000] {logging_mixin.py:188} INFO - [2024-03-29T17:24:12.100+0000] {dag.py:3033} INFO - Sync 1 DAGs
[2024-03-29T17:24:12.149+0000] {logging_mixin.py:188} INFO - [2024-03-29T17:24:12.148+0000] {dag.py:3820} INFO - Setting next_dagrun for demo_sla to 2024-03-29T17:21:00+00:00, run_after=2024-03-29T17:24:00+00:00
[2024-03-29T17:24:12.180+0000] {processor.py:183} INFO - Processing /opt/airflow/dags/demo_sla.py took 0.154 seconds
[2024-03-29T17:24:42.323+0000] {processor.py:161} INFO - Started process (PID=8632) to work on /opt/airflow/dags/demo_sla.py
[2024-03-29T17:24:42.329+0000] {processor.py:830} INFO - Processing file /opt/airflow/dags/demo_sla.py for tasks to queue
[2024-03-29T17:24:42.332+0000] {logging_mixin.py:188} INFO - [2024-03-29T17:24:42.331+0000] {dagbag.py:538} INFO - Filling up the DagBag from /opt/airflow/dags/demo_sla.py
[2024-03-29T17:24:42.379+0000] {processor.py:840} INFO - DAG(s) 'demo_sla' retrieved from /opt/airflow/dags/demo_sla.py
[2024-03-29T17:24:42.446+0000] {logging_mixin.py:188} INFO - [2024-03-29T17:24:42.446+0000] {dag.py:3033} INFO - Sync 1 DAGs
[2024-03-29T17:24:42.502+0000] {logging_mixin.py:188} INFO - [2024-03-29T17:24:42.502+0000] {dag.py:3820} INFO - Setting next_dagrun for demo_sla to 2024-03-29T17:21:00+00:00, run_after=2024-03-29T17:24:00+00:00
[2024-03-29T17:24:42.537+0000] {processor.py:183} INFO - Processing /opt/airflow/dags/demo_sla.py took 0.223 seconds
[2024-03-29T17:25:13.042+0000] {processor.py:161} INFO - Started process (PID=8759) to work on /opt/airflow/dags/demo_sla.py
[2024-03-29T17:25:13.045+0000] {processor.py:830} INFO - Processing file /opt/airflow/dags/demo_sla.py for tasks to queue
[2024-03-29T17:25:13.048+0000] {logging_mixin.py:188} INFO - [2024-03-29T17:25:13.048+0000] {dagbag.py:538} INFO - Filling up the DagBag from /opt/airflow/dags/demo_sla.py
[2024-03-29T17:25:13.140+0000] {processor.py:840} INFO - DAG(s) 'demo_sla' retrieved from /opt/airflow/dags/demo_sla.py
[2024-03-29T17:25:13.229+0000] {logging_mixin.py:188} INFO - [2024-03-29T17:25:13.229+0000] {dag.py:3033} INFO - Sync 1 DAGs
[2024-03-29T17:25:13.326+0000] {logging_mixin.py:188} INFO - [2024-03-29T17:25:13.323+0000] {dag.py:3820} INFO - Setting next_dagrun for demo_sla to 2024-03-29T17:21:00+00:00, run_after=2024-03-29T17:24:00+00:00
[2024-03-29T17:25:13.396+0000] {processor.py:183} INFO - Processing /opt/airflow/dags/demo_sla.py took 0.362 seconds
[2024-03-29T17:25:43.520+0000] {processor.py:161} INFO - Started process (PID=8879) to work on /opt/airflow/dags/demo_sla.py
[2024-03-29T17:25:43.526+0000] {processor.py:830} INFO - Processing file /opt/airflow/dags/demo_sla.py for tasks to queue
[2024-03-29T17:25:43.531+0000] {logging_mixin.py:188} INFO - [2024-03-29T17:25:43.528+0000] {dagbag.py:538} INFO - Filling up the DagBag from /opt/airflow/dags/demo_sla.py
[2024-03-29T17:25:43.575+0000] {processor.py:840} INFO - DAG(s) 'demo_sla' retrieved from /opt/airflow/dags/demo_sla.py
[2024-03-29T17:25:43.651+0000] {logging_mixin.py:188} INFO - [2024-03-29T17:25:43.650+0000] {dag.py:3033} INFO - Sync 1 DAGs
[2024-03-29T17:25:43.726+0000] {logging_mixin.py:188} INFO - [2024-03-29T17:25:43.723+0000] {dag.py:3820} INFO - Setting next_dagrun for demo_sla to 2024-03-29T17:21:00+00:00, run_after=2024-03-29T17:24:00+00:00
[2024-03-29T17:25:43.771+0000] {processor.py:183} INFO - Processing /opt/airflow/dags/demo_sla.py took 0.263 seconds
[2024-03-29T17:26:13.920+0000] {processor.py:161} INFO - Started process (PID=9001) to work on /opt/airflow/dags/demo_sla.py
[2024-03-29T17:26:13.925+0000] {processor.py:830} INFO - Processing file /opt/airflow/dags/demo_sla.py for tasks to queue
[2024-03-29T17:26:13.930+0000] {logging_mixin.py:188} INFO - [2024-03-29T17:26:13.928+0000] {dagbag.py:538} INFO - Filling up the DagBag from /opt/airflow/dags/demo_sla.py
[2024-03-29T17:26:14.058+0000] {processor.py:840} INFO - DAG(s) 'demo_sla' retrieved from /opt/airflow/dags/demo_sla.py
[2024-03-29T17:26:14.236+0000] {logging_mixin.py:188} INFO - [2024-03-29T17:26:14.235+0000] {dag.py:3033} INFO - Sync 1 DAGs
[2024-03-29T17:26:14.389+0000] {logging_mixin.py:188} INFO - [2024-03-29T17:26:14.379+0000] {dag.py:3820} INFO - Setting next_dagrun for demo_sla to 2024-03-29T17:21:00+00:00, run_after=2024-03-29T17:24:00+00:00
[2024-03-29T17:26:14.488+0000] {processor.py:183} INFO - Processing /opt/airflow/dags/demo_sla.py took 0.581 seconds
[2024-03-29T17:26:44.730+0000] {processor.py:161} INFO - Started process (PID=9129) to work on /opt/airflow/dags/demo_sla.py
[2024-03-29T17:26:44.735+0000] {processor.py:830} INFO - Processing file /opt/airflow/dags/demo_sla.py for tasks to queue
[2024-03-29T17:26:44.741+0000] {logging_mixin.py:188} INFO - [2024-03-29T17:26:44.739+0000] {dagbag.py:538} INFO - Filling up the DagBag from /opt/airflow/dags/demo_sla.py
[2024-03-29T17:26:44.810+0000] {processor.py:840} INFO - DAG(s) 'demo_sla' retrieved from /opt/airflow/dags/demo_sla.py
[2024-03-29T17:26:44.894+0000] {logging_mixin.py:188} INFO - [2024-03-29T17:26:44.893+0000] {dag.py:3033} INFO - Sync 1 DAGs
[2024-03-29T17:26:45.009+0000] {logging_mixin.py:188} INFO - [2024-03-29T17:26:45.008+0000] {dag.py:3820} INFO - Setting next_dagrun for demo_sla to 2024-03-29T17:21:00+00:00, run_after=2024-03-29T17:24:00+00:00
[2024-03-29T17:26:45.076+0000] {processor.py:183} INFO - Processing /opt/airflow/dags/demo_sla.py took 0.362 seconds
[2024-03-29T17:27:15.172+0000] {processor.py:161} INFO - Started process (PID=9247) to work on /opt/airflow/dags/demo_sla.py
[2024-03-29T17:27:15.174+0000] {processor.py:830} INFO - Processing file /opt/airflow/dags/demo_sla.py for tasks to queue
[2024-03-29T17:27:15.175+0000] {logging_mixin.py:188} INFO - [2024-03-29T17:27:15.175+0000] {dagbag.py:538} INFO - Filling up the DagBag from /opt/airflow/dags/demo_sla.py
[2024-03-29T17:27:15.205+0000] {processor.py:840} INFO - DAG(s) 'demo_sla' retrieved from /opt/airflow/dags/demo_sla.py
[2024-03-29T17:27:15.253+0000] {logging_mixin.py:188} INFO - [2024-03-29T17:27:15.253+0000] {dag.py:3033} INFO - Sync 1 DAGs
[2024-03-29T17:27:15.290+0000] {logging_mixin.py:188} INFO - [2024-03-29T17:27:15.290+0000] {dag.py:3820} INFO - Setting next_dagrun for demo_sla to 2024-03-29T17:24:00+00:00, run_after=2024-03-29T17:27:00+00:00
[2024-03-29T17:27:15.313+0000] {processor.py:183} INFO - Processing /opt/airflow/dags/demo_sla.py took 0.147 seconds
[2024-03-29T17:27:45.688+0000] {processor.py:161} INFO - Started process (PID=9373) to work on /opt/airflow/dags/demo_sla.py
[2024-03-29T17:27:45.689+0000] {processor.py:830} INFO - Processing file /opt/airflow/dags/demo_sla.py for tasks to queue
[2024-03-29T17:27:45.690+0000] {logging_mixin.py:188} INFO - [2024-03-29T17:27:45.690+0000] {dagbag.py:538} INFO - Filling up the DagBag from /opt/airflow/dags/demo_sla.py
[2024-03-29T17:27:45.713+0000] {processor.py:840} INFO - DAG(s) 'demo_sla' retrieved from /opt/airflow/dags/demo_sla.py
[2024-03-29T17:27:45.747+0000] {logging_mixin.py:188} INFO - [2024-03-29T17:27:45.746+0000] {dag.py:3033} INFO - Sync 1 DAGs
[2024-03-29T17:27:45.784+0000] {logging_mixin.py:188} INFO - [2024-03-29T17:27:45.784+0000] {dag.py:3820} INFO - Setting next_dagrun for demo_sla to 2024-03-29T17:24:00+00:00, run_after=2024-03-29T17:27:00+00:00
[2024-03-29T17:27:45.801+0000] {processor.py:183} INFO - Processing /opt/airflow/dags/demo_sla.py took 0.117 seconds
[2024-03-29T17:28:15.981+0000] {processor.py:161} INFO - Started process (PID=9498) to work on /opt/airflow/dags/demo_sla.py
[2024-03-29T17:28:15.984+0000] {processor.py:830} INFO - Processing file /opt/airflow/dags/demo_sla.py for tasks to queue
[2024-03-29T17:28:15.988+0000] {logging_mixin.py:188} INFO - [2024-03-29T17:28:15.987+0000] {dagbag.py:538} INFO - Filling up the DagBag from /opt/airflow/dags/demo_sla.py
[2024-03-29T17:28:16.067+0000] {processor.py:840} INFO - DAG(s) 'demo_sla' retrieved from /opt/airflow/dags/demo_sla.py
[2024-03-29T17:28:16.240+0000] {logging_mixin.py:188} INFO - [2024-03-29T17:28:16.239+0000] {dag.py:3033} INFO - Sync 1 DAGs
[2024-03-29T17:28:16.430+0000] {logging_mixin.py:188} INFO - [2024-03-29T17:28:16.429+0000] {dag.py:3820} INFO - Setting next_dagrun for demo_sla to 2024-03-29T17:24:00+00:00, run_after=2024-03-29T17:27:00+00:00
[2024-03-29T17:28:16.494+0000] {processor.py:183} INFO - Processing /opt/airflow/dags/demo_sla.py took 0.522 seconds
[2024-03-29T17:28:46.826+0000] {processor.py:161} INFO - Started process (PID=9623) to work on /opt/airflow/dags/demo_sla.py
[2024-03-29T17:28:46.830+0000] {processor.py:830} INFO - Processing file /opt/airflow/dags/demo_sla.py for tasks to queue
[2024-03-29T17:28:46.834+0000] {logging_mixin.py:188} INFO - [2024-03-29T17:28:46.833+0000] {dagbag.py:538} INFO - Filling up the DagBag from /opt/airflow/dags/demo_sla.py
[2024-03-29T17:28:46.886+0000] {processor.py:840} INFO - DAG(s) 'demo_sla' retrieved from /opt/airflow/dags/demo_sla.py
[2024-03-29T17:28:46.974+0000] {logging_mixin.py:188} INFO - [2024-03-29T17:28:46.973+0000] {dag.py:3033} INFO - Sync 1 DAGs
[2024-03-29T17:28:47.058+0000] {logging_mixin.py:188} INFO - [2024-03-29T17:28:47.057+0000] {dag.py:3820} INFO - Setting next_dagrun for demo_sla to 2024-03-29T17:24:00+00:00, run_after=2024-03-29T17:27:00+00:00
[2024-03-29T17:28:47.116+0000] {processor.py:183} INFO - Processing /opt/airflow/dags/demo_sla.py took 0.299 seconds
[2024-03-29T17:29:17.979+0000] {processor.py:161} INFO - Started process (PID=9742) to work on /opt/airflow/dags/demo_sla.py
[2024-03-29T17:29:17.981+0000] {processor.py:830} INFO - Processing file /opt/airflow/dags/demo_sla.py for tasks to queue
[2024-03-29T17:29:17.983+0000] {logging_mixin.py:188} INFO - [2024-03-29T17:29:17.982+0000] {dagbag.py:538} INFO - Filling up the DagBag from /opt/airflow/dags/demo_sla.py
[2024-03-29T17:29:18.015+0000] {processor.py:840} INFO - DAG(s) 'demo_sla' retrieved from /opt/airflow/dags/demo_sla.py
[2024-03-29T17:29:18.068+0000] {logging_mixin.py:188} INFO - [2024-03-29T17:29:18.067+0000] {dag.py:3033} INFO - Sync 1 DAGs
[2024-03-29T17:29:18.126+0000] {logging_mixin.py:188} INFO - [2024-03-29T17:29:18.125+0000] {dag.py:3820} INFO - Setting next_dagrun for demo_sla to 2024-03-29T17:24:00+00:00, run_after=2024-03-29T17:27:00+00:00
[2024-03-29T17:29:18.156+0000] {processor.py:183} INFO - Processing /opt/airflow/dags/demo_sla.py took 0.184 seconds
[2024-03-29T17:29:48.987+0000] {processor.py:161} INFO - Started process (PID=9868) to work on /opt/airflow/dags/demo_sla.py
[2024-03-29T17:29:48.991+0000] {processor.py:830} INFO - Processing file /opt/airflow/dags/demo_sla.py for tasks to queue
[2024-03-29T17:29:48.994+0000] {logging_mixin.py:188} INFO - [2024-03-29T17:29:48.993+0000] {dagbag.py:538} INFO - Filling up the DagBag from /opt/airflow/dags/demo_sla.py
[2024-03-29T17:29:49.071+0000] {processor.py:840} INFO - DAG(s) 'demo_sla' retrieved from /opt/airflow/dags/demo_sla.py
[2024-03-29T17:29:49.126+0000] {logging_mixin.py:188} INFO - [2024-03-29T17:29:49.125+0000] {dag.py:3033} INFO - Sync 1 DAGs
[2024-03-29T17:29:49.182+0000] {logging_mixin.py:188} INFO - [2024-03-29T17:29:49.182+0000] {dag.py:3820} INFO - Setting next_dagrun for demo_sla to 2024-03-29T17:24:00+00:00, run_after=2024-03-29T17:27:00+00:00
[2024-03-29T17:29:49.211+0000] {processor.py:183} INFO - Processing /opt/airflow/dags/demo_sla.py took 0.240 seconds
[2024-03-29T17:30:19.348+0000] {processor.py:161} INFO - Started process (PID=9994) to work on /opt/airflow/dags/demo_sla.py
[2024-03-29T17:30:19.355+0000] {processor.py:830} INFO - Processing file /opt/airflow/dags/demo_sla.py for tasks to queue
[2024-03-29T17:30:19.362+0000] {logging_mixin.py:188} INFO - [2024-03-29T17:30:19.361+0000] {dagbag.py:538} INFO - Filling up the DagBag from /opt/airflow/dags/demo_sla.py
[2024-03-29T17:30:19.469+0000] {processor.py:840} INFO - DAG(s) 'demo_sla' retrieved from /opt/airflow/dags/demo_sla.py
[2024-03-29T17:30:19.698+0000] {logging_mixin.py:188} INFO - [2024-03-29T17:30:19.696+0000] {dag.py:3033} INFO - Sync 1 DAGs
[2024-03-29T17:30:19.876+0000] {logging_mixin.py:188} INFO - [2024-03-29T17:30:19.873+0000] {dag.py:3820} INFO - Setting next_dagrun for demo_sla to 2024-03-29T17:27:00+00:00, run_after=2024-03-29T17:30:00+00:00
[2024-03-29T17:30:19.933+0000] {processor.py:183} INFO - Processing /opt/airflow/dags/demo_sla.py took 0.599 seconds
[2024-03-29T17:30:52.185+0000] {processor.py:161} INFO - Started process (PID=10089) to work on /opt/airflow/dags/demo_sla.py
[2024-03-29T17:30:52.201+0000] {processor.py:830} INFO - Processing file /opt/airflow/dags/demo_sla.py for tasks to queue
[2024-03-29T17:30:52.209+0000] {logging_mixin.py:188} INFO - [2024-03-29T17:30:52.207+0000] {dagbag.py:538} INFO - Filling up the DagBag from /opt/airflow/dags/demo_sla.py
[2024-03-29T17:30:52.304+0000] {processor.py:840} INFO - DAG(s) 'demo_sla' retrieved from /opt/airflow/dags/demo_sla.py
[2024-03-29T17:30:52.430+0000] {logging_mixin.py:188} INFO - [2024-03-29T17:30:52.428+0000] {dag.py:3033} INFO - Sync 1 DAGs
[2024-03-29T17:30:52.577+0000] {logging_mixin.py:188} INFO - [2024-03-29T17:30:52.575+0000] {dag.py:3820} INFO - Setting next_dagrun for demo_sla to 2024-03-29T17:27:00+00:00, run_after=2024-03-29T17:30:00+00:00
[2024-03-29T17:30:52.646+0000] {processor.py:183} INFO - Processing /opt/airflow/dags/demo_sla.py took 0.514 seconds
[2024-03-29T17:31:22.800+0000] {processor.py:161} INFO - Started process (PID=10210) to work on /opt/airflow/dags/demo_sla.py
[2024-03-29T17:31:22.806+0000] {processor.py:830} INFO - Processing file /opt/airflow/dags/demo_sla.py for tasks to queue
[2024-03-29T17:31:22.812+0000] {logging_mixin.py:188} INFO - [2024-03-29T17:31:22.810+0000] {dagbag.py:538} INFO - Filling up the DagBag from /opt/airflow/dags/demo_sla.py
[2024-03-29T17:31:22.880+0000] {processor.py:840} INFO - DAG(s) 'demo_sla' retrieved from /opt/airflow/dags/demo_sla.py
[2024-03-29T17:31:22.986+0000] {logging_mixin.py:188} INFO - [2024-03-29T17:31:22.985+0000] {dag.py:3033} INFO - Sync 1 DAGs
[2024-03-29T17:31:23.117+0000] {logging_mixin.py:188} INFO - [2024-03-29T17:31:23.115+0000] {dag.py:3820} INFO - Setting next_dagrun for demo_sla to 2024-03-29T17:27:00+00:00, run_after=2024-03-29T17:30:00+00:00
[2024-03-29T17:31:23.187+0000] {processor.py:183} INFO - Processing /opt/airflow/dags/demo_sla.py took 0.396 seconds
[2024-03-29T17:31:53.575+0000] {processor.py:161} INFO - Started process (PID=10330) to work on /opt/airflow/dags/demo_sla.py
[2024-03-29T17:31:53.577+0000] {processor.py:830} INFO - Processing file /opt/airflow/dags/demo_sla.py for tasks to queue
[2024-03-29T17:31:53.580+0000] {logging_mixin.py:188} INFO - [2024-03-29T17:31:53.579+0000] {dagbag.py:538} INFO - Filling up the DagBag from /opt/airflow/dags/demo_sla.py
[2024-03-29T17:31:53.606+0000] {processor.py:840} INFO - DAG(s) 'demo_sla' retrieved from /opt/airflow/dags/demo_sla.py
[2024-03-29T17:31:53.653+0000] {logging_mixin.py:188} INFO - [2024-03-29T17:31:53.652+0000] {dag.py:3033} INFO - Sync 1 DAGs
[2024-03-29T17:31:53.721+0000] {logging_mixin.py:188} INFO - [2024-03-29T17:31:53.719+0000] {dag.py:3820} INFO - Setting next_dagrun for demo_sla to 2024-03-29T17:27:00+00:00, run_after=2024-03-29T17:30:00+00:00
[2024-03-29T17:31:53.896+0000] {processor.py:183} INFO - Processing /opt/airflow/dags/demo_sla.py took 0.325 seconds
[2024-03-29T17:32:25.297+0000] {processor.py:161} INFO - Started process (PID=10448) to work on /opt/airflow/dags/demo_sla.py
[2024-03-29T17:32:25.332+0000] {processor.py:830} INFO - Processing file /opt/airflow/dags/demo_sla.py for tasks to queue
[2024-03-29T17:32:25.377+0000] {logging_mixin.py:188} INFO - [2024-03-29T17:32:25.365+0000] {dagbag.py:538} INFO - Filling up the DagBag from /opt/airflow/dags/demo_sla.py
[2024-03-29T17:32:25.753+0000] {processor.py:840} INFO - DAG(s) 'demo_sla' retrieved from /opt/airflow/dags/demo_sla.py
[2024-03-29T17:32:26.157+0000] {logging_mixin.py:188} INFO - [2024-03-29T17:32:26.145+0000] {dag.py:3033} INFO - Sync 1 DAGs
[2024-03-29T17:32:27.041+0000] {logging_mixin.py:188} INFO - [2024-03-29T17:32:27.032+0000] {dag.py:3820} INFO - Setting next_dagrun for demo_sla to 2024-03-29T17:27:00+00:00, run_after=2024-03-29T17:30:00+00:00
[2024-03-29T17:32:27.347+0000] {processor.py:183} INFO - Processing /opt/airflow/dags/demo_sla.py took 2.082 seconds
[2024-03-29T17:32:58.251+0000] {processor.py:161} INFO - Started process (PID=10574) to work on /opt/airflow/dags/demo_sla.py
[2024-03-29T17:32:58.254+0000] {processor.py:830} INFO - Processing file /opt/airflow/dags/demo_sla.py for tasks to queue
[2024-03-29T17:32:58.257+0000] {logging_mixin.py:188} INFO - [2024-03-29T17:32:58.256+0000] {dagbag.py:538} INFO - Filling up the DagBag from /opt/airflow/dags/demo_sla.py
[2024-03-29T17:32:58.316+0000] {processor.py:840} INFO - DAG(s) 'demo_sla' retrieved from /opt/airflow/dags/demo_sla.py
[2024-03-29T17:32:58.430+0000] {logging_mixin.py:188} INFO - [2024-03-29T17:32:58.429+0000] {dag.py:3033} INFO - Sync 1 DAGs
[2024-03-29T17:32:58.518+0000] {logging_mixin.py:188} INFO - [2024-03-29T17:32:58.518+0000] {dag.py:3820} INFO - Setting next_dagrun for demo_sla to 2024-03-29T17:27:00+00:00, run_after=2024-03-29T17:30:00+00:00
[2024-03-29T17:32:58.549+0000] {processor.py:183} INFO - Processing /opt/airflow/dags/demo_sla.py took 0.304 seconds
[2024-03-29T17:33:29.541+0000] {processor.py:161} INFO - Started process (PID=10698) to work on /opt/airflow/dags/demo_sla.py
[2024-03-29T17:33:29.548+0000] {processor.py:830} INFO - Processing file /opt/airflow/dags/demo_sla.py for tasks to queue
[2024-03-29T17:33:29.553+0000] {logging_mixin.py:188} INFO - [2024-03-29T17:33:29.550+0000] {dagbag.py:538} INFO - Filling up the DagBag from /opt/airflow/dags/demo_sla.py
[2024-03-29T17:33:29.693+0000] {processor.py:840} INFO - DAG(s) 'demo_sla' retrieved from /opt/airflow/dags/demo_sla.py
[2024-03-29T17:33:29.875+0000] {logging_mixin.py:188} INFO - [2024-03-29T17:33:29.874+0000] {dag.py:3033} INFO - Sync 1 DAGs
[2024-03-29T17:33:29.981+0000] {logging_mixin.py:188} INFO - [2024-03-29T17:33:29.980+0000] {dag.py:3820} INFO - Setting next_dagrun for demo_sla to 2024-03-29T17:30:00+00:00, run_after=2024-03-29T17:33:00+00:00
[2024-03-29T17:33:30.026+0000] {processor.py:183} INFO - Processing /opt/airflow/dags/demo_sla.py took 0.492 seconds
[2024-03-29T17:34:00.457+0000] {processor.py:161} INFO - Started process (PID=10816) to work on /opt/airflow/dags/demo_sla.py
[2024-03-29T17:34:00.460+0000] {processor.py:830} INFO - Processing file /opt/airflow/dags/demo_sla.py for tasks to queue
[2024-03-29T17:34:00.462+0000] {logging_mixin.py:188} INFO - [2024-03-29T17:34:00.461+0000] {dagbag.py:538} INFO - Filling up the DagBag from /opt/airflow/dags/demo_sla.py
[2024-03-29T17:34:00.519+0000] {processor.py:840} INFO - DAG(s) 'demo_sla' retrieved from /opt/airflow/dags/demo_sla.py
[2024-03-29T17:34:00.612+0000] {logging_mixin.py:188} INFO - [2024-03-29T17:34:00.612+0000] {dag.py:3033} INFO - Sync 1 DAGs
[2024-03-29T17:34:00.671+0000] {logging_mixin.py:188} INFO - [2024-03-29T17:34:00.670+0000] {dag.py:3820} INFO - Setting next_dagrun for demo_sla to 2024-03-29T17:30:00+00:00, run_after=2024-03-29T17:33:00+00:00
[2024-03-29T17:34:00.700+0000] {processor.py:183} INFO - Processing /opt/airflow/dags/demo_sla.py took 0.249 seconds
[2024-03-29T17:34:31.206+0000] {processor.py:161} INFO - Started process (PID=10943) to work on /opt/airflow/dags/demo_sla.py
[2024-03-29T17:34:31.211+0000] {processor.py:830} INFO - Processing file /opt/airflow/dags/demo_sla.py for tasks to queue
[2024-03-29T17:34:31.215+0000] {logging_mixin.py:188} INFO - [2024-03-29T17:34:31.214+0000] {dagbag.py:538} INFO - Filling up the DagBag from /opt/airflow/dags/demo_sla.py
[2024-03-29T17:34:31.289+0000] {processor.py:840} INFO - DAG(s) 'demo_sla' retrieved from /opt/airflow/dags/demo_sla.py
[2024-03-29T17:34:31.406+0000] {logging_mixin.py:188} INFO - [2024-03-29T17:34:31.405+0000] {dag.py:3033} INFO - Sync 1 DAGs
[2024-03-29T17:34:31.557+0000] {logging_mixin.py:188} INFO - [2024-03-29T17:34:31.555+0000] {dag.py:3820} INFO - Setting next_dagrun for demo_sla to 2024-03-29T17:30:00+00:00, run_after=2024-03-29T17:33:00+00:00
[2024-03-29T17:34:31.638+0000] {processor.py:183} INFO - Processing /opt/airflow/dags/demo_sla.py took 0.450 seconds
[2024-03-29T17:35:01.948+0000] {processor.py:161} INFO - Started process (PID=11060) to work on /opt/airflow/dags/demo_sla.py
[2024-03-29T17:35:01.950+0000] {processor.py:830} INFO - Processing file /opt/airflow/dags/demo_sla.py for tasks to queue
[2024-03-29T17:35:01.951+0000] {logging_mixin.py:188} INFO - [2024-03-29T17:35:01.951+0000] {dagbag.py:538} INFO - Filling up the DagBag from /opt/airflow/dags/demo_sla.py
[2024-03-29T17:35:01.971+0000] {processor.py:840} INFO - DAG(s) 'demo_sla' retrieved from /opt/airflow/dags/demo_sla.py
[2024-03-29T17:35:02.011+0000] {logging_mixin.py:188} INFO - [2024-03-29T17:35:02.010+0000] {dag.py:3033} INFO - Sync 1 DAGs
[2024-03-29T17:35:02.058+0000] {logging_mixin.py:188} INFO - [2024-03-29T17:35:02.057+0000] {dag.py:3820} INFO - Setting next_dagrun for demo_sla to 2024-03-29T17:30:00+00:00, run_after=2024-03-29T17:33:00+00:00
[2024-03-29T17:35:02.081+0000] {processor.py:183} INFO - Processing /opt/airflow/dags/demo_sla.py took 0.138 seconds
[2024-03-29T17:35:32.913+0000] {processor.py:161} INFO - Started process (PID=11181) to work on /opt/airflow/dags/demo_sla.py
[2024-03-29T17:35:32.928+0000] {processor.py:830} INFO - Processing file /opt/airflow/dags/demo_sla.py for tasks to queue
[2024-03-29T17:35:32.935+0000] {logging_mixin.py:188} INFO - [2024-03-29T17:35:32.934+0000] {dagbag.py:538} INFO - Filling up the DagBag from /opt/airflow/dags/demo_sla.py
[2024-03-29T17:35:33.045+0000] {processor.py:840} INFO - DAG(s) 'demo_sla' retrieved from /opt/airflow/dags/demo_sla.py
[2024-03-29T17:35:33.285+0000] {logging_mixin.py:188} INFO - [2024-03-29T17:35:33.282+0000] {dag.py:3033} INFO - Sync 1 DAGs
[2024-03-29T17:35:33.443+0000] {logging_mixin.py:188} INFO - [2024-03-29T17:35:33.440+0000] {dag.py:3820} INFO - Setting next_dagrun for demo_sla to 2024-03-29T17:30:00+00:00, run_after=2024-03-29T17:33:00+00:00
[2024-03-29T17:35:33.665+0000] {processor.py:183} INFO - Processing /opt/airflow/dags/demo_sla.py took 0.796 seconds
[2024-03-29T17:36:04.221+0000] {processor.py:161} INFO - Started process (PID=11290) to work on /opt/airflow/dags/demo_sla.py
[2024-03-29T17:36:04.224+0000] {processor.py:830} INFO - Processing file /opt/airflow/dags/demo_sla.py for tasks to queue
[2024-03-29T17:36:04.226+0000] {logging_mixin.py:188} INFO - [2024-03-29T17:36:04.225+0000] {dagbag.py:538} INFO - Filling up the DagBag from /opt/airflow/dags/demo_sla.py
[2024-03-29T17:36:04.290+0000] {processor.py:840} INFO - DAG(s) 'demo_sla' retrieved from /opt/airflow/dags/demo_sla.py
[2024-03-29T17:36:04.361+0000] {logging_mixin.py:188} INFO - [2024-03-29T17:36:04.360+0000] {dag.py:3033} INFO - Sync 1 DAGs
[2024-03-29T17:36:04.651+0000] {logging_mixin.py:188} INFO - [2024-03-29T17:36:04.648+0000] {dag.py:3820} INFO - Setting next_dagrun for demo_sla to 2024-03-29T17:33:00+00:00, run_after=2024-03-29T17:36:00+00:00
[2024-03-29T17:36:04.761+0000] {processor.py:183} INFO - Processing /opt/airflow/dags/demo_sla.py took 0.545 seconds
[2024-03-29T17:36:36.069+0000] {processor.py:161} INFO - Started process (PID=11413) to work on /opt/airflow/dags/demo_sla.py
[2024-03-29T17:36:36.074+0000] {processor.py:830} INFO - Processing file /opt/airflow/dags/demo_sla.py for tasks to queue
[2024-03-29T17:36:36.077+0000] {logging_mixin.py:188} INFO - [2024-03-29T17:36:36.076+0000] {dagbag.py:538} INFO - Filling up the DagBag from /opt/airflow/dags/demo_sla.py
[2024-03-29T17:36:36.119+0000] {processor.py:840} INFO - DAG(s) 'demo_sla' retrieved from /opt/airflow/dags/demo_sla.py
[2024-03-29T17:36:36.353+0000] {logging_mixin.py:188} INFO - [2024-03-29T17:36:36.349+0000] {dag.py:3033} INFO - Sync 1 DAGs
[2024-03-29T17:36:36.521+0000] {logging_mixin.py:188} INFO - [2024-03-29T17:36:36.520+0000] {dag.py:3820} INFO - Setting next_dagrun for demo_sla to 2024-03-29T17:33:00+00:00, run_after=2024-03-29T17:36:00+00:00
[2024-03-29T17:36:36.754+0000] {processor.py:183} INFO - Processing /opt/airflow/dags/demo_sla.py took 0.692 seconds
