[2024-03-29T09:36:52.833+0000] {processor.py:161} INFO - Started process (PID=9038) to work on /opt/airflow/dags/dags/cryptocurrency_data_pipeline.py
[2024-03-29T09:36:52.836+0000] {processor.py:830} INFO - Processing file /opt/airflow/dags/dags/cryptocurrency_data_pipeline.py for tasks to queue
[2024-03-29T09:36:52.838+0000] {logging_mixin.py:188} INFO - [2024-03-29T09:36:52.837+0000] {dagbag.py:538} INFO - Filling up the DagBag from /opt/airflow/dags/dags/cryptocurrency_data_pipeline.py
[2024-03-29T09:36:53.521+0000] {processor.py:840} INFO - DAG(s) 'cryptocurrency_data_pipeline' retrieved from /opt/airflow/dags/dags/cryptocurrency_data_pipeline.py
[2024-03-29T09:36:53.646+0000] {logging_mixin.py:188} INFO - [2024-03-29T09:36:53.646+0000] {dag.py:3033} INFO - Sync 1 DAGs
[2024-03-29T09:36:53.673+0000] {logging_mixin.py:188} INFO - [2024-03-29T09:36:53.673+0000] {dag.py:3820} INFO - Setting next_dagrun for cryptocurrency_data_pipeline to None, run_after=None
[2024-03-29T09:36:53.697+0000] {processor.py:183} INFO - Processing /opt/airflow/dags/dags/cryptocurrency_data_pipeline.py took 0.870 seconds
[2024-03-29T09:37:23.805+0000] {processor.py:161} INFO - Started process (PID=9267) to work on /opt/airflow/dags/dags/cryptocurrency_data_pipeline.py
[2024-03-29T09:37:23.805+0000] {processor.py:830} INFO - Processing file /opt/airflow/dags/dags/cryptocurrency_data_pipeline.py for tasks to queue
[2024-03-29T09:37:23.806+0000] {logging_mixin.py:188} INFO - [2024-03-29T09:37:23.806+0000] {dagbag.py:538} INFO - Filling up the DagBag from /opt/airflow/dags/dags/cryptocurrency_data_pipeline.py
[2024-03-29T09:37:24.421+0000] {processor.py:840} INFO - DAG(s) 'cryptocurrency_data_pipeline' retrieved from /opt/airflow/dags/dags/cryptocurrency_data_pipeline.py
[2024-03-29T09:37:24.464+0000] {logging_mixin.py:188} INFO - [2024-03-29T09:37:24.464+0000] {dag.py:3033} INFO - Sync 1 DAGs
[2024-03-29T09:37:24.476+0000] {logging_mixin.py:188} INFO - [2024-03-29T09:37:24.476+0000] {dag.py:3820} INFO - Setting next_dagrun for cryptocurrency_data_pipeline to None, run_after=None
[2024-03-29T09:37:24.500+0000] {processor.py:183} INFO - Processing /opt/airflow/dags/dags/cryptocurrency_data_pipeline.py took 0.698 seconds
[2024-03-29T09:37:55.470+0000] {processor.py:161} INFO - Started process (PID=9483) to work on /opt/airflow/dags/dags/cryptocurrency_data_pipeline.py
[2024-03-29T09:37:55.473+0000] {processor.py:830} INFO - Processing file /opt/airflow/dags/dags/cryptocurrency_data_pipeline.py for tasks to queue
[2024-03-29T09:37:55.475+0000] {logging_mixin.py:188} INFO - [2024-03-29T09:37:55.474+0000] {dagbag.py:538} INFO - Filling up the DagBag from /opt/airflow/dags/dags/cryptocurrency_data_pipeline.py
[2024-03-29T09:37:56.067+0000] {processor.py:840} INFO - DAG(s) 'cryptocurrency_data_pipeline' retrieved from /opt/airflow/dags/dags/cryptocurrency_data_pipeline.py
[2024-03-29T09:37:56.080+0000] {logging_mixin.py:188} INFO - [2024-03-29T09:37:56.080+0000] {dag.py:3033} INFO - Sync 1 DAGs
[2024-03-29T09:37:56.169+0000] {logging_mixin.py:188} INFO - [2024-03-29T09:37:56.169+0000] {dag.py:3820} INFO - Setting next_dagrun for cryptocurrency_data_pipeline to None, run_after=None
[2024-03-29T09:37:56.192+0000] {processor.py:183} INFO - Processing /opt/airflow/dags/dags/cryptocurrency_data_pipeline.py took 0.727 seconds
