[2024-03-29T09:36:50.575+0000] {processor.py:161} INFO - Started process (PID=8941) to work on /opt/airflow/dags/dags/demo_templating.py
[2024-03-29T09:36:50.576+0000] {processor.py:830} INFO - Processing file /opt/airflow/dags/dags/demo_templating.py for tasks to queue
[2024-03-29T09:36:50.577+0000] {logging_mixin.py:188} INFO - [2024-03-29T09:36:50.577+0000] {dagbag.py:538} INFO - Filling up the DagBag from /opt/airflow/dags/dags/demo_templating.py
[2024-03-29T09:36:50.589+0000] {processor.py:840} INFO - DAG(s) 'demo_templating' retrieved from /opt/airflow/dags/dags/demo_templating.py
[2024-03-29T09:36:50.687+0000] {logging_mixin.py:188} INFO - [2024-03-29T09:36:50.687+0000] {dag.py:3033} INFO - Sync 1 DAGs
[2024-03-29T09:36:50.700+0000] {logging_mixin.py:188} INFO - [2024-03-29T09:36:50.700+0000] {dag.py:3820} INFO - Setting next_dagrun for demo_templating to None, run_after=None
[2024-03-29T09:36:50.724+0000] {processor.py:183} INFO - Processing /opt/airflow/dags/dags/demo_templating.py took 0.151 seconds
[2024-03-29T09:37:21.968+0000] {processor.py:161} INFO - Started process (PID=9167) to work on /opt/airflow/dags/dags/demo_templating.py
[2024-03-29T09:37:21.970+0000] {processor.py:830} INFO - Processing file /opt/airflow/dags/dags/demo_templating.py for tasks to queue
[2024-03-29T09:37:21.971+0000] {logging_mixin.py:188} INFO - [2024-03-29T09:37:21.971+0000] {dagbag.py:538} INFO - Filling up the DagBag from /opt/airflow/dags/dags/demo_templating.py
[2024-03-29T09:37:21.990+0000] {processor.py:840} INFO - DAG(s) 'demo_templating' retrieved from /opt/airflow/dags/dags/demo_templating.py
[2024-03-29T09:37:22.015+0000] {logging_mixin.py:188} INFO - [2024-03-29T09:37:22.015+0000] {dag.py:3033} INFO - Sync 1 DAGs
[2024-03-29T09:37:22.027+0000] {logging_mixin.py:188} INFO - [2024-03-29T09:37:22.027+0000] {dag.py:3820} INFO - Setting next_dagrun for demo_templating to None, run_after=None
[2024-03-29T09:37:22.047+0000] {processor.py:183} INFO - Processing /opt/airflow/dags/dags/demo_templating.py took 0.081 seconds
[2024-03-29T09:37:52.315+0000] {processor.py:161} INFO - Started process (PID=9383) to work on /opt/airflow/dags/dags/demo_templating.py
[2024-03-29T09:37:52.316+0000] {processor.py:830} INFO - Processing file /opt/airflow/dags/dags/demo_templating.py for tasks to queue
[2024-03-29T09:37:52.317+0000] {logging_mixin.py:188} INFO - [2024-03-29T09:37:52.316+0000] {dagbag.py:538} INFO - Filling up the DagBag from /opt/airflow/dags/dags/demo_templating.py
[2024-03-29T09:37:52.328+0000] {processor.py:840} INFO - DAG(s) 'demo_templating' retrieved from /opt/airflow/dags/dags/demo_templating.py
[2024-03-29T09:37:52.336+0000] {logging_mixin.py:188} INFO - [2024-03-29T09:37:52.336+0000] {dag.py:3033} INFO - Sync 1 DAGs
[2024-03-29T09:37:52.347+0000] {logging_mixin.py:188} INFO - [2024-03-29T09:37:52.347+0000] {dag.py:3820} INFO - Setting next_dagrun for demo_templating to None, run_after=None
[2024-03-29T09:37:52.362+0000] {processor.py:183} INFO - Processing /opt/airflow/dags/dags/demo_templating.py took 0.050 seconds
[2024-03-29T09:38:22.783+0000] {processor.py:161} INFO - Started process (PID=9597) to work on /opt/airflow/dags/dags/demo_templating.py
[2024-03-29T09:38:22.784+0000] {processor.py:830} INFO - Processing file /opt/airflow/dags/dags/demo_templating.py for tasks to queue
[2024-03-29T09:38:22.785+0000] {logging_mixin.py:188} INFO - [2024-03-29T09:38:22.785+0000] {dagbag.py:538} INFO - Filling up the DagBag from /opt/airflow/dags/dags/demo_templating.py
[2024-03-29T09:38:22.796+0000] {processor.py:840} INFO - DAG(s) 'demo_templating' retrieved from /opt/airflow/dags/dags/demo_templating.py
[2024-03-29T09:38:22.904+0000] {logging_mixin.py:188} INFO - [2024-03-29T09:38:22.904+0000] {dag.py:3033} INFO - Sync 1 DAGs
[2024-03-29T09:38:22.915+0000] {logging_mixin.py:188} INFO - [2024-03-29T09:38:22.915+0000] {dag.py:3820} INFO - Setting next_dagrun for demo_templating to None, run_after=None
[2024-03-29T09:38:22.936+0000] {processor.py:183} INFO - Processing /opt/airflow/dags/dags/demo_templating.py took 0.154 seconds
