[2024-03-29T09:36:52.345+0000] {processor.py:161} INFO - Started process (PID=9006) to work on /opt/airflow/dags/dags/demo_dag_target.py
[2024-03-29T09:36:52.347+0000] {processor.py:830} INFO - Processing file /opt/airflow/dags/dags/demo_dag_target.py for tasks to queue
[2024-03-29T09:36:52.348+0000] {logging_mixin.py:188} INFO - [2024-03-29T09:36:52.347+0000] {dagbag.py:538} INFO - Filling up the DagBag from /opt/airflow/dags/dags/demo_dag_target.py
[2024-03-29T09:36:52.366+0000] {processor.py:840} INFO - DAG(s) 'demo_dag_target' retrieved from /opt/airflow/dags/dags/demo_dag_target.py
[2024-03-29T09:36:52.467+0000] {logging_mixin.py:188} INFO - [2024-03-29T09:36:52.466+0000] {dag.py:3033} INFO - Sync 1 DAGs
[2024-03-29T09:36:52.478+0000] {logging_mixin.py:188} INFO - [2024-03-29T09:36:52.477+0000] {dag.py:3820} INFO - Setting next_dagrun for demo_dag_target to None, run_after=None
[2024-03-29T09:36:52.496+0000] {processor.py:183} INFO - Processing /opt/airflow/dags/dags/demo_dag_target.py took 0.155 seconds
[2024-03-29T09:37:23.042+0000] {processor.py:161} INFO - Started process (PID=9232) to work on /opt/airflow/dags/dags/demo_dag_target.py
[2024-03-29T09:37:23.043+0000] {processor.py:830} INFO - Processing file /opt/airflow/dags/dags/demo_dag_target.py for tasks to queue
[2024-03-29T09:37:23.044+0000] {logging_mixin.py:188} INFO - [2024-03-29T09:37:23.044+0000] {dagbag.py:538} INFO - Filling up the DagBag from /opt/airflow/dags/dags/demo_dag_target.py
[2024-03-29T09:37:23.057+0000] {processor.py:840} INFO - DAG(s) 'demo_dag_target' retrieved from /opt/airflow/dags/dags/demo_dag_target.py
[2024-03-29T09:37:23.082+0000] {logging_mixin.py:188} INFO - [2024-03-29T09:37:23.082+0000] {dag.py:3033} INFO - Sync 1 DAGs
[2024-03-29T09:37:23.095+0000] {logging_mixin.py:188} INFO - [2024-03-29T09:37:23.095+0000] {dag.py:3820} INFO - Setting next_dagrun for demo_dag_target to None, run_after=None
[2024-03-29T09:37:23.111+0000] {processor.py:183} INFO - Processing /opt/airflow/dags/dags/demo_dag_target.py took 0.073 seconds
[2024-03-29T09:37:54.035+0000] {processor.py:161} INFO - Started process (PID=9448) to work on /opt/airflow/dags/dags/demo_dag_target.py
[2024-03-29T09:37:54.036+0000] {processor.py:830} INFO - Processing file /opt/airflow/dags/dags/demo_dag_target.py for tasks to queue
[2024-03-29T09:37:54.037+0000] {logging_mixin.py:188} INFO - [2024-03-29T09:37:54.037+0000] {dagbag.py:538} INFO - Filling up the DagBag from /opt/airflow/dags/dags/demo_dag_target.py
[2024-03-29T09:37:54.048+0000] {processor.py:840} INFO - DAG(s) 'demo_dag_target' retrieved from /opt/airflow/dags/dags/demo_dag_target.py
[2024-03-29T09:37:54.058+0000] {logging_mixin.py:188} INFO - [2024-03-29T09:37:54.057+0000] {dag.py:3033} INFO - Sync 1 DAGs
[2024-03-29T09:37:54.070+0000] {logging_mixin.py:188} INFO - [2024-03-29T09:37:54.070+0000] {dag.py:3820} INFO - Setting next_dagrun for demo_dag_target to None, run_after=None
[2024-03-29T09:37:54.092+0000] {processor.py:183} INFO - Processing /opt/airflow/dags/dags/demo_dag_target.py took 0.060 seconds
[2024-03-29T09:38:24.847+0000] {processor.py:161} INFO - Started process (PID=9664) to work on /opt/airflow/dags/dags/demo_dag_target.py
[2024-03-29T09:38:24.850+0000] {processor.py:830} INFO - Processing file /opt/airflow/dags/dags/demo_dag_target.py for tasks to queue
[2024-03-29T09:38:24.851+0000] {logging_mixin.py:188} INFO - [2024-03-29T09:38:24.851+0000] {dagbag.py:538} INFO - Filling up the DagBag from /opt/airflow/dags/dags/demo_dag_target.py
[2024-03-29T09:38:24.859+0000] {processor.py:840} INFO - DAG(s) 'demo_dag_target' retrieved from /opt/airflow/dags/dags/demo_dag_target.py
[2024-03-29T09:38:24.964+0000] {logging_mixin.py:188} INFO - [2024-03-29T09:38:24.964+0000] {dag.py:3033} INFO - Sync 1 DAGs
[2024-03-29T09:38:24.973+0000] {logging_mixin.py:188} INFO - [2024-03-29T09:38:24.973+0000] {dag.py:3820} INFO - Setting next_dagrun for demo_dag_target to None, run_after=None
[2024-03-29T09:38:24.990+0000] {processor.py:183} INFO - Processing /opt/airflow/dags/dags/demo_dag_target.py took 0.146 seconds
