[2024-03-29T09:36:51.504+0000] {processor.py:161} INFO - Started process (PID=8968) to work on /opt/airflow/dags/dags/demo_sensors.py
[2024-03-29T09:36:51.505+0000] {processor.py:830} INFO - Processing file /opt/airflow/dags/dags/demo_sensors.py for tasks to queue
[2024-03-29T09:36:51.506+0000] {logging_mixin.py:188} INFO - [2024-03-29T09:36:51.505+0000] {dagbag.py:538} INFO - Filling up the DagBag from /opt/airflow/dags/dags/demo_sensors.py
[2024-03-29T09:36:51.518+0000] {processor.py:840} INFO - DAG(s) 'demo_sensors' retrieved from /opt/airflow/dags/dags/demo_sensors.py
[2024-03-29T09:36:51.639+0000] {logging_mixin.py:188} INFO - [2024-03-29T09:36:51.639+0000] {dag.py:3033} INFO - Sync 1 DAGs
[2024-03-29T09:36:51.651+0000] {logging_mixin.py:188} INFO - [2024-03-29T09:36:51.650+0000] {dag.py:3820} INFO - Setting next_dagrun for demo_sensors to None, run_after=None
[2024-03-29T09:36:51.669+0000] {processor.py:183} INFO - Processing /opt/airflow/dags/dags/demo_sensors.py took 0.167 seconds
[2024-03-29T09:37:22.289+0000] {processor.py:161} INFO - Started process (PID=9190) to work on /opt/airflow/dags/dags/demo_sensors.py
[2024-03-29T09:37:22.290+0000] {processor.py:830} INFO - Processing file /opt/airflow/dags/dags/demo_sensors.py for tasks to queue
[2024-03-29T09:37:22.291+0000] {logging_mixin.py:188} INFO - [2024-03-29T09:37:22.291+0000] {dagbag.py:538} INFO - Filling up the DagBag from /opt/airflow/dags/dags/demo_sensors.py
[2024-03-29T09:37:22.304+0000] {processor.py:840} INFO - DAG(s) 'demo_sensors' retrieved from /opt/airflow/dags/dags/demo_sensors.py
[2024-03-29T09:37:22.327+0000] {logging_mixin.py:188} INFO - [2024-03-29T09:37:22.327+0000] {dag.py:3033} INFO - Sync 1 DAGs
[2024-03-29T09:37:22.338+0000] {logging_mixin.py:188} INFO - [2024-03-29T09:37:22.338+0000] {dag.py:3820} INFO - Setting next_dagrun for demo_sensors to None, run_after=None
[2024-03-29T09:37:22.358+0000] {processor.py:183} INFO - Processing /opt/airflow/dags/dags/demo_sensors.py took 0.073 seconds
[2024-03-29T09:37:52.554+0000] {processor.py:161} INFO - Started process (PID=9408) to work on /opt/airflow/dags/dags/demo_sensors.py
[2024-03-29T09:37:52.555+0000] {processor.py:830} INFO - Processing file /opt/airflow/dags/dags/demo_sensors.py for tasks to queue
[2024-03-29T09:37:52.555+0000] {logging_mixin.py:188} INFO - [2024-03-29T09:37:52.555+0000] {dagbag.py:538} INFO - Filling up the DagBag from /opt/airflow/dags/dags/demo_sensors.py
[2024-03-29T09:37:52.564+0000] {processor.py:840} INFO - DAG(s) 'demo_sensors' retrieved from /opt/airflow/dags/dags/demo_sensors.py
[2024-03-29T09:37:52.572+0000] {logging_mixin.py:188} INFO - [2024-03-29T09:37:52.572+0000] {dag.py:3033} INFO - Sync 1 DAGs
[2024-03-29T09:37:52.582+0000] {logging_mixin.py:188} INFO - [2024-03-29T09:37:52.582+0000] {dag.py:3820} INFO - Setting next_dagrun for demo_sensors to None, run_after=None
[2024-03-29T09:37:52.595+0000] {processor.py:183} INFO - Processing /opt/airflow/dags/dags/demo_sensors.py took 0.044 seconds
[2024-03-29T09:38:23.206+0000] {processor.py:161} INFO - Started process (PID=9622) to work on /opt/airflow/dags/dags/demo_sensors.py
[2024-03-29T09:38:23.207+0000] {processor.py:830} INFO - Processing file /opt/airflow/dags/dags/demo_sensors.py for tasks to queue
[2024-03-29T09:38:23.209+0000] {logging_mixin.py:188} INFO - [2024-03-29T09:38:23.208+0000] {dagbag.py:538} INFO - Filling up the DagBag from /opt/airflow/dags/dags/demo_sensors.py
[2024-03-29T09:38:23.219+0000] {processor.py:840} INFO - DAG(s) 'demo_sensors' retrieved from /opt/airflow/dags/dags/demo_sensors.py
[2024-03-29T09:38:23.306+0000] {logging_mixin.py:188} INFO - [2024-03-29T09:38:23.305+0000] {dag.py:3033} INFO - Sync 1 DAGs
[2024-03-29T09:38:23.315+0000] {logging_mixin.py:188} INFO - [2024-03-29T09:38:23.315+0000] {dag.py:3820} INFO - Setting next_dagrun for demo_sensors to None, run_after=None
[2024-03-29T09:38:23.330+0000] {processor.py:183} INFO - Processing /opt/airflow/dags/dags/demo_sensors.py took 0.128 seconds
