[2024-03-29T09:36:52.116+0000] {processor.py:161} INFO - Started process (PID=8996) to work on /opt/airflow/dags/dags/demo_dependencies.py
[2024-03-29T09:36:52.118+0000] {processor.py:830} INFO - Processing file /opt/airflow/dags/dags/demo_dependencies.py for tasks to queue
[2024-03-29T09:36:52.120+0000] {logging_mixin.py:188} INFO - [2024-03-29T09:36:52.119+0000] {dagbag.py:538} INFO - Filling up the DagBag from /opt/airflow/dags/dags/demo_dependencies.py
[2024-03-29T09:36:52.139+0000] {processor.py:840} INFO - DAG(s) 'demo_dependencies' retrieved from /opt/airflow/dags/dags/demo_dependencies.py
[2024-03-29T09:36:52.262+0000] {logging_mixin.py:188} INFO - [2024-03-29T09:36:52.261+0000] {dag.py:3033} INFO - Sync 1 DAGs
[2024-03-29T09:36:52.274+0000] {logging_mixin.py:188} INFO - [2024-03-29T09:36:52.274+0000] {dag.py:3820} INFO - Setting next_dagrun for demo_dependencies to None, run_after=None
[2024-03-29T09:36:52.305+0000] {processor.py:183} INFO - Processing /opt/airflow/dags/dags/demo_dependencies.py took 0.198 seconds
[2024-03-29T09:37:22.926+0000] {processor.py:161} INFO - Started process (PID=9222) to work on /opt/airflow/dags/dags/demo_dependencies.py
[2024-03-29T09:37:22.928+0000] {processor.py:830} INFO - Processing file /opt/airflow/dags/dags/demo_dependencies.py for tasks to queue
[2024-03-29T09:37:22.929+0000] {logging_mixin.py:188} INFO - [2024-03-29T09:37:22.929+0000] {dagbag.py:538} INFO - Filling up the DagBag from /opt/airflow/dags/dags/demo_dependencies.py
[2024-03-29T09:37:22.941+0000] {processor.py:840} INFO - DAG(s) 'demo_dependencies' retrieved from /opt/airflow/dags/dags/demo_dependencies.py
[2024-03-29T09:37:22.963+0000] {logging_mixin.py:188} INFO - [2024-03-29T09:37:22.963+0000] {dag.py:3033} INFO - Sync 1 DAGs
[2024-03-29T09:37:22.986+0000] {logging_mixin.py:188} INFO - [2024-03-29T09:37:22.985+0000] {dag.py:3820} INFO - Setting next_dagrun for demo_dependencies to None, run_after=None
[2024-03-29T09:37:23.012+0000] {processor.py:183} INFO - Processing /opt/airflow/dags/dags/demo_dependencies.py took 0.088 seconds
[2024-03-29T09:37:53.861+0000] {processor.py:161} INFO - Started process (PID=9436) to work on /opt/airflow/dags/dags/demo_dependencies.py
[2024-03-29T09:37:53.862+0000] {processor.py:830} INFO - Processing file /opt/airflow/dags/dags/demo_dependencies.py for tasks to queue
[2024-03-29T09:37:53.863+0000] {logging_mixin.py:188} INFO - [2024-03-29T09:37:53.863+0000] {dagbag.py:538} INFO - Filling up the DagBag from /opt/airflow/dags/dags/demo_dependencies.py
[2024-03-29T09:37:53.882+0000] {processor.py:840} INFO - DAG(s) 'demo_dependencies' retrieved from /opt/airflow/dags/dags/demo_dependencies.py
[2024-03-29T09:37:53.899+0000] {logging_mixin.py:188} INFO - [2024-03-29T09:37:53.899+0000] {dag.py:3033} INFO - Sync 1 DAGs
[2024-03-29T09:37:53.912+0000] {logging_mixin.py:188} INFO - [2024-03-29T09:37:53.911+0000] {dag.py:3820} INFO - Setting next_dagrun for demo_dependencies to None, run_after=None
[2024-03-29T09:37:53.927+0000] {processor.py:183} INFO - Processing /opt/airflow/dags/dags/demo_dependencies.py took 0.069 seconds
[2024-03-29T09:38:24.501+0000] {processor.py:161} INFO - Started process (PID=9652) to work on /opt/airflow/dags/dags/demo_dependencies.py
[2024-03-29T09:38:24.503+0000] {processor.py:830} INFO - Processing file /opt/airflow/dags/dags/demo_dependencies.py for tasks to queue
[2024-03-29T09:38:24.504+0000] {logging_mixin.py:188} INFO - [2024-03-29T09:38:24.504+0000] {dagbag.py:538} INFO - Filling up the DagBag from /opt/airflow/dags/dags/demo_dependencies.py
[2024-03-29T09:38:24.522+0000] {processor.py:840} INFO - DAG(s) 'demo_dependencies' retrieved from /opt/airflow/dags/dags/demo_dependencies.py
[2024-03-29T09:38:24.644+0000] {logging_mixin.py:188} INFO - [2024-03-29T09:38:24.644+0000] {dag.py:3033} INFO - Sync 1 DAGs
[2024-03-29T09:38:24.654+0000] {logging_mixin.py:188} INFO - [2024-03-29T09:38:24.654+0000] {dag.py:3820} INFO - Setting next_dagrun for demo_dependencies to None, run_after=None
[2024-03-29T09:38:24.671+0000] {processor.py:183} INFO - Processing /opt/airflow/dags/dags/demo_dependencies.py took 0.174 seconds
