[2024-03-29T09:36:51.030+0000] {processor.py:161} INFO - Started process (PID=8953) to work on /opt/airflow/dags/dags/demo_taskflow_api.py
[2024-03-29T09:36:51.031+0000] {processor.py:830} INFO - Processing file /opt/airflow/dags/dags/demo_taskflow_api.py for tasks to queue
[2024-03-29T09:36:51.032+0000] {logging_mixin.py:188} INFO - [2024-03-29T09:36:51.032+0000] {dagbag.py:538} INFO - Filling up the DagBag from /opt/airflow/dags/dags/demo_taskflow_api.py
[2024-03-29T09:36:51.049+0000] {processor.py:840} INFO - DAG(s) 'demo_taskflow_api' retrieved from /opt/airflow/dags/dags/demo_taskflow_api.py
[2024-03-29T09:36:51.179+0000] {logging_mixin.py:188} INFO - [2024-03-29T09:36:51.179+0000] {dag.py:3033} INFO - Sync 1 DAGs
[2024-03-29T09:36:51.189+0000] {logging_mixin.py:188} INFO - [2024-03-29T09:36:51.189+0000] {dag.py:3820} INFO - Setting next_dagrun for demo_taskflow_api to None, run_after=None
[2024-03-29T09:36:51.208+0000] {processor.py:183} INFO - Processing /opt/airflow/dags/dags/demo_taskflow_api.py took 0.182 seconds
[2024-03-29T09:37:22.087+0000] {processor.py:161} INFO - Started process (PID=9175) to work on /opt/airflow/dags/dags/demo_taskflow_api.py
[2024-03-29T09:37:22.090+0000] {processor.py:830} INFO - Processing file /opt/airflow/dags/dags/demo_taskflow_api.py for tasks to queue
[2024-03-29T09:37:22.092+0000] {logging_mixin.py:188} INFO - [2024-03-29T09:37:22.091+0000] {dagbag.py:538} INFO - Filling up the DagBag from /opt/airflow/dags/dags/demo_taskflow_api.py
[2024-03-29T09:37:22.126+0000] {processor.py:840} INFO - DAG(s) 'demo_taskflow_api' retrieved from /opt/airflow/dags/dags/demo_taskflow_api.py
[2024-03-29T09:37:22.160+0000] {logging_mixin.py:188} INFO - [2024-03-29T09:37:22.159+0000] {dag.py:3033} INFO - Sync 1 DAGs
[2024-03-29T09:37:22.188+0000] {logging_mixin.py:188} INFO - [2024-03-29T09:37:22.187+0000] {dag.py:3820} INFO - Setting next_dagrun for demo_taskflow_api to None, run_after=None
[2024-03-29T09:37:22.221+0000] {processor.py:183} INFO - Processing /opt/airflow/dags/dags/demo_taskflow_api.py took 0.137 seconds
[2024-03-29T09:37:52.384+0000] {processor.py:161} INFO - Started process (PID=9393) to work on /opt/airflow/dags/dags/demo_taskflow_api.py
[2024-03-29T09:37:52.385+0000] {processor.py:830} INFO - Processing file /opt/airflow/dags/dags/demo_taskflow_api.py for tasks to queue
[2024-03-29T09:37:52.386+0000] {logging_mixin.py:188} INFO - [2024-03-29T09:37:52.386+0000] {dagbag.py:538} INFO - Filling up the DagBag from /opt/airflow/dags/dags/demo_taskflow_api.py
[2024-03-29T09:37:52.400+0000] {processor.py:840} INFO - DAG(s) 'demo_taskflow_api' retrieved from /opt/airflow/dags/dags/demo_taskflow_api.py
[2024-03-29T09:37:52.410+0000] {logging_mixin.py:188} INFO - [2024-03-29T09:37:52.410+0000] {dag.py:3033} INFO - Sync 1 DAGs
[2024-03-29T09:37:52.423+0000] {logging_mixin.py:188} INFO - [2024-03-29T09:37:52.423+0000] {dag.py:3820} INFO - Setting next_dagrun for demo_taskflow_api to None, run_after=None
[2024-03-29T09:37:52.439+0000] {processor.py:183} INFO - Processing /opt/airflow/dags/dags/demo_taskflow_api.py took 0.058 seconds
[2024-03-29T09:38:22.961+0000] {processor.py:161} INFO - Started process (PID=9607) to work on /opt/airflow/dags/dags/demo_taskflow_api.py
[2024-03-29T09:38:22.962+0000] {processor.py:830} INFO - Processing file /opt/airflow/dags/dags/demo_taskflow_api.py for tasks to queue
[2024-03-29T09:38:22.963+0000] {logging_mixin.py:188} INFO - [2024-03-29T09:38:22.963+0000] {dagbag.py:538} INFO - Filling up the DagBag from /opt/airflow/dags/dags/demo_taskflow_api.py
[2024-03-29T09:38:22.976+0000] {processor.py:840} INFO - DAG(s) 'demo_taskflow_api' retrieved from /opt/airflow/dags/dags/demo_taskflow_api.py
[2024-03-29T09:38:23.075+0000] {logging_mixin.py:188} INFO - [2024-03-29T09:38:23.074+0000] {dag.py:3033} INFO - Sync 1 DAGs
[2024-03-29T09:38:23.083+0000] {logging_mixin.py:188} INFO - [2024-03-29T09:38:23.083+0000] {dag.py:3820} INFO - Setting next_dagrun for demo_taskflow_api to None, run_after=None
[2024-03-29T09:38:23.098+0000] {processor.py:183} INFO - Processing /opt/airflow/dags/dags/demo_taskflow_api.py took 0.140 seconds
