[2024-03-29T09:36:51.923+0000] {processor.py:161} INFO - Started process (PID=8991) to work on /opt/airflow/dags/dags/demo_hooks.py
[2024-03-29T09:36:51.923+0000] {processor.py:830} INFO - Processing file /opt/airflow/dags/dags/demo_hooks.py for tasks to queue
[2024-03-29T09:36:51.924+0000] {logging_mixin.py:188} INFO - [2024-03-29T09:36:51.924+0000] {dagbag.py:538} INFO - Filling up the DagBag from /opt/airflow/dags/dags/demo_hooks.py
[2024-03-29T09:36:51.938+0000] {processor.py:840} INFO - DAG(s) 'demo_hooks' retrieved from /opt/airflow/dags/dags/demo_hooks.py
[2024-03-29T09:36:52.056+0000] {logging_mixin.py:188} INFO - [2024-03-29T09:36:52.056+0000] {dag.py:3033} INFO - Sync 1 DAGs
[2024-03-29T09:36:52.065+0000] {logging_mixin.py:188} INFO - [2024-03-29T09:36:52.065+0000] {dag.py:3820} INFO - Setting next_dagrun for demo_hooks to None, run_after=None
[2024-03-29T09:36:52.104+0000] {processor.py:183} INFO - Processing /opt/airflow/dags/dags/demo_hooks.py took 0.184 seconds
[2024-03-29T09:37:22.759+0000] {processor.py:161} INFO - Started process (PID=9217) to work on /opt/airflow/dags/dags/demo_hooks.py
[2024-03-29T09:37:22.760+0000] {processor.py:830} INFO - Processing file /opt/airflow/dags/dags/demo_hooks.py for tasks to queue
[2024-03-29T09:37:22.762+0000] {logging_mixin.py:188} INFO - [2024-03-29T09:37:22.761+0000] {dagbag.py:538} INFO - Filling up the DagBag from /opt/airflow/dags/dags/demo_hooks.py
[2024-03-29T09:37:22.784+0000] {processor.py:840} INFO - DAG(s) 'demo_hooks' retrieved from /opt/airflow/dags/dags/demo_hooks.py
[2024-03-29T09:37:22.805+0000] {logging_mixin.py:188} INFO - [2024-03-29T09:37:22.805+0000] {dag.py:3033} INFO - Sync 1 DAGs
[2024-03-29T09:37:22.817+0000] {logging_mixin.py:188} INFO - [2024-03-29T09:37:22.817+0000] {dag.py:3820} INFO - Setting next_dagrun for demo_hooks to None, run_after=None
[2024-03-29T09:37:22.898+0000] {processor.py:183} INFO - Processing /opt/airflow/dags/dags/demo_hooks.py took 0.141 seconds
[2024-03-29T09:37:53.859+0000] {processor.py:161} INFO - Started process (PID=9433) to work on /opt/airflow/dags/dags/demo_hooks.py
[2024-03-29T09:37:53.861+0000] {processor.py:830} INFO - Processing file /opt/airflow/dags/dags/demo_hooks.py for tasks to queue
[2024-03-29T09:37:53.862+0000] {logging_mixin.py:188} INFO - [2024-03-29T09:37:53.862+0000] {dagbag.py:538} INFO - Filling up the DagBag from /opt/airflow/dags/dags/demo_hooks.py
[2024-03-29T09:37:53.882+0000] {processor.py:840} INFO - DAG(s) 'demo_hooks' retrieved from /opt/airflow/dags/dags/demo_hooks.py
[2024-03-29T09:37:53.899+0000] {logging_mixin.py:188} INFO - [2024-03-29T09:37:53.899+0000] {dag.py:3033} INFO - Sync 1 DAGs
[2024-03-29T09:37:53.912+0000] {logging_mixin.py:188} INFO - [2024-03-29T09:37:53.912+0000] {dag.py:3820} INFO - Setting next_dagrun for demo_hooks to None, run_after=None
[2024-03-29T09:37:53.927+0000] {processor.py:183} INFO - Processing /opt/airflow/dags/dags/demo_hooks.py took 0.072 seconds
[2024-03-29T09:38:24.501+0000] {processor.py:161} INFO - Started process (PID=9649) to work on /opt/airflow/dags/dags/demo_hooks.py
[2024-03-29T09:38:24.503+0000] {processor.py:830} INFO - Processing file /opt/airflow/dags/dags/demo_hooks.py for tasks to queue
[2024-03-29T09:38:24.504+0000] {logging_mixin.py:188} INFO - [2024-03-29T09:38:24.504+0000] {dagbag.py:538} INFO - Filling up the DagBag from /opt/airflow/dags/dags/demo_hooks.py
[2024-03-29T09:38:24.522+0000] {processor.py:840} INFO - DAG(s) 'demo_hooks' retrieved from /opt/airflow/dags/dags/demo_hooks.py
[2024-03-29T09:38:24.644+0000] {logging_mixin.py:188} INFO - [2024-03-29T09:38:24.644+0000] {dag.py:3033} INFO - Sync 1 DAGs
[2024-03-29T09:38:24.654+0000] {logging_mixin.py:188} INFO - [2024-03-29T09:38:24.654+0000] {dag.py:3820} INFO - Setting next_dagrun for demo_hooks to None, run_after=None
[2024-03-29T09:38:24.671+0000] {processor.py:183} INFO - Processing /opt/airflow/dags/dags/demo_hooks.py took 0.175 seconds
