[2024-03-29T09:36:50.282+0000] {processor.py:161} INFO - Started process (PID=8931) to work on /opt/airflow/dags/dags/demo_variables.py
[2024-03-29T09:36:50.283+0000] {processor.py:830} INFO - Processing file /opt/airflow/dags/dags/demo_variables.py for tasks to queue
[2024-03-29T09:36:50.284+0000] {logging_mixin.py:188} INFO - [2024-03-29T09:36:50.284+0000] {dagbag.py:538} INFO - Filling up the DagBag from /opt/airflow/dags/dags/demo_variables.py
[2024-03-29T09:36:50.316+0000] {processor.py:840} INFO - DAG(s) 'demo_variables' retrieved from /opt/airflow/dags/dags/demo_variables.py
[2024-03-29T09:36:50.496+0000] {logging_mixin.py:188} INFO - [2024-03-29T09:36:50.496+0000] {dag.py:3033} INFO - Sync 1 DAGs
[2024-03-29T09:36:50.508+0000] {logging_mixin.py:188} INFO - [2024-03-29T09:36:50.507+0000] {dag.py:3820} INFO - Setting next_dagrun for demo_variables to None, run_after=None
[2024-03-29T09:36:50.541+0000] {processor.py:183} INFO - Processing /opt/airflow/dags/dags/demo_variables.py took 0.264 seconds
[2024-03-29T09:37:21.583+0000] {processor.py:161} INFO - Started process (PID=9155) to work on /opt/airflow/dags/dags/demo_variables.py
[2024-03-29T09:37:21.585+0000] {processor.py:830} INFO - Processing file /opt/airflow/dags/dags/demo_variables.py for tasks to queue
[2024-03-29T09:37:21.586+0000] {logging_mixin.py:188} INFO - [2024-03-29T09:37:21.585+0000] {dagbag.py:538} INFO - Filling up the DagBag from /opt/airflow/dags/dags/demo_variables.py
[2024-03-29T09:37:21.646+0000] {processor.py:840} INFO - DAG(s) 'demo_variables' retrieved from /opt/airflow/dags/dags/demo_variables.py
[2024-03-29T09:37:21.728+0000] {logging_mixin.py:188} INFO - [2024-03-29T09:37:21.728+0000] {dag.py:3033} INFO - Sync 1 DAGs
[2024-03-29T09:37:21.762+0000] {logging_mixin.py:188} INFO - [2024-03-29T09:37:21.762+0000] {dag.py:3820} INFO - Setting next_dagrun for demo_variables to None, run_after=None
[2024-03-29T09:37:21.787+0000] {processor.py:183} INFO - Processing /opt/airflow/dags/dags/demo_variables.py took 0.207 seconds
[2024-03-29T09:37:52.071+0000] {processor.py:161} INFO - Started process (PID=9370) to work on /opt/airflow/dags/dags/demo_variables.py
[2024-03-29T09:37:52.073+0000] {processor.py:830} INFO - Processing file /opt/airflow/dags/dags/demo_variables.py for tasks to queue
[2024-03-29T09:37:52.077+0000] {logging_mixin.py:188} INFO - [2024-03-29T09:37:52.076+0000] {dagbag.py:538} INFO - Filling up the DagBag from /opt/airflow/dags/dags/demo_variables.py
[2024-03-29T09:37:52.105+0000] {processor.py:840} INFO - DAG(s) 'demo_variables' retrieved from /opt/airflow/dags/dags/demo_variables.py
[2024-03-29T09:37:52.135+0000] {logging_mixin.py:188} INFO - [2024-03-29T09:37:52.135+0000] {dag.py:3033} INFO - Sync 1 DAGs
[2024-03-29T09:37:52.161+0000] {logging_mixin.py:188} INFO - [2024-03-29T09:37:52.161+0000] {dag.py:3820} INFO - Setting next_dagrun for demo_variables to None, run_after=None
[2024-03-29T09:37:52.186+0000] {processor.py:183} INFO - Processing /opt/airflow/dags/dags/demo_variables.py took 0.119 seconds
[2024-03-29T09:38:22.462+0000] {processor.py:161} INFO - Started process (PID=9586) to work on /opt/airflow/dags/dags/demo_variables.py
[2024-03-29T09:38:22.463+0000] {processor.py:830} INFO - Processing file /opt/airflow/dags/dags/demo_variables.py for tasks to queue
[2024-03-29T09:38:22.465+0000] {logging_mixin.py:188} INFO - [2024-03-29T09:38:22.465+0000] {dagbag.py:538} INFO - Filling up the DagBag from /opt/airflow/dags/dags/demo_variables.py
[2024-03-29T09:38:22.486+0000] {processor.py:840} INFO - DAG(s) 'demo_variables' retrieved from /opt/airflow/dags/dags/demo_variables.py
[2024-03-29T09:38:22.674+0000] {logging_mixin.py:188} INFO - [2024-03-29T09:38:22.674+0000] {dag.py:3033} INFO - Sync 1 DAGs
[2024-03-29T09:38:22.699+0000] {logging_mixin.py:188} INFO - [2024-03-29T09:38:22.699+0000] {dag.py:3820} INFO - Setting next_dagrun for demo_variables to None, run_after=None
[2024-03-29T09:38:22.740+0000] {processor.py:183} INFO - Processing /opt/airflow/dags/dags/demo_variables.py took 0.298 seconds
