[2024-03-29T09:36:51.692+0000] {processor.py:161} INFO - Started process (PID=8976) to work on /opt/airflow/dags/dags/demo_scaling.py
[2024-03-29T09:36:51.693+0000] {processor.py:830} INFO - Processing file /opt/airflow/dags/dags/demo_scaling.py for tasks to queue
[2024-03-29T09:36:51.693+0000] {logging_mixin.py:188} INFO - [2024-03-29T09:36:51.693+0000] {dagbag.py:538} INFO - Filling up the DagBag from /opt/airflow/dags/dags/demo_scaling.py
[2024-03-29T09:36:51.707+0000] {processor.py:840} INFO - DAG(s) 'demo_scaling' retrieved from /opt/airflow/dags/dags/demo_scaling.py
[2024-03-29T09:36:51.802+0000] {logging_mixin.py:188} INFO - [2024-03-29T09:36:51.801+0000] {override.py:1769} INFO - Created Permission View: can read on DAG:demo_scaling
[2024-03-29T09:36:51.832+0000] {logging_mixin.py:188} INFO - [2024-03-29T09:36:51.832+0000] {override.py:1769} INFO - Created Permission View: can edit on DAG:demo_scaling
[2024-03-29T09:36:51.841+0000] {logging_mixin.py:188} INFO - [2024-03-29T09:36:51.841+0000] {override.py:1769} INFO - Created Permission View: can delete on DAG:demo_scaling
[2024-03-29T09:36:51.842+0000] {logging_mixin.py:188} INFO - [2024-03-29T09:36:51.842+0000] {dag.py:3033} INFO - Sync 1 DAGs
[2024-03-29T09:36:51.852+0000] {logging_mixin.py:188} INFO - [2024-03-29T09:36:51.851+0000] {dag.py:3055} INFO - Creating ORM DAG for demo_scaling
[2024-03-29T09:36:51.852+0000] {logging_mixin.py:188} INFO - [2024-03-29T09:36:51.852+0000] {dag.py:3820} INFO - Setting next_dagrun for demo_scaling to None, run_after=None
[2024-03-29T09:36:51.872+0000] {processor.py:183} INFO - Processing /opt/airflow/dags/dags/demo_scaling.py took 0.182 seconds
[2024-03-29T09:37:22.565+0000] {processor.py:161} INFO - Started process (PID=9202) to work on /opt/airflow/dags/dags/demo_scaling.py
[2024-03-29T09:37:22.566+0000] {processor.py:830} INFO - Processing file /opt/airflow/dags/dags/demo_scaling.py for tasks to queue
[2024-03-29T09:37:22.567+0000] {logging_mixin.py:188} INFO - [2024-03-29T09:37:22.567+0000] {dagbag.py:538} INFO - Filling up the DagBag from /opt/airflow/dags/dags/demo_scaling.py
[2024-03-29T09:37:22.579+0000] {processor.py:840} INFO - DAG(s) 'demo_scaling' retrieved from /opt/airflow/dags/dags/demo_scaling.py
[2024-03-29T09:37:22.610+0000] {logging_mixin.py:188} INFO - [2024-03-29T09:37:22.609+0000] {dag.py:3033} INFO - Sync 1 DAGs
[2024-03-29T09:37:22.624+0000] {logging_mixin.py:188} INFO - [2024-03-29T09:37:22.623+0000] {dag.py:3820} INFO - Setting next_dagrun for demo_scaling to None, run_after=None
[2024-03-29T09:37:22.643+0000] {processor.py:183} INFO - Processing /opt/airflow/dags/dags/demo_scaling.py took 0.080 seconds
[2024-03-29T09:37:52.716+0000] {processor.py:161} INFO - Started process (PID=9418) to work on /opt/airflow/dags/dags/demo_scaling.py
[2024-03-29T09:37:52.717+0000] {processor.py:830} INFO - Processing file /opt/airflow/dags/dags/demo_scaling.py for tasks to queue
[2024-03-29T09:37:52.717+0000] {logging_mixin.py:188} INFO - [2024-03-29T09:37:52.717+0000] {dagbag.py:538} INFO - Filling up the DagBag from /opt/airflow/dags/dags/demo_scaling.py
[2024-03-29T09:37:52.727+0000] {processor.py:840} INFO - DAG(s) 'demo_scaling' retrieved from /opt/airflow/dags/dags/demo_scaling.py
[2024-03-29T09:37:52.745+0000] {logging_mixin.py:188} INFO - [2024-03-29T09:37:52.745+0000] {dag.py:3033} INFO - Sync 1 DAGs
[2024-03-29T09:37:52.755+0000] {logging_mixin.py:188} INFO - [2024-03-29T09:37:52.755+0000] {dag.py:3820} INFO - Setting next_dagrun for demo_scaling to None, run_after=None
[2024-03-29T09:37:52.770+0000] {processor.py:183} INFO - Processing /opt/airflow/dags/dags/demo_scaling.py took 0.058 seconds
[2024-03-29T09:38:23.349+0000] {processor.py:161} INFO - Started process (PID=9632) to work on /opt/airflow/dags/dags/demo_scaling.py
[2024-03-29T09:38:23.350+0000] {processor.py:830} INFO - Processing file /opt/airflow/dags/dags/demo_scaling.py for tasks to queue
[2024-03-29T09:38:23.351+0000] {logging_mixin.py:188} INFO - [2024-03-29T09:38:23.350+0000] {dagbag.py:538} INFO - Filling up the DagBag from /opt/airflow/dags/dags/demo_scaling.py
[2024-03-29T09:38:23.361+0000] {processor.py:840} INFO - DAG(s) 'demo_scaling' retrieved from /opt/airflow/dags/dags/demo_scaling.py
[2024-03-29T09:38:23.380+0000] {logging_mixin.py:188} INFO - [2024-03-29T09:38:23.379+0000] {dag.py:3033} INFO - Sync 1 DAGs
[2024-03-29T09:38:23.390+0000] {logging_mixin.py:188} INFO - [2024-03-29T09:38:23.389+0000] {dag.py:3820} INFO - Setting next_dagrun for demo_scaling to None, run_after=None
[2024-03-29T09:38:23.403+0000] {processor.py:183} INFO - Processing /opt/airflow/dags/dags/demo_scaling.py took 0.056 seconds
