[2024-03-29T09:36:52.369+0000] {processor.py:161} INFO - Started process (PID=9011) to work on /opt/airflow/dags/dags/demo_custom_operator.py
[2024-03-29T09:36:52.370+0000] {processor.py:830} INFO - Processing file /opt/airflow/dags/dags/demo_custom_operator.py for tasks to queue
[2024-03-29T09:36:52.371+0000] {logging_mixin.py:188} INFO - [2024-03-29T09:36:52.371+0000] {dagbag.py:538} INFO - Filling up the DagBag from /opt/airflow/dags/dags/demo_custom_operator.py
[2024-03-29T09:36:52.384+0000] {processor.py:840} INFO - DAG(s) 'demo_custom_operator' retrieved from /opt/airflow/dags/dags/demo_custom_operator.py
[2024-03-29T09:36:52.483+0000] {logging_mixin.py:188} INFO - [2024-03-29T09:36:52.482+0000] {dag.py:3033} INFO - Sync 1 DAGs
[2024-03-29T09:36:52.493+0000] {logging_mixin.py:188} INFO - [2024-03-29T09:36:52.492+0000] {dag.py:3820} INFO - Setting next_dagrun for demo_custom_operator to None, run_after=None
[2024-03-29T09:36:52.515+0000] {processor.py:183} INFO - Processing /opt/airflow/dags/dags/demo_custom_operator.py took 0.149 seconds
[2024-03-29T09:37:23.134+0000] {processor.py:161} INFO - Started process (PID=9237) to work on /opt/airflow/dags/dags/demo_custom_operator.py
[2024-03-29T09:37:23.135+0000] {processor.py:830} INFO - Processing file /opt/airflow/dags/dags/demo_custom_operator.py for tasks to queue
[2024-03-29T09:37:23.136+0000] {logging_mixin.py:188} INFO - [2024-03-29T09:37:23.136+0000] {dagbag.py:538} INFO - Filling up the DagBag from /opt/airflow/dags/dags/demo_custom_operator.py
[2024-03-29T09:37:23.154+0000] {processor.py:840} INFO - DAG(s) 'demo_custom_operator' retrieved from /opt/airflow/dags/dags/demo_custom_operator.py
[2024-03-29T09:37:23.187+0000] {logging_mixin.py:188} INFO - [2024-03-29T09:37:23.186+0000] {dag.py:3033} INFO - Sync 1 DAGs
[2024-03-29T09:37:23.202+0000] {logging_mixin.py:188} INFO - [2024-03-29T09:37:23.201+0000] {dag.py:3820} INFO - Setting next_dagrun for demo_custom_operator to None, run_after=None
[2024-03-29T09:37:23.221+0000] {processor.py:183} INFO - Processing /opt/airflow/dags/dags/demo_custom_operator.py took 0.089 seconds
[2024-03-29T09:37:54.043+0000] {processor.py:161} INFO - Started process (PID=9451) to work on /opt/airflow/dags/dags/demo_custom_operator.py
[2024-03-29T09:37:54.046+0000] {processor.py:830} INFO - Processing file /opt/airflow/dags/dags/demo_custom_operator.py for tasks to queue
[2024-03-29T09:37:54.047+0000] {logging_mixin.py:188} INFO - [2024-03-29T09:37:54.046+0000] {dagbag.py:538} INFO - Filling up the DagBag from /opt/airflow/dags/dags/demo_custom_operator.py
[2024-03-29T09:37:54.061+0000] {processor.py:840} INFO - DAG(s) 'demo_custom_operator' retrieved from /opt/airflow/dags/dags/demo_custom_operator.py
[2024-03-29T09:37:54.234+0000] {logging_mixin.py:188} INFO - [2024-03-29T09:37:54.234+0000] {dag.py:3033} INFO - Sync 1 DAGs
[2024-03-29T09:37:54.244+0000] {logging_mixin.py:188} INFO - [2024-03-29T09:37:54.244+0000] {dag.py:3820} INFO - Setting next_dagrun for demo_custom_operator to None, run_after=None
[2024-03-29T09:37:54.265+0000] {processor.py:183} INFO - Processing /opt/airflow/dags/dags/demo_custom_operator.py took 0.224 seconds
[2024-03-29T09:38:24.849+0000] {processor.py:161} INFO - Started process (PID=9667) to work on /opt/airflow/dags/dags/demo_custom_operator.py
[2024-03-29T09:38:24.850+0000] {processor.py:830} INFO - Processing file /opt/airflow/dags/dags/demo_custom_operator.py for tasks to queue
[2024-03-29T09:38:24.851+0000] {logging_mixin.py:188} INFO - [2024-03-29T09:38:24.851+0000] {dagbag.py:538} INFO - Filling up the DagBag from /opt/airflow/dags/dags/demo_custom_operator.py
[2024-03-29T09:38:24.859+0000] {processor.py:840} INFO - DAG(s) 'demo_custom_operator' retrieved from /opt/airflow/dags/dags/demo_custom_operator.py
[2024-03-29T09:38:24.878+0000] {logging_mixin.py:188} INFO - [2024-03-29T09:38:24.878+0000] {dag.py:3033} INFO - Sync 1 DAGs
[2024-03-29T09:38:24.888+0000] {logging_mixin.py:188} INFO - [2024-03-29T09:38:24.888+0000] {dag.py:3820} INFO - Setting next_dagrun for demo_custom_operator to None, run_after=None
[2024-03-29T09:38:24.912+0000] {processor.py:183} INFO - Processing /opt/airflow/dags/dags/demo_custom_operator.py took 0.065 seconds
