[2024-03-29T09:36:51.906+0000] {processor.py:161} INFO - Started process (PID=8986) to work on /opt/airflow/dags/dags/demo_operators.py
[2024-03-29T09:36:51.907+0000] {processor.py:830} INFO - Processing file /opt/airflow/dags/dags/demo_operators.py for tasks to queue
[2024-03-29T09:36:51.908+0000] {logging_mixin.py:188} INFO - [2024-03-29T09:36:51.908+0000] {dagbag.py:538} INFO - Filling up the DagBag from /opt/airflow/dags/dags/demo_operators.py
[2024-03-29T09:36:51.924+0000] {processor.py:840} INFO - DAG(s) 'demo_operators' retrieved from /opt/airflow/dags/dags/demo_operators.py
[2024-03-29T09:36:52.038+0000] {logging_mixin.py:188} INFO - [2024-03-29T09:36:52.038+0000] {dag.py:3033} INFO - Sync 1 DAGs
[2024-03-29T09:36:52.049+0000] {logging_mixin.py:188} INFO - [2024-03-29T09:36:52.049+0000] {dag.py:3820} INFO - Setting next_dagrun for demo_operators to None, run_after=None
[2024-03-29T09:36:52.066+0000] {processor.py:183} INFO - Processing /opt/airflow/dags/dags/demo_operators.py took 0.162 seconds
[2024-03-29T09:37:22.669+0000] {processor.py:161} INFO - Started process (PID=9212) to work on /opt/airflow/dags/dags/demo_operators.py
[2024-03-29T09:37:22.673+0000] {processor.py:830} INFO - Processing file /opt/airflow/dags/dags/demo_operators.py for tasks to queue
[2024-03-29T09:37:22.675+0000] {logging_mixin.py:188} INFO - [2024-03-29T09:37:22.675+0000] {dagbag.py:538} INFO - Filling up the DagBag from /opt/airflow/dags/dags/demo_operators.py
[2024-03-29T09:37:22.693+0000] {processor.py:840} INFO - DAG(s) 'demo_operators' retrieved from /opt/airflow/dags/dags/demo_operators.py
[2024-03-29T09:37:22.714+0000] {logging_mixin.py:188} INFO - [2024-03-29T09:37:22.714+0000] {dag.py:3033} INFO - Sync 1 DAGs
[2024-03-29T09:37:22.725+0000] {logging_mixin.py:188} INFO - [2024-03-29T09:37:22.725+0000] {dag.py:3820} INFO - Setting next_dagrun for demo_operators to None, run_after=None
[2024-03-29T09:37:22.740+0000] {processor.py:183} INFO - Processing /opt/airflow/dags/dags/demo_operators.py took 0.074 seconds
[2024-03-29T09:37:52.789+0000] {processor.py:161} INFO - Started process (PID=9426) to work on /opt/airflow/dags/dags/demo_operators.py
[2024-03-29T09:37:52.790+0000] {processor.py:830} INFO - Processing file /opt/airflow/dags/dags/demo_operators.py for tasks to queue
[2024-03-29T09:37:52.791+0000] {logging_mixin.py:188} INFO - [2024-03-29T09:37:52.791+0000] {dagbag.py:538} INFO - Filling up the DagBag from /opt/airflow/dags/dags/demo_operators.py
[2024-03-29T09:37:52.800+0000] {processor.py:840} INFO - DAG(s) 'demo_operators' retrieved from /opt/airflow/dags/dags/demo_operators.py
[2024-03-29T09:37:52.808+0000] {logging_mixin.py:188} INFO - [2024-03-29T09:37:52.808+0000] {dag.py:3033} INFO - Sync 1 DAGs
[2024-03-29T09:37:52.818+0000] {logging_mixin.py:188} INFO - [2024-03-29T09:37:52.817+0000] {dag.py:3820} INFO - Setting next_dagrun for demo_operators to None, run_after=None
[2024-03-29T09:37:52.833+0000] {processor.py:183} INFO - Processing /opt/airflow/dags/dags/demo_operators.py took 0.046 seconds
[2024-03-29T09:38:23.421+0000] {processor.py:161} INFO - Started process (PID=9642) to work on /opt/airflow/dags/dags/demo_operators.py
[2024-03-29T09:38:23.422+0000] {processor.py:830} INFO - Processing file /opt/airflow/dags/dags/demo_operators.py for tasks to queue
[2024-03-29T09:38:23.423+0000] {logging_mixin.py:188} INFO - [2024-03-29T09:38:23.423+0000] {dagbag.py:538} INFO - Filling up the DagBag from /opt/airflow/dags/dags/demo_operators.py
[2024-03-29T09:38:23.433+0000] {processor.py:840} INFO - DAG(s) 'demo_operators' retrieved from /opt/airflow/dags/dags/demo_operators.py
[2024-03-29T09:38:23.511+0000] {logging_mixin.py:188} INFO - [2024-03-29T09:38:23.511+0000] {dag.py:3033} INFO - Sync 1 DAGs
[2024-03-29T09:38:23.519+0000] {logging_mixin.py:188} INFO - [2024-03-29T09:38:23.519+0000] {dag.py:3820} INFO - Setting next_dagrun for demo_operators to None, run_after=None
[2024-03-29T09:38:23.534+0000] {processor.py:183} INFO - Processing /opt/airflow/dags/dags/demo_operators.py took 0.115 seconds
