[2024-03-29T09:36:50.746+0000] {processor.py:161} INFO - Started process (PID=8948) to work on /opt/airflow/dags/dags/demo_taskflow_api_before.py
[2024-03-29T09:36:50.747+0000] {processor.py:830} INFO - Processing file /opt/airflow/dags/dags/demo_taskflow_api_before.py for tasks to queue
[2024-03-29T09:36:50.747+0000] {logging_mixin.py:188} INFO - [2024-03-29T09:36:50.747+0000] {dagbag.py:538} INFO - Filling up the DagBag from /opt/airflow/dags/dags/demo_taskflow_api_before.py
[2024-03-29T09:36:50.760+0000] {processor.py:840} INFO - DAG(s) 'demo_taskflow_api_before' retrieved from /opt/airflow/dags/dags/demo_taskflow_api_before.py
[2024-03-29T09:36:50.897+0000] {logging_mixin.py:188} INFO - [2024-03-29T09:36:50.887+0000] {dag.py:3033} INFO - Sync 1 DAGs
[2024-03-29T09:36:50.948+0000] {logging_mixin.py:188} INFO - [2024-03-29T09:36:50.947+0000] {dag.py:3820} INFO - Setting next_dagrun for demo_taskflow_api_before to None, run_after=None
[2024-03-29T09:36:50.995+0000] {processor.py:183} INFO - Processing /opt/airflow/dags/dags/demo_taskflow_api_before.py took 0.251 seconds
[2024-03-29T09:37:21.981+0000] {processor.py:161} INFO - Started process (PID=9170) to work on /opt/airflow/dags/dags/demo_taskflow_api_before.py
[2024-03-29T09:37:21.983+0000] {processor.py:830} INFO - Processing file /opt/airflow/dags/dags/demo_taskflow_api_before.py for tasks to queue
[2024-03-29T09:37:21.986+0000] {logging_mixin.py:188} INFO - [2024-03-29T09:37:21.985+0000] {dagbag.py:538} INFO - Filling up the DagBag from /opt/airflow/dags/dags/demo_taskflow_api_before.py
[2024-03-29T09:37:22.004+0000] {processor.py:840} INFO - DAG(s) 'demo_taskflow_api_before' retrieved from /opt/airflow/dags/dags/demo_taskflow_api_before.py
[2024-03-29T09:37:22.026+0000] {logging_mixin.py:188} INFO - [2024-03-29T09:37:22.026+0000] {dag.py:3033} INFO - Sync 1 DAGs
[2024-03-29T09:37:22.039+0000] {logging_mixin.py:188} INFO - [2024-03-29T09:37:22.039+0000] {dag.py:3820} INFO - Setting next_dagrun for demo_taskflow_api_before to None, run_after=None
[2024-03-29T09:37:22.078+0000] {processor.py:183} INFO - Processing /opt/airflow/dags/dags/demo_taskflow_api_before.py took 0.103 seconds
[2024-03-29T09:37:52.318+0000] {processor.py:161} INFO - Started process (PID=9386) to work on /opt/airflow/dags/dags/demo_taskflow_api_before.py
[2024-03-29T09:37:52.319+0000] {processor.py:830} INFO - Processing file /opt/airflow/dags/dags/demo_taskflow_api_before.py for tasks to queue
[2024-03-29T09:37:52.320+0000] {logging_mixin.py:188} INFO - [2024-03-29T09:37:52.319+0000] {dagbag.py:538} INFO - Filling up the DagBag from /opt/airflow/dags/dags/demo_taskflow_api_before.py
[2024-03-29T09:37:52.329+0000] {processor.py:840} INFO - DAG(s) 'demo_taskflow_api_before' retrieved from /opt/airflow/dags/dags/demo_taskflow_api_before.py
[2024-03-29T09:37:52.337+0000] {logging_mixin.py:188} INFO - [2024-03-29T09:37:52.337+0000] {dag.py:3033} INFO - Sync 1 DAGs
[2024-03-29T09:37:52.347+0000] {logging_mixin.py:188} INFO - [2024-03-29T09:37:52.347+0000] {dag.py:3820} INFO - Setting next_dagrun for demo_taskflow_api_before to None, run_after=None
[2024-03-29T09:37:52.362+0000] {processor.py:183} INFO - Processing /opt/airflow/dags/dags/demo_taskflow_api_before.py took 0.046 seconds
[2024-03-29T09:38:22.877+0000] {processor.py:161} INFO - Started process (PID=9602) to work on /opt/airflow/dags/dags/demo_taskflow_api_before.py
[2024-03-29T09:38:22.878+0000] {processor.py:830} INFO - Processing file /opt/airflow/dags/dags/demo_taskflow_api_before.py for tasks to queue
[2024-03-29T09:38:22.879+0000] {logging_mixin.py:188} INFO - [2024-03-29T09:38:22.879+0000] {dagbag.py:538} INFO - Filling up the DagBag from /opt/airflow/dags/dags/demo_taskflow_api_before.py
[2024-03-29T09:38:22.889+0000] {processor.py:840} INFO - DAG(s) 'demo_taskflow_api_before' retrieved from /opt/airflow/dags/dags/demo_taskflow_api_before.py
[2024-03-29T09:38:23.008+0000] {logging_mixin.py:188} INFO - [2024-03-29T09:38:23.008+0000] {dag.py:3033} INFO - Sync 1 DAGs
[2024-03-29T09:38:23.017+0000] {logging_mixin.py:188} INFO - [2024-03-29T09:38:23.017+0000] {dag.py:3820} INFO - Setting next_dagrun for demo_taskflow_api_before to None, run_after=None
[2024-03-29T09:38:23.033+0000] {processor.py:183} INFO - Processing /opt/airflow/dags/dags/demo_taskflow_api_before.py took 0.158 seconds
