[2024-03-29T09:36:51.231+0000] {processor.py:161} INFO - Started process (PID=8963) to work on /opt/airflow/dags/dags/demo_sla.py
[2024-03-29T09:36:51.232+0000] {processor.py:830} INFO - Processing file /opt/airflow/dags/dags/demo_sla.py for tasks to queue
[2024-03-29T09:36:51.233+0000] {logging_mixin.py:188} INFO - [2024-03-29T09:36:51.233+0000] {dagbag.py:538} INFO - Filling up the DagBag from /opt/airflow/dags/dags/demo_sla.py
[2024-03-29T09:36:51.260+0000] {processor.py:840} INFO - DAG(s) 'demo_sla' retrieved from /opt/airflow/dags/dags/demo_sla.py
[2024-03-29T09:36:51.428+0000] {logging_mixin.py:188} INFO - [2024-03-29T09:36:51.426+0000] {override.py:1769} INFO - Created Permission View: can read on DAG:demo_sla
[2024-03-29T09:36:51.437+0000] {logging_mixin.py:188} INFO - [2024-03-29T09:36:51.436+0000] {override.py:1769} INFO - Created Permission View: can edit on DAG:demo_sla
[2024-03-29T09:36:51.441+0000] {logging_mixin.py:188} INFO - [2024-03-29T09:36:51.441+0000] {override.py:1769} INFO - Created Permission View: can delete on DAG:demo_sla
[2024-03-29T09:36:51.442+0000] {logging_mixin.py:188} INFO - [2024-03-29T09:36:51.442+0000] {dag.py:3033} INFO - Sync 1 DAGs
[2024-03-29T09:36:51.452+0000] {logging_mixin.py:188} INFO - [2024-03-29T09:36:51.452+0000] {dag.py:3055} INFO - Creating ORM DAG for demo_sla
[2024-03-29T09:36:51.465+0000] {logging_mixin.py:188} INFO - [2024-03-29T09:36:51.465+0000] {dag.py:3820} INFO - Setting next_dagrun for demo_sla to 2024-03-29T09:30:00+00:00, run_after=2024-03-29T09:35:00+00:00
[2024-03-29T09:36:51.477+0000] {processor.py:183} INFO - Processing /opt/airflow/dags/dags/demo_sla.py took 0.248 seconds
[2024-03-29T09:37:22.263+0000] {processor.py:161} INFO - Started process (PID=9185) to work on /opt/airflow/dags/dags/demo_sla.py
[2024-03-29T09:37:22.268+0000] {processor.py:830} INFO - Processing file /opt/airflow/dags/dags/demo_sla.py for tasks to queue
[2024-03-29T09:37:22.269+0000] {logging_mixin.py:188} INFO - [2024-03-29T09:37:22.268+0000] {dagbag.py:538} INFO - Filling up the DagBag from /opt/airflow/dags/dags/demo_sla.py
[2024-03-29T09:37:22.289+0000] {processor.py:840} INFO - DAG(s) 'demo_sla' retrieved from /opt/airflow/dags/dags/demo_sla.py
[2024-03-29T09:37:22.313+0000] {logging_mixin.py:188} INFO - [2024-03-29T09:37:22.313+0000] {dag.py:3033} INFO - Sync 1 DAGs
[2024-03-29T09:37:22.339+0000] {logging_mixin.py:188} INFO - [2024-03-29T09:37:22.339+0000] {dag.py:3820} INFO - Setting next_dagrun for demo_sla to 2024-03-29T09:30:00+00:00, run_after=2024-03-29T09:35:00+00:00
[2024-03-29T09:37:22.357+0000] {processor.py:183} INFO - Processing /opt/airflow/dags/dags/demo_sla.py took 0.101 seconds
[2024-03-29T09:37:52.458+0000] {processor.py:161} INFO - Started process (PID=9403) to work on /opt/airflow/dags/dags/demo_sla.py
[2024-03-29T09:37:52.459+0000] {processor.py:830} INFO - Processing file /opt/airflow/dags/dags/demo_sla.py for tasks to queue
[2024-03-29T09:37:52.460+0000] {logging_mixin.py:188} INFO - [2024-03-29T09:37:52.460+0000] {dagbag.py:538} INFO - Filling up the DagBag from /opt/airflow/dags/dags/demo_sla.py
[2024-03-29T09:37:52.472+0000] {processor.py:840} INFO - DAG(s) 'demo_sla' retrieved from /opt/airflow/dags/dags/demo_sla.py
[2024-03-29T09:37:52.488+0000] {logging_mixin.py:188} INFO - [2024-03-29T09:37:52.488+0000] {dag.py:3033} INFO - Sync 1 DAGs
[2024-03-29T09:37:52.520+0000] {logging_mixin.py:188} INFO - [2024-03-29T09:37:52.520+0000] {dag.py:3820} INFO - Setting next_dagrun for demo_sla to 2024-03-29T09:30:00+00:00, run_after=2024-03-29T09:35:00+00:00
[2024-03-29T09:37:52.536+0000] {processor.py:183} INFO - Processing /opt/airflow/dags/dags/demo_sla.py took 0.080 seconds
[2024-03-29T09:38:23.116+0000] {processor.py:161} INFO - Started process (PID=9617) to work on /opt/airflow/dags/dags/demo_sla.py
[2024-03-29T09:38:23.117+0000] {processor.py:830} INFO - Processing file /opt/airflow/dags/dags/demo_sla.py for tasks to queue
[2024-03-29T09:38:23.118+0000] {logging_mixin.py:188} INFO - [2024-03-29T09:38:23.118+0000] {dagbag.py:538} INFO - Filling up the DagBag from /opt/airflow/dags/dags/demo_sla.py
[2024-03-29T09:38:23.130+0000] {processor.py:840} INFO - DAG(s) 'demo_sla' retrieved from /opt/airflow/dags/dags/demo_sla.py
[2024-03-29T09:38:23.149+0000] {logging_mixin.py:188} INFO - [2024-03-29T09:38:23.148+0000] {dag.py:3033} INFO - Sync 1 DAGs
[2024-03-29T09:38:23.183+0000] {logging_mixin.py:188} INFO - [2024-03-29T09:38:23.182+0000] {dag.py:3820} INFO - Setting next_dagrun for demo_sla to 2024-03-29T09:30:00+00:00, run_after=2024-03-29T09:35:00+00:00
[2024-03-29T09:38:23.198+0000] {processor.py:183} INFO - Processing /opt/airflow/dags/dags/demo_sla.py took 0.084 seconds
