[2024-03-29T09:36:50.282+0000] {processor.py:161} INFO - Started process (PID=8928) to work on /opt/airflow/dags/dags/demo_xcoms.py
[2024-03-29T09:36:50.283+0000] {processor.py:830} INFO - Processing file /opt/airflow/dags/dags/demo_xcoms.py for tasks to queue
[2024-03-29T09:36:50.284+0000] {logging_mixin.py:188} INFO - [2024-03-29T09:36:50.284+0000] {dagbag.py:538} INFO - Filling up the DagBag from /opt/airflow/dags/dags/demo_xcoms.py
[2024-03-29T09:36:50.316+0000] {processor.py:840} INFO - DAG(s) 'demo_xcoms' retrieved from /opt/airflow/dags/dags/demo_xcoms.py
[2024-03-29T09:36:50.496+0000] {logging_mixin.py:188} INFO - [2024-03-29T09:36:50.496+0000] {dag.py:3033} INFO - Sync 1 DAGs
[2024-03-29T09:36:50.508+0000] {logging_mixin.py:188} INFO - [2024-03-29T09:36:50.507+0000] {dag.py:3820} INFO - Setting next_dagrun for demo_xcoms to None, run_after=None
[2024-03-29T09:36:50.542+0000] {processor.py:183} INFO - Processing /opt/airflow/dags/dags/demo_xcoms.py took 0.264 seconds
[2024-03-29T09:37:21.581+0000] {processor.py:161} INFO - Started process (PID=9152) to work on /opt/airflow/dags/dags/demo_xcoms.py
[2024-03-29T09:37:21.583+0000] {processor.py:830} INFO - Processing file /opt/airflow/dags/dags/demo_xcoms.py for tasks to queue
[2024-03-29T09:37:21.585+0000] {logging_mixin.py:188} INFO - [2024-03-29T09:37:21.584+0000] {dagbag.py:538} INFO - Filling up the DagBag from /opt/airflow/dags/dags/demo_xcoms.py
[2024-03-29T09:37:21.646+0000] {processor.py:840} INFO - DAG(s) 'demo_xcoms' retrieved from /opt/airflow/dags/dags/demo_xcoms.py
[2024-03-29T09:37:21.728+0000] {logging_mixin.py:188} INFO - [2024-03-29T09:37:21.728+0000] {dag.py:3033} INFO - Sync 1 DAGs
[2024-03-29T09:37:21.762+0000] {logging_mixin.py:188} INFO - [2024-03-29T09:37:21.762+0000] {dag.py:3820} INFO - Setting next_dagrun for demo_xcoms to None, run_after=None
[2024-03-29T09:37:21.786+0000] {processor.py:183} INFO - Processing /opt/airflow/dags/dags/demo_xcoms.py took 0.210 seconds
[2024-03-29T09:37:52.069+0000] {processor.py:161} INFO - Started process (PID=9368) to work on /opt/airflow/dags/dags/demo_xcoms.py
[2024-03-29T09:37:52.071+0000] {processor.py:830} INFO - Processing file /opt/airflow/dags/dags/demo_xcoms.py for tasks to queue
[2024-03-29T09:37:52.072+0000] {logging_mixin.py:188} INFO - [2024-03-29T09:37:52.072+0000] {dagbag.py:538} INFO - Filling up the DagBag from /opt/airflow/dags/dags/demo_xcoms.py
[2024-03-29T09:37:52.104+0000] {processor.py:840} INFO - DAG(s) 'demo_xcoms' retrieved from /opt/airflow/dags/dags/demo_xcoms.py
[2024-03-29T09:37:52.135+0000] {logging_mixin.py:188} INFO - [2024-03-29T09:37:52.135+0000] {dag.py:3033} INFO - Sync 1 DAGs
[2024-03-29T09:37:52.161+0000] {logging_mixin.py:188} INFO - [2024-03-29T09:37:52.161+0000] {dag.py:3820} INFO - Setting next_dagrun for demo_xcoms to None, run_after=None
[2024-03-29T09:37:52.186+0000] {processor.py:183} INFO - Processing /opt/airflow/dags/dags/demo_xcoms.py took 0.124 seconds
[2024-03-29T09:38:22.462+0000] {processor.py:161} INFO - Started process (PID=9584) to work on /opt/airflow/dags/dags/demo_xcoms.py
[2024-03-29T09:38:22.464+0000] {processor.py:830} INFO - Processing file /opt/airflow/dags/dags/demo_xcoms.py for tasks to queue
[2024-03-29T09:38:22.465+0000] {logging_mixin.py:188} INFO - [2024-03-29T09:38:22.464+0000] {dagbag.py:538} INFO - Filling up the DagBag from /opt/airflow/dags/dags/demo_xcoms.py
[2024-03-29T09:38:22.486+0000] {processor.py:840} INFO - DAG(s) 'demo_xcoms' retrieved from /opt/airflow/dags/dags/demo_xcoms.py
[2024-03-29T09:38:22.674+0000] {logging_mixin.py:188} INFO - [2024-03-29T09:38:22.673+0000] {dag.py:3033} INFO - Sync 1 DAGs
[2024-03-29T09:38:22.698+0000] {logging_mixin.py:188} INFO - [2024-03-29T09:38:22.698+0000] {dag.py:3820} INFO - Setting next_dagrun for demo_xcoms to None, run_after=None
[2024-03-29T09:38:22.740+0000] {processor.py:183} INFO - Processing /opt/airflow/dags/dags/demo_xcoms.py took 0.298 seconds
