[2024-03-29T09:36:52.522+0000] {processor.py:161} INFO - Started process (PID=9016) to work on /opt/airflow/dags/dags/demo_context.py
[2024-03-29T09:36:52.522+0000] {processor.py:830} INFO - Processing file /opt/airflow/dags/dags/demo_context.py for tasks to queue
[2024-03-29T09:36:52.524+0000] {logging_mixin.py:188} INFO - [2024-03-29T09:36:52.523+0000] {dagbag.py:538} INFO - Filling up the DagBag from /opt/airflow/dags/dags/demo_context.py
[2024-03-29T09:36:52.537+0000] {processor.py:840} INFO - DAG(s) 'demo_context' retrieved from /opt/airflow/dags/dags/demo_context.py
[2024-03-29T09:36:52.725+0000] {logging_mixin.py:188} INFO - [2024-03-29T09:36:52.724+0000] {dag.py:3033} INFO - Sync 1 DAGs
[2024-03-29T09:36:52.745+0000] {logging_mixin.py:188} INFO - [2024-03-29T09:36:52.744+0000] {dag.py:3820} INFO - Setting next_dagrun for demo_context to None, run_after=None
[2024-03-29T09:36:52.769+0000] {processor.py:183} INFO - Processing /opt/airflow/dags/dags/demo_context.py took 0.250 seconds
[2024-03-29T09:37:23.139+0000] {processor.py:161} INFO - Started process (PID=9240) to work on /opt/airflow/dags/dags/demo_context.py
[2024-03-29T09:37:23.140+0000] {processor.py:830} INFO - Processing file /opt/airflow/dags/dags/demo_context.py for tasks to queue
[2024-03-29T09:37:23.142+0000] {logging_mixin.py:188} INFO - [2024-03-29T09:37:23.141+0000] {dagbag.py:538} INFO - Filling up the DagBag from /opt/airflow/dags/dags/demo_context.py
[2024-03-29T09:37:23.157+0000] {processor.py:840} INFO - DAG(s) 'demo_context' retrieved from /opt/airflow/dags/dags/demo_context.py
[2024-03-29T09:37:23.192+0000] {logging_mixin.py:188} INFO - [2024-03-29T09:37:23.192+0000] {dag.py:3033} INFO - Sync 1 DAGs
[2024-03-29T09:37:23.205+0000] {logging_mixin.py:188} INFO - [2024-03-29T09:37:23.204+0000] {dag.py:3820} INFO - Setting next_dagrun for demo_context to None, run_after=None
[2024-03-29T09:37:23.223+0000] {processor.py:183} INFO - Processing /opt/airflow/dags/dags/demo_context.py took 0.088 seconds
[2024-03-29T09:37:54.122+0000] {processor.py:161} INFO - Started process (PID=9456) to work on /opt/airflow/dags/dags/demo_context.py
[2024-03-29T09:37:54.123+0000] {processor.py:830} INFO - Processing file /opt/airflow/dags/dags/demo_context.py for tasks to queue
[2024-03-29T09:37:54.124+0000] {logging_mixin.py:188} INFO - [2024-03-29T09:37:54.124+0000] {dagbag.py:538} INFO - Filling up the DagBag from /opt/airflow/dags/dags/demo_context.py
[2024-03-29T09:37:54.140+0000] {processor.py:840} INFO - DAG(s) 'demo_context' retrieved from /opt/airflow/dags/dags/demo_context.py
[2024-03-29T09:37:54.158+0000] {logging_mixin.py:188} INFO - [2024-03-29T09:37:54.157+0000] {dag.py:3033} INFO - Sync 1 DAGs
[2024-03-29T09:37:54.176+0000] {logging_mixin.py:188} INFO - [2024-03-29T09:37:54.176+0000] {dag.py:3820} INFO - Setting next_dagrun for demo_context to None, run_after=None
[2024-03-29T09:37:54.209+0000] {processor.py:183} INFO - Processing /opt/airflow/dags/dags/demo_context.py took 0.089 seconds
