[2024-03-29T08:21:14.553+0000] {taskinstance.py:1957} INFO - Dependencies all met for dep_context=non-requeueable deps ti=<TaskInstance: cryptocurrency_data_pipeline.create_final_table scheduled__2024-01-12T00:00:00+00:00 [queued]>
[2024-03-29T08:21:15.210+0000] {taskinstance.py:1957} INFO - Dependencies all met for dep_context=requeueable deps ti=<TaskInstance: cryptocurrency_data_pipeline.create_final_table scheduled__2024-01-12T00:00:00+00:00 [queued]>
[2024-03-29T08:21:15.249+0000] {taskinstance.py:2171} INFO - Starting attempt 1 of 1
[2024-03-29T08:21:17.140+0000] {taskinstance.py:2192} INFO - Executing <Task(PostgresOperator): create_final_table> on 2024-01-12 00:00:00+00:00
[2024-03-29T08:21:17.654+0000] {standard_task_runner.py:60} INFO - Started process 267 to run task
[2024-03-29T08:21:18.508+0000] {standard_task_runner.py:87} INFO - Running: ['***', 'tasks', 'run', 'cryptocurrency_data_pipeline', 'create_final_table', 'scheduled__2024-01-12T00:00:00+00:00', '--job-id', '99', '--raw', '--subdir', 'DAGS_FOLDER/cryptocurrency_data_pipeline.py', '--cfg-path', '/tmp/tmpmrpr6rx7']
[2024-03-29T08:21:20.439+0000] {standard_task_runner.py:88} INFO - Job 99: Subtask create_final_table
[2024-03-29T08:21:22.275+0000] {logging_mixin.py:188} WARNING - /home/***/.local/lib/python3.8/site-packages/***/settings.py:195 DeprecationWarning: The sql_alchemy_conn option in [core] has been moved to the sql_alchemy_conn option in [database] - the old setting has been used, but please update your config.
[2024-03-29T08:21:25.516+0000] {task_command.py:423} INFO - Running <TaskInstance: cryptocurrency_data_pipeline.create_final_table scheduled__2024-01-12T00:00:00+00:00 [running]> on host 75e340009066
[2024-03-29T08:21:27.770+0000] {taskinstance.py:2481} INFO - Exporting env vars: AIRFLOW_CTX_DAG_EMAIL='dom@dataengineercafe.io' AIRFLOW_CTX_DAG_OWNER='domwatcharin' AIRFLOW_CTX_DAG_ID='cryptocurrency_data_pipeline' AIRFLOW_CTX_TASK_ID='create_final_table' AIRFLOW_CTX_EXECUTION_DATE='2024-01-12T00:00:00+00:00' AIRFLOW_CTX_TRY_NUMBER='1' AIRFLOW_CTX_DAG_RUN_ID='scheduled__2024-01-12T00:00:00+00:00'
[2024-03-29T08:21:27.941+0000] {sql.py:276} INFO - Executing: 
            CREATE TABLE IF NOT EXISTS cryptocurrency (
                timestamp BIGINT PRIMARY KEY,
                open FLOAT,
                highest FLOAT,
                lowest FLOAT,
                closing FLOAT,
                volume FLOAT
            )
        
[2024-03-29T08:21:28.373+0000] {base.py:83} INFO - Using connection ID '***' for task execution.
[2024-03-29T08:21:29.522+0000] {base.py:83} INFO - Using connection ID '***' for task execution.
[2024-03-29T08:21:30.534+0000] {sql.py:432} INFO - Running statement: 
            CREATE TABLE IF NOT EXISTS cryptocurrency (
                timestamp BIGINT PRIMARY KEY,
                open FLOAT,
                highest FLOAT,
                lowest FLOAT,
                closing FLOAT,
                volume FLOAT
            )
        , parameters: None
[2024-03-29T08:21:31.085+0000] {taskinstance.py:1138} INFO - Marking task as SUCCESS. dag_id=cryptocurrency_data_pipeline, task_id=create_final_table, execution_date=20240112T000000, start_date=20240329T082114, end_date=20240329T082131
[2024-03-29T08:21:32.578+0000] {local_task_job_runner.py:234} INFO - Task exited with return code 0
[2024-03-29T08:21:33.207+0000] {taskinstance.py:3281} INFO - 1 downstream tasks scheduled from follow-on schedule check
