[2024-03-29T08:22:04.210+0000] {taskinstance.py:1957} INFO - Dependencies all met for dep_context=non-requeueable deps ti=<TaskInstance: cryptocurrency_data_pipeline.clear_import_table scheduled__2024-01-13T00:00:00+00:00 [queued]>
[2024-03-29T08:22:04.312+0000] {taskinstance.py:1957} INFO - Dependencies all met for dep_context=requeueable deps ti=<TaskInstance: cryptocurrency_data_pipeline.clear_import_table scheduled__2024-01-13T00:00:00+00:00 [queued]>
[2024-03-29T08:22:04.318+0000] {taskinstance.py:2171} INFO - Starting attempt 1 of 1
[2024-03-29T08:22:04.491+0000] {taskinstance.py:2192} INFO - Executing <Task(PostgresOperator): clear_import_table> on 2024-01-13 00:00:00+00:00
[2024-03-29T08:22:04.525+0000] {standard_task_runner.py:60} INFO - Started process 383 to run task
[2024-03-29T08:22:04.578+0000] {standard_task_runner.py:87} INFO - Running: ['***', 'tasks', 'run', 'cryptocurrency_data_pipeline', 'clear_import_table', 'scheduled__2024-01-13T00:00:00+00:00', '--job-id', '113', '--raw', '--subdir', 'DAGS_FOLDER/cryptocurrency_data_pipeline.py', '--cfg-path', '/tmp/tmpimb7mm_0']
[2024-03-29T08:22:04.621+0000] {standard_task_runner.py:88} INFO - Job 113: Subtask clear_import_table
[2024-03-29T08:22:04.761+0000] {logging_mixin.py:188} WARNING - /home/***/.local/lib/python3.8/site-packages/***/settings.py:195 DeprecationWarning: The sql_alchemy_conn option in [core] has been moved to the sql_alchemy_conn option in [database] - the old setting has been used, but please update your config.
[2024-03-29T08:22:05.087+0000] {task_command.py:423} INFO - Running <TaskInstance: cryptocurrency_data_pipeline.clear_import_table scheduled__2024-01-13T00:00:00+00:00 [running]> on host 75e340009066
[2024-03-29T08:22:06.686+0000] {taskinstance.py:2481} INFO - Exporting env vars: AIRFLOW_CTX_DAG_EMAIL='dom@dataengineercafe.io' AIRFLOW_CTX_DAG_OWNER='domwatcharin' AIRFLOW_CTX_DAG_ID='cryptocurrency_data_pipeline' AIRFLOW_CTX_TASK_ID='clear_import_table' AIRFLOW_CTX_EXECUTION_DATE='2024-01-13T00:00:00+00:00' AIRFLOW_CTX_TRY_NUMBER='1' AIRFLOW_CTX_DAG_RUN_ID='scheduled__2024-01-13T00:00:00+00:00'
[2024-03-29T08:22:06.892+0000] {sql.py:276} INFO - Executing: 
            DELETE FROM cryptocurrency_import
        
[2024-03-29T08:22:07.138+0000] {base.py:83} INFO - Using connection ID '***' for task execution.
[2024-03-29T08:22:07.340+0000] {base.py:83} INFO - Using connection ID '***' for task execution.
[2024-03-29T08:22:07.424+0000] {sql.py:432} INFO - Running statement: 
            DELETE FROM cryptocurrency_import
        , parameters: None
[2024-03-29T08:22:07.429+0000] {sql.py:441} INFO - Rows affected: 0
[2024-03-29T08:22:07.667+0000] {taskinstance.py:1138} INFO - Marking task as SUCCESS. dag_id=cryptocurrency_data_pipeline, task_id=clear_import_table, execution_date=20240113T000000, start_date=20240329T082204, end_date=20240329T082207
[2024-03-29T08:22:07.948+0000] {local_task_job_runner.py:234} INFO - Task exited with return code 0
[2024-03-29T08:22:08.323+0000] {taskinstance.py:3281} INFO - 1 downstream tasks scheduled from follow-on schedule check
