[2024-03-28T17:38:46.175+0000] {taskinstance.py:1957} INFO - Dependencies all met for dep_context=non-requeueable deps ti=<TaskInstance: cryptocurrency_data_pipeline.load_data_into_database scheduled__2024-01-12T00:00:00+00:00 [queued]>
[2024-03-28T17:38:46.718+0000] {taskinstance.py:1957} INFO - Dependencies all met for dep_context=requeueable deps ti=<TaskInstance: cryptocurrency_data_pipeline.load_data_into_database scheduled__2024-01-12T00:00:00+00:00 [queued]>
[2024-03-28T17:38:46.733+0000] {taskinstance.py:2171} INFO - Starting attempt 2 of 1
[2024-03-28T17:38:47.939+0000] {taskinstance.py:2192} INFO - Executing <Task(PythonOperator): load_data_into_database> on 2024-01-12 00:00:00+00:00
[2024-03-28T17:38:48.763+0000] {standard_task_runner.py:60} INFO - Started process 309 to run task
[2024-03-28T17:38:49.588+0000] {standard_task_runner.py:87} INFO - Running: ['***', 'tasks', 'run', 'cryptocurrency_data_pipeline', 'load_data_into_database', 'scheduled__2024-01-12T00:00:00+00:00', '--job-id', '85', '--raw', '--subdir', 'DAGS_FOLDER/cryptocurrency_data_pipeline.py', '--cfg-path', '/tmp/tmplus9wuzy']
[2024-03-28T17:38:49.962+0000] {standard_task_runner.py:88} INFO - Job 85: Subtask load_data_into_database
[2024-03-28T17:38:51.233+0000] {logging_mixin.py:188} WARNING - /home/***/.local/lib/python3.8/site-packages/***/settings.py:195 DeprecationWarning: The sql_alchemy_conn option in [core] has been moved to the sql_alchemy_conn option in [database] - the old setting has been used, but please update your config.
[2024-03-28T17:38:57.367+0000] {task_command.py:423} INFO - Running <TaskInstance: cryptocurrency_data_pipeline.load_data_into_database scheduled__2024-01-12T00:00:00+00:00 [running]> on host de9dce8fd105
[2024-03-28T17:39:08.439+0000] {taskinstance.py:2481} INFO - Exporting env vars: AIRFLOW_CTX_DAG_EMAIL='dom@dataengineercafe.io' AIRFLOW_CTX_DAG_OWNER='domwatcharin' AIRFLOW_CTX_DAG_ID='cryptocurrency_data_pipeline' AIRFLOW_CTX_TASK_ID='load_data_into_database' AIRFLOW_CTX_EXECUTION_DATE='2024-01-12T00:00:00+00:00' AIRFLOW_CTX_TRY_NUMBER='2' AIRFLOW_CTX_DAG_RUN_ID='scheduled__2024-01-12T00:00:00+00:00'
[2024-03-28T17:39:08.864+0000] {base.py:83} INFO - Using connection ID '***' for task execution.
[2024-03-28T17:39:11.076+0000] {postgres.py:172} INFO - Running copy expert: 
            COPY
                cryptocurrency_import
            FROM STDIN DELIMITER ',' CSV
        , filename: /tmp/***_tmp_br7bsu6c
[2024-03-28T17:41:56.921+0000] {base.py:83} INFO - Using connection ID '***' for task execution.
[2024-03-28T17:42:00.684+0000] {python.py:201} INFO - Done. Returned value was: None
[2024-03-28T17:42:04.143+0000] {taskinstance.py:1138} INFO - Marking task as SUCCESS. dag_id=cryptocurrency_data_pipeline, task_id=load_data_into_database, execution_date=20240112T000000, start_date=20240328T173846, end_date=20240328T174204
[2024-03-28T17:42:15.515+0000] {local_task_job_runner.py:234} INFO - Task exited with return code 0
[2024-03-28T17:42:29.837+0000] {taskinstance.py:3281} INFO - 1 downstream tasks scheduled from follow-on schedule check
