[2024-03-28T17:13:03.404+0000] {processor.py:161} INFO - Started process (PID=257) to work on /opt/airflow/dags/demo_context.py
[2024-03-28T17:13:03.406+0000] {processor.py:830} INFO - Processing file /opt/airflow/dags/demo_context.py for tasks to queue
[2024-03-28T17:13:03.409+0000] {logging_mixin.py:188} INFO - [2024-03-28T17:13:03.408+0000] {dagbag.py:538} INFO - Filling up the DagBag from /opt/airflow/dags/demo_context.py
[2024-03-28T17:13:03.441+0000] {processor.py:840} INFO - DAG(s) 'demo_context' retrieved from /opt/airflow/dags/demo_context.py
[2024-03-28T17:13:03.894+0000] {logging_mixin.py:188} INFO - [2024-03-28T17:13:03.890+0000] {dag.py:3033} INFO - Sync 1 DAGs
[2024-03-28T17:13:03.934+0000] {logging_mixin.py:188} INFO - [2024-03-28T17:13:03.931+0000] {dag.py:3820} INFO - Setting next_dagrun for demo_context to None, run_after=None
[2024-03-28T17:13:03.989+0000] {processor.py:183} INFO - Processing /opt/airflow/dags/demo_context.py took 0.591 seconds
[2024-03-28T17:15:16.865+0000] {processor.py:161} INFO - Started process (PID=373) to work on /opt/airflow/dags/demo_context.py
[2024-03-28T17:15:17.030+0000] {processor.py:830} INFO - Processing file /opt/airflow/dags/demo_context.py for tasks to queue
[2024-03-28T17:15:17.294+0000] {logging_mixin.py:188} INFO - [2024-03-28T17:15:17.134+0000] {dagbag.py:538} INFO - Filling up the DagBag from /opt/airflow/dags/demo_context.py
[2024-03-28T17:15:22.201+0000] {processor.py:840} INFO - DAG(s) 'demo_context' retrieved from /opt/airflow/dags/demo_context.py
[2024-03-28T17:15:30.587+0000] {logging_mixin.py:188} INFO - [2024-03-28T17:15:30.555+0000] {dag.py:3033} INFO - Sync 1 DAGs
[2024-03-28T17:15:32.814+0000] {logging_mixin.py:188} INFO - [2024-03-28T17:15:32.623+0000] {dag.py:3820} INFO - Setting next_dagrun for demo_context to None, run_after=None
[2024-03-28T17:15:35.322+0000] {processor.py:183} INFO - Processing /opt/airflow/dags/demo_context.py took 20.411 seconds
[2024-03-28T17:17:00.458+0000] {processor.py:161} INFO - Started process (PID=500) to work on /opt/airflow/dags/demo_context.py
[2024-03-28T17:17:00.644+0000] {processor.py:830} INFO - Processing file /opt/airflow/dags/demo_context.py for tasks to queue
[2024-03-28T17:17:01.057+0000] {logging_mixin.py:188} INFO - [2024-03-28T17:17:00.823+0000] {dagbag.py:538} INFO - Filling up the DagBag from /opt/airflow/dags/demo_context.py
[2024-03-28T17:17:09.694+0000] {processor.py:840} INFO - DAG(s) 'demo_context' retrieved from /opt/airflow/dags/demo_context.py
[2024-03-28T17:17:23.543+0000] {logging_mixin.py:188} INFO - [2024-03-28T17:17:22.855+0000] {dag.py:3033} INFO - Sync 1 DAGs
[2024-03-28T17:17:29.717+0000] {logging_mixin.py:188} INFO - [2024-03-28T17:17:29.630+0000] {dag.py:3820} INFO - Setting next_dagrun for demo_context to None, run_after=None
[2024-03-28T17:17:38.495+0000] {processor.py:183} INFO - Processing /opt/airflow/dags/demo_context.py took 39.114 seconds
[2024-03-28T17:29:52.624+0000] {processor.py:161} INFO - Started process (PID=752) to work on /opt/airflow/dags/demo_context.py
[2024-03-28T17:29:52.829+0000] {processor.py:830} INFO - Processing file /opt/airflow/dags/demo_context.py for tasks to queue
[2024-03-28T17:29:53.608+0000] {logging_mixin.py:188} INFO - [2024-03-28T17:29:53.407+0000] {dagbag.py:538} INFO - Filling up the DagBag from /opt/airflow/dags/demo_context.py
[2024-03-28T17:30:14.818+0000] {processor.py:840} INFO - DAG(s) 'demo_context' retrieved from /opt/airflow/dags/demo_context.py
[2024-03-28T17:38:08.818+0000] {processor.py:161} INFO - Started process (PID=253) to work on /opt/airflow/dags/demo_context.py
[2024-03-28T17:38:08.970+0000] {processor.py:830} INFO - Processing file /opt/airflow/dags/demo_context.py for tasks to queue
[2024-03-28T17:38:09.157+0000] {logging_mixin.py:188} INFO - [2024-03-28T17:38:09.055+0000] {dagbag.py:538} INFO - Filling up the DagBag from /opt/airflow/dags/demo_context.py
[2024-03-28T17:38:11.338+0000] {processor.py:840} INFO - DAG(s) 'demo_context' retrieved from /opt/airflow/dags/demo_context.py
[2024-03-28T17:38:19.889+0000] {logging_mixin.py:188} INFO - [2024-03-28T17:38:19.855+0000] {dag.py:3033} INFO - Sync 1 DAGs
[2024-03-28T17:38:20.614+0000] {logging_mixin.py:188} INFO - [2024-03-28T17:38:20.580+0000] {dag.py:3820} INFO - Setting next_dagrun for demo_context to None, run_after=None
[2024-03-28T17:38:22.465+0000] {processor.py:183} INFO - Processing /opt/airflow/dags/demo_context.py took 14.002 seconds
[2024-03-28T17:42:15.794+0000] {processor.py:161} INFO - Started process (PID=427) to work on /opt/airflow/dags/demo_context.py
[2024-03-28T17:42:16.009+0000] {processor.py:830} INFO - Processing file /opt/airflow/dags/demo_context.py for tasks to queue
[2024-03-28T17:42:16.301+0000] {logging_mixin.py:188} INFO - [2024-03-28T17:42:16.116+0000] {dagbag.py:538} INFO - Filling up the DagBag from /opt/airflow/dags/demo_context.py
[2024-03-28T17:42:23.516+0000] {processor.py:840} INFO - DAG(s) 'demo_context' retrieved from /opt/airflow/dags/demo_context.py
[2024-03-28T17:42:45.904+0000] {logging_mixin.py:188} INFO - [2024-03-28T17:42:45.851+0000] {dag.py:3033} INFO - Sync 1 DAGs
[2024-03-28T17:42:50.393+0000] {logging_mixin.py:188} INFO - [2024-03-28T17:42:50.373+0000] {dag.py:3820} INFO - Setting next_dagrun for demo_context to None, run_after=None
[2024-03-28T17:43:03.290+0000] {processor.py:183} INFO - Processing /opt/airflow/dags/demo_context.py took 47.268 seconds
