[2024-03-28T17:13:02.216+0000] {processor.py:161} INFO - Started process (PID=247) to work on /opt/airflow/dags/demo_hooks.py
[2024-03-28T17:13:02.224+0000] {processor.py:830} INFO - Processing file /opt/airflow/dags/demo_hooks.py for tasks to queue
[2024-03-28T17:13:02.247+0000] {logging_mixin.py:188} INFO - [2024-03-28T17:13:02.245+0000] {dagbag.py:538} INFO - Filling up the DagBag from /opt/airflow/dags/demo_hooks.py
[2024-03-28T17:13:02.306+0000] {processor.py:840} INFO - DAG(s) 'demo_hooks' retrieved from /opt/airflow/dags/demo_hooks.py
[2024-03-28T17:13:03.194+0000] {logging_mixin.py:188} INFO - [2024-03-28T17:13:03.191+0000] {dag.py:3033} INFO - Sync 1 DAGs
[2024-03-28T17:13:03.253+0000] {logging_mixin.py:188} INFO - [2024-03-28T17:13:03.252+0000] {dag.py:3820} INFO - Setting next_dagrun for demo_hooks to None, run_after=None
[2024-03-28T17:13:03.327+0000] {processor.py:183} INFO - Processing /opt/airflow/dags/demo_hooks.py took 1.148 seconds
[2024-03-28T17:14:45.725+0000] {processor.py:161} INFO - Started process (PID=343) to work on /opt/airflow/dags/demo_hooks.py
[2024-03-28T17:14:45.867+0000] {processor.py:830} INFO - Processing file /opt/airflow/dags/demo_hooks.py for tasks to queue
[2024-03-28T17:14:46.006+0000] {logging_mixin.py:188} INFO - [2024-03-28T17:14:45.930+0000] {dagbag.py:538} INFO - Filling up the DagBag from /opt/airflow/dags/demo_hooks.py
[2024-03-28T17:14:51.178+0000] {processor.py:840} INFO - DAG(s) 'demo_hooks' retrieved from /opt/airflow/dags/demo_hooks.py
[2024-03-28T17:14:59.413+0000] {logging_mixin.py:188} INFO - [2024-03-28T17:14:59.371+0000] {dag.py:3033} INFO - Sync 1 DAGs
[2024-03-28T17:15:03.672+0000] {logging_mixin.py:188} INFO - [2024-03-28T17:15:03.633+0000] {dag.py:3820} INFO - Setting next_dagrun for demo_hooks to None, run_after=None
[2024-03-28T17:15:05.445+0000] {processor.py:183} INFO - Processing /opt/airflow/dags/demo_hooks.py took 19.977 seconds
[2024-03-28T17:16:42.474+0000] {processor.py:161} INFO - Started process (PID=472) to work on /opt/airflow/dags/demo_hooks.py
[2024-03-28T17:16:42.534+0000] {processor.py:830} INFO - Processing file /opt/airflow/dags/demo_hooks.py for tasks to queue
[2024-03-28T17:16:42.585+0000] {logging_mixin.py:188} INFO - [2024-03-28T17:16:42.566+0000] {dagbag.py:538} INFO - Filling up the DagBag from /opt/airflow/dags/demo_hooks.py
[2024-03-28T17:16:44.089+0000] {processor.py:840} INFO - DAG(s) 'demo_hooks' retrieved from /opt/airflow/dags/demo_hooks.py
[2024-03-28T17:16:45.231+0000] {logging_mixin.py:188} INFO - [2024-03-28T17:16:45.143+0000] {dag.py:3033} INFO - Sync 1 DAGs
[2024-03-28T17:16:46.718+0000] {logging_mixin.py:188} INFO - [2024-03-28T17:16:46.710+0000] {dag.py:3820} INFO - Setting next_dagrun for demo_hooks to None, run_after=None
[2024-03-28T17:16:47.635+0000] {processor.py:183} INFO - Processing /opt/airflow/dags/demo_hooks.py took 5.549 seconds
[2024-03-28T17:23:38.082+0000] {processor.py:161} INFO - Started process (PID=617) to work on /opt/airflow/dags/demo_hooks.py
[2024-03-28T17:23:39.075+0000] {processor.py:830} INFO - Processing file /opt/airflow/dags/demo_hooks.py for tasks to queue
[2024-03-28T17:23:43.684+0000] {logging_mixin.py:188} INFO - [2024-03-28T17:23:43.607+0000] {dagbag.py:538} INFO - Filling up the DagBag from /opt/airflow/dags/demo_hooks.py
[2024-03-28T17:23:53.151+0000] {processor.py:840} INFO - DAG(s) 'demo_hooks' retrieved from /opt/airflow/dags/demo_hooks.py
[2024-03-28T17:24:32.143+0000] {logging_mixin.py:188} INFO - [2024-03-28T17:24:30.487+0000] {dag.py:3033} INFO - Sync 1 DAGs
[2024-03-28T17:38:04.473+0000] {processor.py:161} INFO - Started process (PID=232) to work on /opt/airflow/dags/demo_hooks.py
[2024-03-28T17:38:04.477+0000] {processor.py:830} INFO - Processing file /opt/airflow/dags/demo_hooks.py for tasks to queue
[2024-03-28T17:38:04.488+0000] {logging_mixin.py:188} INFO - [2024-03-28T17:38:04.481+0000] {dagbag.py:538} INFO - Filling up the DagBag from /opt/airflow/dags/demo_hooks.py
[2024-03-28T17:38:04.634+0000] {processor.py:840} INFO - DAG(s) 'demo_hooks' retrieved from /opt/airflow/dags/demo_hooks.py
[2024-03-28T17:38:06.758+0000] {logging_mixin.py:188} INFO - [2024-03-28T17:38:06.753+0000] {dag.py:3033} INFO - Sync 1 DAGs
[2024-03-28T17:38:07.000+0000] {logging_mixin.py:188} INFO - [2024-03-28T17:38:06.994+0000] {dag.py:3820} INFO - Setting next_dagrun for demo_hooks to None, run_after=None
[2024-03-28T17:38:07.373+0000] {processor.py:183} INFO - Processing /opt/airflow/dags/demo_hooks.py took 2.908 seconds
[2024-03-28T17:39:41.938+0000] {processor.py:161} INFO - Started process (PID=349) to work on /opt/airflow/dags/demo_hooks.py
[2024-03-28T17:39:42.114+0000] {processor.py:830} INFO - Processing file /opt/airflow/dags/demo_hooks.py for tasks to queue
[2024-03-28T17:39:42.205+0000] {logging_mixin.py:188} INFO - [2024-03-28T17:39:42.173+0000] {dagbag.py:538} INFO - Filling up the DagBag from /opt/airflow/dags/demo_hooks.py
[2024-03-28T17:39:44.873+0000] {processor.py:840} INFO - DAG(s) 'demo_hooks' retrieved from /opt/airflow/dags/demo_hooks.py
[2024-03-28T17:39:52.457+0000] {logging_mixin.py:188} INFO - [2024-03-28T17:39:52.255+0000] {dag.py:3033} INFO - Sync 1 DAGs
[2024-03-28T17:39:57.458+0000] {logging_mixin.py:188} INFO - [2024-03-28T17:39:57.435+0000] {dag.py:3820} INFO - Setting next_dagrun for demo_hooks to None, run_after=None
[2024-03-28T17:40:05.066+0000] {processor.py:183} INFO - Processing /opt/airflow/dags/demo_hooks.py took 23.484 seconds
