[2024-03-28T17:13:00.894+0000] {processor.py:161} INFO - Started process (PID=234) to work on /opt/airflow/dags/demo_templating.py
[2024-03-28T17:13:00.902+0000] {processor.py:830} INFO - Processing file /opt/airflow/dags/demo_templating.py for tasks to queue
[2024-03-28T17:13:00.909+0000] {logging_mixin.py:188} INFO - [2024-03-28T17:13:00.905+0000] {dagbag.py:538} INFO - Filling up the DagBag from /opt/airflow/dags/demo_templating.py
[2024-03-28T17:13:00.981+0000] {processor.py:840} INFO - DAG(s) 'demo_templating' retrieved from /opt/airflow/dags/demo_templating.py
[2024-03-28T17:13:01.425+0000] {logging_mixin.py:188} INFO - [2024-03-28T17:13:01.424+0000] {dag.py:3033} INFO - Sync 1 DAGs
[2024-03-28T17:13:01.493+0000] {logging_mixin.py:188} INFO - [2024-03-28T17:13:01.492+0000] {dag.py:3820} INFO - Setting next_dagrun for demo_templating to None, run_after=None
[2024-03-28T17:13:01.545+0000] {processor.py:183} INFO - Processing /opt/airflow/dags/demo_templating.py took 0.663 seconds
[2024-03-28T17:14:09.109+0000] {processor.py:161} INFO - Started process (PID=323) to work on /opt/airflow/dags/demo_templating.py
[2024-03-28T17:14:09.341+0000] {processor.py:830} INFO - Processing file /opt/airflow/dags/demo_templating.py for tasks to queue
[2024-03-28T17:14:09.675+0000] {logging_mixin.py:188} INFO - [2024-03-28T17:14:09.433+0000] {dagbag.py:538} INFO - Filling up the DagBag from /opt/airflow/dags/demo_templating.py
[2024-03-28T17:14:19.246+0000] {processor.py:840} INFO - DAG(s) 'demo_templating' retrieved from /opt/airflow/dags/demo_templating.py
[2024-03-28T17:14:26.314+0000] {logging_mixin.py:188} INFO - [2024-03-28T17:14:26.238+0000] {dag.py:3033} INFO - Sync 1 DAGs
[2024-03-28T17:14:33.856+0000] {logging_mixin.py:188} INFO - [2024-03-28T17:14:33.808+0000] {dag.py:3820} INFO - Setting next_dagrun for demo_templating to None, run_after=None
[2024-03-28T17:14:38.090+0000] {processor.py:183} INFO - Processing /opt/airflow/dags/demo_templating.py took 29.902 seconds
[2024-03-28T17:16:22.016+0000] {processor.py:161} INFO - Started process (PID=446) to work on /opt/airflow/dags/demo_templating.py
[2024-03-28T17:16:22.077+0000] {processor.py:830} INFO - Processing file /opt/airflow/dags/demo_templating.py for tasks to queue
[2024-03-28T17:16:22.140+0000] {logging_mixin.py:188} INFO - [2024-03-28T17:16:22.123+0000] {dagbag.py:538} INFO - Filling up the DagBag from /opt/airflow/dags/demo_templating.py
[2024-03-28T17:16:23.186+0000] {processor.py:840} INFO - DAG(s) 'demo_templating' retrieved from /opt/airflow/dags/demo_templating.py
[2024-03-28T17:16:25.927+0000] {logging_mixin.py:188} INFO - [2024-03-28T17:16:25.922+0000] {dag.py:3033} INFO - Sync 1 DAGs
[2024-03-28T17:16:26.113+0000] {logging_mixin.py:188} INFO - [2024-03-28T17:16:26.110+0000] {dag.py:3820} INFO - Setting next_dagrun for demo_templating to None, run_after=None
[2024-03-28T17:16:26.436+0000] {processor.py:183} INFO - Processing /opt/airflow/dags/demo_templating.py took 4.676 seconds
[2024-03-28T17:21:26.034+0000] {processor.py:161} INFO - Started process (PID=558) to work on /opt/airflow/dags/demo_templating.py
[2024-03-28T17:21:26.137+0000] {processor.py:830} INFO - Processing file /opt/airflow/dags/demo_templating.py for tasks to queue
[2024-03-28T17:21:26.377+0000] {logging_mixin.py:188} INFO - [2024-03-28T17:21:26.249+0000] {dagbag.py:538} INFO - Filling up the DagBag from /opt/airflow/dags/demo_templating.py
[2024-03-28T17:21:52.786+0000] {processor.py:840} INFO - DAG(s) 'demo_templating' retrieved from /opt/airflow/dags/demo_templating.py
[2024-03-28T17:26:55.357+0000] {processor.py:161} INFO - Started process (PID=710) to work on /opt/airflow/dags/demo_templating.py
[2024-03-28T17:26:55.853+0000] {processor.py:830} INFO - Processing file /opt/airflow/dags/demo_templating.py for tasks to queue
[2024-03-28T17:26:56.130+0000] {logging_mixin.py:188} INFO - [2024-03-28T17:26:55.968+0000] {dagbag.py:538} INFO - Filling up the DagBag from /opt/airflow/dags/demo_templating.py
[2024-03-28T17:27:00.200+0000] {processor.py:840} INFO - DAG(s) 'demo_templating' retrieved from /opt/airflow/dags/demo_templating.py
[2024-03-28T17:27:51.741+0000] {logging_mixin.py:188} INFO - [2024-03-28T17:27:51.461+0000] {dag.py:3033} INFO - Sync 1 DAGs
[2024-03-28T17:27:54.762+0000] {logging_mixin.py:188} INFO - [2024-03-28T17:27:54.679+0000] {dag.py:3820} INFO - Setting next_dagrun for demo_templating to None, run_after=None
[2024-03-28T17:36:10.015+0000] {processor.py:161} INFO - Started process (PID=865) to work on /opt/airflow/dags/demo_templating.py
[2024-03-28T17:36:13.833+0000] {processor.py:830} INFO - Processing file /opt/airflow/dags/demo_templating.py for tasks to queue
[2024-03-28T17:36:15.133+0000] {logging_mixin.py:188} INFO - [2024-03-28T17:36:14.456+0000] {dagbag.py:538} INFO - Filling up the DagBag from /opt/airflow/dags/demo_templating.py
[2024-03-28T17:38:02.621+0000] {processor.py:161} INFO - Started process (PID=209) to work on /opt/airflow/dags/demo_templating.py
[2024-03-28T17:38:02.623+0000] {processor.py:830} INFO - Processing file /opt/airflow/dags/demo_templating.py for tasks to queue
[2024-03-28T17:38:02.627+0000] {logging_mixin.py:188} INFO - [2024-03-28T17:38:02.626+0000] {dagbag.py:538} INFO - Filling up the DagBag from /opt/airflow/dags/demo_templating.py
[2024-03-28T17:38:02.659+0000] {processor.py:840} INFO - DAG(s) 'demo_templating' retrieved from /opt/airflow/dags/demo_templating.py
[2024-03-28T17:38:03.172+0000] {logging_mixin.py:188} INFO - [2024-03-28T17:38:03.168+0000] {dag.py:3033} INFO - Sync 1 DAGs
[2024-03-28T17:38:03.234+0000] {logging_mixin.py:188} INFO - [2024-03-28T17:38:03.232+0000] {dag.py:3820} INFO - Setting next_dagrun for demo_templating to None, run_after=None
[2024-03-28T17:38:03.379+0000] {processor.py:183} INFO - Processing /opt/airflow/dags/demo_templating.py took 0.766 seconds
[2024-03-28T17:38:58.216+0000] {processor.py:161} INFO - Started process (PID=313) to work on /opt/airflow/dags/demo_templating.py
[2024-03-28T17:38:58.316+0000] {processor.py:830} INFO - Processing file /opt/airflow/dags/demo_templating.py for tasks to queue
[2024-03-28T17:38:58.400+0000] {logging_mixin.py:188} INFO - [2024-03-28T17:38:58.380+0000] {dagbag.py:538} INFO - Filling up the DagBag from /opt/airflow/dags/demo_templating.py
[2024-03-28T17:38:59.118+0000] {processor.py:840} INFO - DAG(s) 'demo_templating' retrieved from /opt/airflow/dags/demo_templating.py
[2024-03-28T17:39:07.444+0000] {logging_mixin.py:188} INFO - [2024-03-28T17:39:07.371+0000] {dag.py:3033} INFO - Sync 1 DAGs
[2024-03-28T17:39:08.186+0000] {logging_mixin.py:188} INFO - [2024-03-28T17:39:08.183+0000] {dag.py:3820} INFO - Setting next_dagrun for demo_templating to None, run_after=None
[2024-03-28T17:39:08.807+0000] {processor.py:183} INFO - Processing /opt/airflow/dags/demo_templating.py took 11.017 seconds
[2024-03-28T17:42:03.013+0000] {processor.py:161} INFO - Started process (PID=414) to work on /opt/airflow/dags/demo_templating.py
[2024-03-28T17:42:03.161+0000] {processor.py:830} INFO - Processing file /opt/airflow/dags/demo_templating.py for tasks to queue
[2024-03-28T17:42:03.389+0000] {logging_mixin.py:188} INFO - [2024-03-28T17:42:03.292+0000] {dagbag.py:538} INFO - Filling up the DagBag from /opt/airflow/dags/demo_templating.py
[2024-03-28T17:42:06.982+0000] {processor.py:840} INFO - DAG(s) 'demo_templating' retrieved from /opt/airflow/dags/demo_templating.py
[2024-03-28T17:42:20.787+0000] {logging_mixin.py:188} INFO - [2024-03-28T17:42:20.347+0000] {dag.py:3033} INFO - Sync 1 DAGs
[2024-03-28T17:42:31.470+0000] {logging_mixin.py:188} INFO - [2024-03-28T17:42:31.188+0000] {dag.py:3820} INFO - Setting next_dagrun for demo_templating to None, run_after=None
[2024-03-28T17:46:13.958+0000] {processor.py:161} INFO - Started process (PID=533) to work on /opt/airflow/dags/demo_templating.py
[2024-03-28T17:46:14.297+0000] {processor.py:830} INFO - Processing file /opt/airflow/dags/demo_templating.py for tasks to queue
[2024-03-28T17:46:14.745+0000] {logging_mixin.py:188} INFO - [2024-03-28T17:46:14.631+0000] {dagbag.py:538} INFO - Filling up the DagBag from /opt/airflow/dags/demo_templating.py
[2024-03-28T17:46:30.982+0000] {processor.py:840} INFO - DAG(s) 'demo_templating' retrieved from /opt/airflow/dags/demo_templating.py
