[2024-03-28T17:13:04.057+0000] {processor.py:161} INFO - Started process (PID=267) to work on /opt/airflow/dags/demo_backfilling.py
[2024-03-28T17:13:04.060+0000] {processor.py:830} INFO - Processing file /opt/airflow/dags/demo_backfilling.py for tasks to queue
[2024-03-28T17:13:04.062+0000] {logging_mixin.py:188} INFO - [2024-03-28T17:13:04.062+0000] {dagbag.py:538} INFO - Filling up the DagBag from /opt/airflow/dags/demo_backfilling.py
[2024-03-28T17:13:04.128+0000] {processor.py:840} INFO - DAG(s) 'demo_backfilling' retrieved from /opt/airflow/dags/demo_backfilling.py
[2024-03-28T17:13:04.513+0000] {logging_mixin.py:188} INFO - [2024-03-28T17:13:04.513+0000] {dag.py:3033} INFO - Sync 1 DAGs
[2024-03-28T17:13:04.580+0000] {logging_mixin.py:188} INFO - [2024-03-28T17:13:04.579+0000] {dag.py:3820} INFO - Setting next_dagrun for demo_backfilling to 2024-03-27T00:00:00+00:00, run_after=2024-03-28T00:00:00+00:00
[2024-03-28T17:13:04.639+0000] {processor.py:183} INFO - Processing /opt/airflow/dags/demo_backfilling.py took 0.591 seconds
[2024-03-28T17:15:41.921+0000] {processor.py:161} INFO - Started process (PID=392) to work on /opt/airflow/dags/demo_backfilling.py
[2024-03-28T17:15:42.044+0000] {processor.py:830} INFO - Processing file /opt/airflow/dags/demo_backfilling.py for tasks to queue
[2024-03-28T17:15:42.136+0000] {logging_mixin.py:188} INFO - [2024-03-28T17:15:42.088+0000] {dagbag.py:538} INFO - Filling up the DagBag from /opt/airflow/dags/demo_backfilling.py
[2024-03-28T17:15:44.448+0000] {processor.py:840} INFO - DAG(s) 'demo_backfilling' retrieved from /opt/airflow/dags/demo_backfilling.py
[2024-03-28T17:15:48.357+0000] {logging_mixin.py:188} INFO - [2024-03-28T17:15:48.149+0000] {dag.py:3033} INFO - Sync 1 DAGs
[2024-03-28T17:15:52.876+0000] {logging_mixin.py:188} INFO - [2024-03-28T17:15:52.703+0000] {dag.py:3820} INFO - Setting next_dagrun for demo_backfilling to 2024-03-27T00:00:00+00:00, run_after=2024-03-28T00:00:00+00:00
[2024-03-28T17:15:55.442+0000] {processor.py:183} INFO - Processing /opt/airflow/dags/demo_backfilling.py took 13.548 seconds
[2024-03-28T17:18:18.161+0000] {processor.py:161} INFO - Started process (PID=525) to work on /opt/airflow/dags/demo_backfilling.py
[2024-03-28T17:18:18.617+0000] {processor.py:830} INFO - Processing file /opt/airflow/dags/demo_backfilling.py for tasks to queue
[2024-03-28T17:18:19.210+0000] {logging_mixin.py:188} INFO - [2024-03-28T17:18:18.773+0000] {dagbag.py:538} INFO - Filling up the DagBag from /opt/airflow/dags/demo_backfilling.py
[2024-03-28T17:18:34.213+0000] {processor.py:840} INFO - DAG(s) 'demo_backfilling' retrieved from /opt/airflow/dags/demo_backfilling.py
[2024-03-28T17:18:45.403+0000] {logging_mixin.py:188} INFO - [2024-03-28T17:18:45.351+0000] {dag.py:3033} INFO - Sync 1 DAGs
[2024-03-28T17:32:05.938+0000] {processor.py:161} INFO - Started process (PID=798) to work on /opt/airflow/dags/demo_backfilling.py
[2024-03-28T17:32:07.240+0000] {processor.py:830} INFO - Processing file /opt/airflow/dags/demo_backfilling.py for tasks to queue
[2024-03-28T17:32:08.789+0000] {logging_mixin.py:188} INFO - [2024-03-28T17:32:08.392+0000] {dagbag.py:538} INFO - Filling up the DagBag from /opt/airflow/dags/demo_backfilling.py
[2024-03-28T17:32:51.832+0000] {logging_mixin.py:188} INFO - [2024-03-28T17:32:50.043+0000] {timeout.py:68} ERROR - Process timed out, PID: 798
[2024-03-28T17:38:24.691+0000] {processor.py:161} INFO - Started process (PID=264) to work on /opt/airflow/dags/demo_backfilling.py
[2024-03-28T17:38:24.725+0000] {processor.py:830} INFO - Processing file /opt/airflow/dags/demo_backfilling.py for tasks to queue
[2024-03-28T17:38:24.837+0000] {logging_mixin.py:188} INFO - [2024-03-28T17:38:24.793+0000] {dagbag.py:538} INFO - Filling up the DagBag from /opt/airflow/dags/demo_backfilling.py
[2024-03-28T17:38:26.172+0000] {processor.py:840} INFO - DAG(s) 'demo_backfilling' retrieved from /opt/airflow/dags/demo_backfilling.py
[2024-03-28T17:38:34.149+0000] {logging_mixin.py:188} INFO - [2024-03-28T17:38:34.088+0000] {dag.py:3033} INFO - Sync 1 DAGs
[2024-03-28T17:38:36.071+0000] {logging_mixin.py:188} INFO - [2024-03-28T17:38:36.025+0000] {dag.py:3820} INFO - Setting next_dagrun for demo_backfilling to 2024-03-27T00:00:00+00:00, run_after=2024-03-28T00:00:00+00:00
[2024-03-28T17:38:37.025+0000] {processor.py:183} INFO - Processing /opt/airflow/dags/demo_backfilling.py took 12.460 seconds
[2024-03-28T17:43:33.720+0000] {processor.py:161} INFO - Started process (PID=461) to work on /opt/airflow/dags/demo_backfilling.py
[2024-03-28T17:43:34.013+0000] {processor.py:830} INFO - Processing file /opt/airflow/dags/demo_backfilling.py for tasks to queue
[2024-03-28T17:43:34.060+0000] {logging_mixin.py:188} INFO - [2024-03-28T17:43:34.044+0000] {dagbag.py:538} INFO - Filling up the DagBag from /opt/airflow/dags/demo_backfilling.py
[2024-03-28T17:43:50.863+0000] {processor.py:840} INFO - DAG(s) 'demo_backfilling' retrieved from /opt/airflow/dags/demo_backfilling.py
[2024-03-28T17:44:09.168+0000] {logging_mixin.py:188} INFO - [2024-03-28T17:44:08.535+0000] {dag.py:3033} INFO - Sync 1 DAGs
