[2024-03-28T17:12:59.209+0000] {processor.py:161} INFO - Started process (PID=224) to work on /opt/airflow/dags/demo_variables.py
[2024-03-28T17:12:59.213+0000] {processor.py:830} INFO - Processing file /opt/airflow/dags/demo_variables.py for tasks to queue
[2024-03-28T17:12:59.225+0000] {logging_mixin.py:188} INFO - [2024-03-28T17:12:59.220+0000] {dagbag.py:538} INFO - Filling up the DagBag from /opt/airflow/dags/demo_variables.py
[2024-03-28T17:12:59.411+0000] {processor.py:840} INFO - DAG(s) 'demo_variables' retrieved from /opt/airflow/dags/demo_variables.py
[2024-03-28T17:13:00.479+0000] {logging_mixin.py:188} INFO - [2024-03-28T17:13:00.477+0000] {dag.py:3033} INFO - Sync 1 DAGs
[2024-03-28T17:13:00.542+0000] {logging_mixin.py:188} INFO - [2024-03-28T17:13:00.541+0000] {dag.py:3820} INFO - Setting next_dagrun for demo_variables to None, run_after=None
[2024-03-28T17:13:00.675+0000] {processor.py:183} INFO - Processing /opt/airflow/dags/demo_variables.py took 1.511 seconds
[2024-03-28T17:13:43.431+0000] {processor.py:161} INFO - Started process (PID=303) to work on /opt/airflow/dags/demo_variables.py
[2024-03-28T17:13:43.800+0000] {processor.py:830} INFO - Processing file /opt/airflow/dags/demo_variables.py for tasks to queue
[2024-03-28T17:13:44.191+0000] {logging_mixin.py:188} INFO - [2024-03-28T17:13:43.995+0000] {dagbag.py:538} INFO - Filling up the DagBag from /opt/airflow/dags/demo_variables.py
[2024-03-28T17:13:45.561+0000] {processor.py:840} INFO - DAG(s) 'demo_variables' retrieved from /opt/airflow/dags/demo_variables.py
[2024-03-28T17:13:51.417+0000] {logging_mixin.py:188} INFO - [2024-03-28T17:13:51.316+0000] {dag.py:3033} INFO - Sync 1 DAGs
[2024-03-28T17:13:53.628+0000] {logging_mixin.py:188} INFO - [2024-03-28T17:13:53.410+0000] {dag.py:3820} INFO - Setting next_dagrun for demo_variables to None, run_after=None
[2024-03-28T17:14:00.267+0000] {processor.py:183} INFO - Processing /opt/airflow/dags/demo_variables.py took 17.570 seconds
[2024-03-28T17:16:11.831+0000] {processor.py:161} INFO - Started process (PID=429) to work on /opt/airflow/dags/demo_variables.py
[2024-03-28T17:16:11.953+0000] {processor.py:830} INFO - Processing file /opt/airflow/dags/demo_variables.py for tasks to queue
[2024-03-28T17:16:12.045+0000] {logging_mixin.py:188} INFO - [2024-03-28T17:16:11.996+0000] {dagbag.py:538} INFO - Filling up the DagBag from /opt/airflow/dags/demo_variables.py
[2024-03-28T17:16:12.851+0000] {processor.py:840} INFO - DAG(s) 'demo_variables' retrieved from /opt/airflow/dags/demo_variables.py
[2024-03-28T17:16:14.486+0000] {logging_mixin.py:188} INFO - [2024-03-28T17:16:14.413+0000] {dag.py:3033} INFO - Sync 1 DAGs
[2024-03-28T17:16:17.317+0000] {logging_mixin.py:188} INFO - [2024-03-28T17:16:17.311+0000] {dag.py:3820} INFO - Setting next_dagrun for demo_variables to None, run_after=None
[2024-03-28T17:16:19.399+0000] {processor.py:183} INFO - Processing /opt/airflow/dags/demo_variables.py took 7.710 seconds
[2024-03-28T17:19:46.593+0000] {processor.py:161} INFO - Started process (PID=546) to work on /opt/airflow/dags/demo_variables.py
[2024-03-28T17:19:47.235+0000] {processor.py:830} INFO - Processing file /opt/airflow/dags/demo_variables.py for tasks to queue
[2024-03-28T17:19:49.336+0000] {logging_mixin.py:188} INFO - [2024-03-28T17:19:47.775+0000] {dagbag.py:538} INFO - Filling up the DagBag from /opt/airflow/dags/demo_variables.py
[2024-03-28T17:20:31.034+0000] {processor.py:840} INFO - DAG(s) 'demo_variables' retrieved from /opt/airflow/dags/demo_variables.py
[2024-03-28T17:25:56.156+0000] {processor.py:161} INFO - Started process (PID=667) to work on /opt/airflow/dags/demo_variables.py
[2024-03-28T17:25:56.383+0000] {processor.py:830} INFO - Processing file /opt/airflow/dags/demo_variables.py for tasks to queue
[2024-03-28T17:25:57.910+0000] {logging_mixin.py:188} INFO - [2024-03-28T17:25:57.436+0000] {dagbag.py:538} INFO - Filling up the DagBag from /opt/airflow/dags/demo_variables.py
[2024-03-28T17:26:02.059+0000] {processor.py:840} INFO - DAG(s) 'demo_variables' retrieved from /opt/airflow/dags/demo_variables.py
[2024-03-28T17:35:07.789+0000] {processor.py:161} INFO - Started process (PID=850) to work on /opt/airflow/dags/demo_variables.py
[2024-03-28T17:35:08.035+0000] {processor.py:830} INFO - Processing file /opt/airflow/dags/demo_variables.py for tasks to queue
[2024-03-28T17:35:09.356+0000] {logging_mixin.py:188} INFO - [2024-03-28T17:35:08.609+0000] {dagbag.py:538} INFO - Filling up the DagBag from /opt/airflow/dags/demo_variables.py
[2024-03-28T17:35:41.642+0000] {processor.py:840} INFO - DAG(s) 'demo_variables' retrieved from /opt/airflow/dags/demo_variables.py
[2024-03-28T17:38:01.925+0000] {processor.py:161} INFO - Started process (PID=204) to work on /opt/airflow/dags/demo_variables.py
[2024-03-28T17:38:01.927+0000] {processor.py:830} INFO - Processing file /opt/airflow/dags/demo_variables.py for tasks to queue
[2024-03-28T17:38:01.933+0000] {logging_mixin.py:188} INFO - [2024-03-28T17:38:01.931+0000] {dagbag.py:538} INFO - Filling up the DagBag from /opt/airflow/dags/demo_variables.py
[2024-03-28T17:38:01.982+0000] {processor.py:840} INFO - DAG(s) 'demo_variables' retrieved from /opt/airflow/dags/demo_variables.py
[2024-03-28T17:38:02.424+0000] {logging_mixin.py:188} INFO - [2024-03-28T17:38:02.422+0000] {dag.py:3033} INFO - Sync 1 DAGs
[2024-03-28T17:38:02.462+0000] {logging_mixin.py:188} INFO - [2024-03-28T17:38:02.461+0000] {dag.py:3820} INFO - Setting next_dagrun for demo_variables to None, run_after=None
[2024-03-28T17:38:02.525+0000] {processor.py:183} INFO - Processing /opt/airflow/dags/demo_variables.py took 0.606 seconds
[2024-03-28T17:38:46.167+0000] {processor.py:161} INFO - Started process (PID=289) to work on /opt/airflow/dags/demo_variables.py
[2024-03-28T17:38:46.251+0000] {processor.py:830} INFO - Processing file /opt/airflow/dags/demo_variables.py for tasks to queue
[2024-03-28T17:38:46.350+0000] {logging_mixin.py:188} INFO - [2024-03-28T17:38:46.327+0000] {dagbag.py:538} INFO - Filling up the DagBag from /opt/airflow/dags/demo_variables.py
[2024-03-28T17:38:47.235+0000] {processor.py:840} INFO - DAG(s) 'demo_variables' retrieved from /opt/airflow/dags/demo_variables.py
[2024-03-28T17:38:52.519+0000] {logging_mixin.py:188} INFO - [2024-03-28T17:38:52.326+0000] {dag.py:3033} INFO - Sync 1 DAGs
[2024-03-28T17:38:54.692+0000] {logging_mixin.py:188} INFO - [2024-03-28T17:38:54.514+0000] {dag.py:3820} INFO - Setting next_dagrun for demo_variables to None, run_after=None
[2024-03-28T17:38:56.217+0000] {processor.py:183} INFO - Processing /opt/airflow/dags/demo_variables.py took 10.215 seconds
[2024-03-28T17:41:29.333+0000] {processor.py:161} INFO - Started process (PID=400) to work on /opt/airflow/dags/demo_variables.py
[2024-03-28T17:41:29.854+0000] {processor.py:830} INFO - Processing file /opt/airflow/dags/demo_variables.py for tasks to queue
[2024-03-28T17:41:30.208+0000] {logging_mixin.py:188} INFO - [2024-03-28T17:41:30.116+0000] {dagbag.py:538} INFO - Filling up the DagBag from /opt/airflow/dags/demo_variables.py
[2024-03-28T17:41:33.659+0000] {processor.py:840} INFO - DAG(s) 'demo_variables' retrieved from /opt/airflow/dags/demo_variables.py
[2024-03-28T17:41:40.258+0000] {logging_mixin.py:188} INFO - [2024-03-28T17:41:40.158+0000] {dag.py:3033} INFO - Sync 1 DAGs
[2024-03-28T17:41:43.178+0000] {logging_mixin.py:188} INFO - [2024-03-28T17:41:43.118+0000] {dag.py:3820} INFO - Setting next_dagrun for demo_variables to None, run_after=None
[2024-03-28T17:41:55.059+0000] {processor.py:183} INFO - Processing /opt/airflow/dags/demo_variables.py took 26.741 seconds
[2024-03-28T17:45:47.637+0000] {processor.py:161} INFO - Started process (PID=519) to work on /opt/airflow/dags/demo_variables.py
[2024-03-28T17:45:47.912+0000] {processor.py:830} INFO - Processing file /opt/airflow/dags/demo_variables.py for tasks to queue
[2024-03-28T17:45:53.015+0000] {logging_mixin.py:188} INFO - [2024-03-28T17:45:51.226+0000] {dagbag.py:538} INFO - Filling up the DagBag from /opt/airflow/dags/demo_variables.py
[2024-03-28T17:46:05.256+0000] {processor.py:840} INFO - DAG(s) 'demo_variables' retrieved from /opt/airflow/dags/demo_variables.py
[2024-03-28T17:46:13.007+0000] {logging_mixin.py:188} INFO - [2024-03-28T17:46:12.996+0000] {dag.py:3033} INFO - Sync 1 DAGs
[2024-03-28T17:46:36.578+0000] {logging_mixin.py:188} INFO - [2024-03-28T17:46:36.347+0000] {dag.py:3820} INFO - Setting next_dagrun for demo_variables to None, run_after=None
