[2024-03-28T17:38:46.290+0000] {taskinstance.py:1957} INFO - Dependencies all met for dep_context=non-requeueable deps ti=<TaskInstance: cryptocurrency_data_pipeline.load_data_into_database scheduled__2024-01-02T00:00:00+00:00 [queued]>
[2024-03-28T17:38:46.465+0000] {taskinstance.py:1957} INFO - Dependencies all met for dep_context=requeueable deps ti=<TaskInstance: cryptocurrency_data_pipeline.load_data_into_database scheduled__2024-01-02T00:00:00+00:00 [queued]>
[2024-03-28T17:38:46.476+0000] {taskinstance.py:2171} INFO - Starting attempt 2 of 1
[2024-03-28T17:38:46.974+0000] {taskinstance.py:2192} INFO - Executing <Task(PythonOperator): load_data_into_database> on 2024-01-02 00:00:00+00:00
[2024-03-28T17:38:47.265+0000] {standard_task_runner.py:60} INFO - Started process 304 to run task
[2024-03-28T17:38:47.802+0000] {standard_task_runner.py:87} INFO - Running: ['***', 'tasks', 'run', 'cryptocurrency_data_pipeline', 'load_data_into_database', 'scheduled__2024-01-02T00:00:00+00:00', '--job-id', '86', '--raw', '--subdir', 'DAGS_FOLDER/cryptocurrency_data_pipeline.py', '--cfg-path', '/tmp/tmpw3nsf5oz']
[2024-03-28T17:38:47.932+0000] {standard_task_runner.py:88} INFO - Job 86: Subtask load_data_into_database
[2024-03-28T17:38:50.403+0000] {logging_mixin.py:188} WARNING - /home/***/.local/lib/python3.8/site-packages/***/settings.py:195 DeprecationWarning: The sql_alchemy_conn option in [core] has been moved to the sql_alchemy_conn option in [database] - the old setting has been used, but please update your config.
[2024-03-28T17:38:56.134+0000] {task_command.py:423} INFO - Running <TaskInstance: cryptocurrency_data_pipeline.load_data_into_database scheduled__2024-01-02T00:00:00+00:00 [running]> on host de9dce8fd105
[2024-03-28T17:38:58.758+0000] {taskinstance.py:2481} INFO - Exporting env vars: AIRFLOW_CTX_DAG_EMAIL='dom@dataengineercafe.io' AIRFLOW_CTX_DAG_OWNER='domwatcharin' AIRFLOW_CTX_DAG_ID='cryptocurrency_data_pipeline' AIRFLOW_CTX_TASK_ID='load_data_into_database' AIRFLOW_CTX_EXECUTION_DATE='2024-01-02T00:00:00+00:00' AIRFLOW_CTX_TRY_NUMBER='2' AIRFLOW_CTX_DAG_RUN_ID='scheduled__2024-01-02T00:00:00+00:00'
[2024-03-28T17:38:59.012+0000] {base.py:83} INFO - Using connection ID '***' for task execution.
[2024-03-28T17:39:01.106+0000] {postgres.py:172} INFO - Running copy expert: 
            COPY
                cryptocurrency_import
            FROM STDIN DELIMITER ',' CSV
        , filename: /tmp/***_tmp_nf45gsqw
[2024-03-28T17:39:04.629+0000] {base.py:83} INFO - Using connection ID '***' for task execution.
[2024-03-28T17:39:05.308+0000] {python.py:201} INFO - Done. Returned value was: None
[2024-03-28T17:41:43.519+0000] {taskinstance.py:1138} INFO - Marking task as SUCCESS. dag_id=cryptocurrency_data_pipeline, task_id=load_data_into_database, execution_date=20240102T000000, start_date=20240328T173846, end_date=20240328T174143
[2024-03-28T17:41:55.317+0000] {local_task_job_runner.py:234} INFO - Task exited with return code 0
[2024-03-28T17:42:09.380+0000] {taskinstance.py:3281} INFO - 1 downstream tasks scheduled from follow-on schedule check
